**********************
PowerShell transcript start
Start time: 20241018125621
Username: AzureAD\DavidSegura
RunAs User: AzureAD\DavidSegura
Configuration Name: 
Machine: HPFIREFLY16P (Microsoft Windows NT 10.0.26100.0)
Host Application: C:\Program Files\PowerShell\7\pwsh.dll
Process ID: 28232
PSVersion: 7.4.5
PSEdition: Core
GitCommitId: 7.4.5
OS: Microsoft Windows 10.0.26100
Platform: Win32NT
PSCompatibleVersions: 1.0, 2.0, 3.0, 4.0, 5.0, 5.1, 6.0, 7.0
PSRemotingProtocolVersion: 2.3
SerializationVersion: 1.1.0.1
WSManStackVersion: 3.0
**********************
Transcript started, output file is C:\Temp\SurfaceStudio2\Build.log
DriverPack: C:\DATA\Surface\SurfaceStudio2_Win11_22621_24.093.36095.0.msi
Removed Content:
SurfaceStudio2\SurfaceUpdate\8897bt
SurfaceStudio2\SurfaceUpdate\8897bt\mbtr8897w81x64.inf
SurfaceStudio2\SurfaceUpdate\8897bt\mbtr97w81x64.cat
SurfaceStudio2\SurfaceUpdate\8897wlan
SurfaceStudio2\SurfaceUpdate\8897wlan\mrvlpcie8897.cat
SurfaceStudio2\SurfaceUpdate\8897wlan\mrvlpcie8897.cat_09-17-2021-07-47_swati.kushwaha@nxp.com
SurfaceStudio2\SurfaceUpdate\8897wlan\mrvlpcie8897.inf
SurfaceStudio2\SurfaceUpdate\8897wlan\mrvlpcie8897.sys
SurfaceStudio2\SurfaceUpdate\AudioDetectionDriver
SurfaceStudio2\SurfaceUpdate\AudioDetectionDriver\detectionverificationdrv.cat
SurfaceStudio2\SurfaceUpdate\AudioDetectionDriver\DetectionVerificationDrv.dll
SurfaceStudio2\SurfaceUpdate\AudioDetectionDriver\DetectionVerificationDrv.inf
SurfaceStudio2\SurfaceUpdate\AudioDetectionDriver\IntcAudioBus.sys
SurfaceStudio2\SurfaceUpdate\AudioDetectionDriver\IntcDMic.sys
SurfaceStudio2\SurfaceUpdate\AudioDetectionDriver\IntcOED.sys
SurfaceStudio2\SurfaceUpdate\AudioDetectionDriver\IntelSSTPreprocStreamer.dll
SurfaceStudio2\SurfaceUpdate\AudioDetectionDriver\IntelWovSDK.dll
SurfaceStudio2\SurfaceUpdate\AudioDetectionDriver\MultiChannelWoV.dll
SurfaceStudio2\SurfaceUpdate\AudioDetectionDriver\MultichannelWovCfg.dll
SurfaceStudio2\SurfaceUpdate\AudioSST
SurfaceStudio2\SurfaceUpdate\AudioSST\AS
SurfaceStudio2\SurfaceUpdate\AudioSST\AS\Communication DLLs
SurfaceStudio2\SurfaceUpdate\AudioSST\AS\Communication DLLs\IntelAudioDll_x64.not_dll
SurfaceStudio2\SurfaceUpdate\AudioSST\AS\Communication DLLs\IntelWovSetupDll_x64.not_dll
SurfaceStudio2\SurfaceUpdate\AudioSST\AS\IAS
SurfaceStudio2\SurfaceUpdate\AudioSST\AS\IAS\Cfg
SurfaceStudio2\SurfaceUpdate\AudioSST\AS\IAS\Cfg\aecs_asr_str_def_1ch_in.tf
SurfaceStudio2\SurfaceUpdate\AudioSST\AS\IAS\Cfg\aecs_asr_str_def_2ch_in.tf
SurfaceStudio2\SurfaceUpdate\AudioSST\AS\IAS\Cfg\aecs_asr_str_def_4ch_in.tf
SurfaceStudio2\SurfaceUpdate\AudioSST\AS\IAS\Cfg\aecs_wov_str_def_1ch_in.tf
SurfaceStudio2\SurfaceUpdate\AudioSST\AS\IAS\Cfg\aecs_wov_str_def_2ch_in.tf
SurfaceStudio2\SurfaceUpdate\AudioSST\AS\IAS\Cfg\aecs_wov_str_def_4ch_in.tf
SurfaceStudio2\SurfaceUpdate\AudioSST\AS\IAS\Cfg\DefaultConfigs.xml
SurfaceStudio2\SurfaceUpdate\AudioSST\AS\IAS\ControlModule.not_dll
SurfaceStudio2\SurfaceUpdate\AudioSST\AS\IAS\DetectionVerificationDrv.not_dll
SurfaceStudio2\SurfaceUpdate\AudioSST\AS\IAS\IntelAudioService.exe.config
SurfaceStudio2\SurfaceUpdate\AudioSST\AS\IAS\IntelAudioService.not_exe
SurfaceStudio2\SurfaceUpdate\AudioSST\AS\IAS\IntelAudioService.tlb
SurfaceStudio2\SurfaceUpdate\AudioSST\AS\IAS\IntelSSTPreprocStreamer.not_dll
SurfaceStudio2\SurfaceUpdate\AudioSST\AS\IAS\ModelsControllerLib.not_dll
SurfaceStudio2\SurfaceUpdate\AudioSST\AS\IAS\Windows.winmd
SurfaceStudio2\SurfaceUpdate\AudioSST\AS\IAS\Windows.xml
SurfaceStudio2\SurfaceUpdate\AudioSST\AS\IAS\WppLoggerDll.not_dll
SurfaceStudio2\SurfaceUpdate\AudioSST\FW
SurfaceStudio2\SurfaceUpdate\AudioSST\FW\fw.bin
SurfaceStudio2\SurfaceUpdate\AudioSST\FW\fw_7CAD0808-AB10-CD23-EF45-12AB34CD56EF.bin
SurfaceStudio2\SurfaceUpdate\AudioSST\FW\lib_cpath.bin
SurfaceStudio2\SurfaceUpdate\AudioSST\FW\lib_cpath_46CB87FB-D2C9-4970-96D2-6D7E614BB605.bin
SurfaceStudio2\SurfaceUpdate\AudioSST\FW\lib_dolby.bin
SurfaceStudio2\SurfaceUpdate\AudioSST\FW\lib_dolby_E0E018A8-3550-4B54-A8D0-A8E05D0FCBA2.bin
SurfaceStudio2\SurfaceUpdate\AudioSST\FW\lib_dolby_ll.bin
SurfaceStudio2\SurfaceUpdate\AudioSST\FW\lib_dolby_ll_849F0D73-1678-4D57-8C78-61C548253993.bin
SurfaceStudio2\SurfaceUpdate\AudioSST\FW\lib_dsm_core.bin
SurfaceStudio2\SurfaceUpdate\AudioSST\FW\lib_dsm_core_C75061F3-F2B2-4DCC-8F9F-82ABB4131E66.bin
SurfaceStudio2\SurfaceUpdate\AudioSST\FW\lib_dts.bin
SurfaceStudio2\SurfaceUpdate\AudioSST\FW\lib_dts_E1284052-8664-4FE4-A353-3878F72704C3.bin
SurfaceStudio2\SurfaceUpdate\AudioSST\FW\lib_fm.bin
SurfaceStudio2\SurfaceUpdate\AudioSST\FW\lib_fm_B3573EFF-6441-4A75-91F7-4281EEC4597D.bin
SurfaceStudio2\SurfaceUpdate\AudioSST\FW\lib_int_sst.bin
SurfaceStudio2\SurfaceUpdate\AudioSST\FW\lib_int_sst_7C708106-3AFF-40FE-88BE-8C999B3F7445.bin
SurfaceStudio2\SurfaceUpdate\AudioSST\FW\lib_int_wov.bin
SurfaceStudio2\SurfaceUpdate\AudioSST\FW\lib_int_wov_EC774FA9-28D3-424A-90E4-69F984F1EEB7.bin
SurfaceStudio2\SurfaceUpdate\AudioSST\FW\lib_smartamp.bin
SurfaceStudio2\SurfaceUpdate\AudioSST\FW\lib_smartamp_2C093145-5895-4699-9DDB-6FEFDC77E85D.bin
SurfaceStudio2\SurfaceUpdate\AudioSST\FW\lib_waves.bin
SurfaceStudio2\SurfaceUpdate\AudioSST\FW\lib_waves_B489C2DE-0F96-42E1-8A2D-C25B5091EE49.bin
SurfaceStudio2\SurfaceUpdate\AudioSST\WoVartifacts
SurfaceStudio2\SurfaceUpdate\AudioSST\WoVartifacts\Echo
SurfaceStudio2\SurfaceUpdate\AudioSST\WoVartifacts\Echo\m
SurfaceStudio2\SurfaceUpdate\AudioSST\WoVartifacts\Echo\m\de-DE
SurfaceStudio2\SurfaceUpdate\AudioSST\WoVartifacts\Echo\m\de-DE\echo_de-DE_ex.amp
SurfaceStudio2\SurfaceUpdate\AudioSST\WoVartifacts\Echo\m\de-DE\echo_de-DE_ex.dsp
SurfaceStudio2\SurfaceUpdate\AudioSST\WoVartifacts\Echo\m\de-DE\echo_de-DE_ex.eth
SurfaceStudio2\SurfaceUpdate\AudioSST\WoVartifacts\Echo\m\de-DE\echo_de-DE_ex.nrm
SurfaceStudio2\SurfaceUpdate\AudioSST\WoVartifacts\Echo\m\de-DE\echo_de-DE_ex.phm
SurfaceStudio2\SurfaceUpdate\AudioSST\WoVartifacts\Echo\m\de-DE\echo_de-DE_ex.th
SurfaceStudio2\SurfaceUpdate\AudioSST\WoVartifacts\Echo\m\de-DE\echo_de-DE_hq.amp
SurfaceStudio2\SurfaceUpdate\AudioSST\WoVartifacts\Echo\m\de-DE\echo_de-DE_hq.dsp
SurfaceStudio2\SurfaceUpdate\AudioSST\WoVartifacts\Echo\m\de-DE\echo_de-DE_hq.nrm
SurfaceStudio2\SurfaceUpdate\AudioSST\WoVartifacts\Echo\m\de-DE\echo_de-DE_hq.phm
SurfaceStudio2\SurfaceUpdate\AudioSST\WoVartifacts\Echo\m\de-DE\echo_de-DE_hq.th
SurfaceStudio2\SurfaceUpdate\AudioSST\WoVartifacts\Echo\m\en-GB
SurfaceStudio2\SurfaceUpdate\AudioSST\WoVartifacts\Echo\m\en-GB\echo_en-GB_ex.amp
SurfaceStudio2\SurfaceUpdate\AudioSST\WoVartifacts\Echo\m\en-GB\echo_en-GB_ex.dsp
SurfaceStudio2\SurfaceUpdate\AudioSST\WoVartifacts\Echo\m\en-GB\echo_en-GB_ex.eth
SurfaceStudio2\SurfaceUpdate\AudioSST\WoVartifacts\Echo\m\en-GB\echo_en-GB_ex.nrm
SurfaceStudio2\SurfaceUpdate\AudioSST\WoVartifacts\Echo\m\en-GB\echo_en-GB_ex.phm
SurfaceStudio2\SurfaceUpdate\AudioSST\WoVartifacts\Echo\m\en-GB\echo_en-GB_ex.th
SurfaceStudio2\SurfaceUpdate\AudioSST\WoVartifacts\Echo\m\en-GB\echo_en-GB_hq.amp
SurfaceStudio2\SurfaceUpdate\AudioSST\WoVartifacts\Echo\m\en-GB\echo_en-GB_hq.dsp
SurfaceStudio2\SurfaceUpdate\AudioSST\WoVartifacts\Echo\m\en-GB\echo_en-GB_hq.nrm
SurfaceStudio2\SurfaceUpdate\AudioSST\WoVartifacts\Echo\m\en-GB\echo_en-GB_hq.phm
SurfaceStudio2\SurfaceUpdate\AudioSST\WoVartifacts\Echo\m\en-GB\echo_en-GB_hq.th
SurfaceStudio2\SurfaceUpdate\AudioSST\WoVartifacts\Echo\m\en-US
SurfaceStudio2\SurfaceUpdate\AudioSST\WoVartifacts\Echo\m\en-US\echo_en-US_ex.amp
SurfaceStudio2\SurfaceUpdate\AudioSST\WoVartifacts\Echo\m\en-US\echo_en-US_ex.dsp
SurfaceStudio2\SurfaceUpdate\AudioSST\WoVartifacts\Echo\m\en-US\echo_en-US_ex.eth
SurfaceStudio2\SurfaceUpdate\AudioSST\WoVartifacts\Echo\m\en-US\echo_en-US_ex.nrm
SurfaceStudio2\SurfaceUpdate\AudioSST\WoVartifacts\Echo\m\en-US\echo_en-US_ex.phm
SurfaceStudio2\SurfaceUpdate\AudioSST\WoVartifacts\Echo\m\en-US\echo_en-US_ex.th
SurfaceStudio2\SurfaceUpdate\AudioSST\WoVartifacts\Echo\m\en-US\echo_en-US_hq.amp
SurfaceStudio2\SurfaceUpdate\AudioSST\WoVartifacts\Echo\m\en-US\echo_en-US_hq.dsp
SurfaceStudio2\SurfaceUpdate\AudioSST\WoVartifacts\Echo\m\en-US\echo_en-US_hq.nrm
SurfaceStudio2\SurfaceUpdate\AudioSST\WoVartifacts\Echo\m\en-US\echo_en-US_hq.phm
SurfaceStudio2\SurfaceUpdate\AudioSST\WoVartifacts\Echo\m\en-US\echo_en-US_hq.th
SurfaceStudio2\SurfaceUpdate\AudioSST\WoVartifacts\Echo\m\cohort_echo.bin
SurfaceStudio2\SurfaceUpdate\AudioSST\WoVartifacts\Echo\m\cohort_echo.th
SurfaceStudio2\SurfaceUpdate\AudioSST\WoVartifacts\Echo\echo_constraints.conf
SurfaceStudio2\SurfaceUpdate\AudioSST\WoVartifacts\HwKws
SurfaceStudio2\SurfaceUpdate\AudioSST\WoVartifacts\HwKws\m
SurfaceStudio2\SurfaceUpdate\AudioSST\WoVartifacts\HwKws\m\de-DE
SurfaceStudio2\SurfaceUpdate\AudioSST\WoVartifacts\HwKws\m\de-DE\cortana_de-DE_hq.amp
SurfaceStudio2\SurfaceUpdate\AudioSST\WoVartifacts\HwKws\m\de-DE\cortana_de-DE_hq.dsp
SurfaceStudio2\SurfaceUpdate\AudioSST\WoVartifacts\HwKws\m\de-DE\cortana_de-DE_hq.nrm
SurfaceStudio2\SurfaceUpdate\AudioSST\WoVartifacts\HwKws\m\de-DE\cortana_de-DE_hq.phm
SurfaceStudio2\SurfaceUpdate\AudioSST\WoVartifacts\HwKws\m\de-DE\cortana_de-DE_hq.th
SurfaceStudio2\SurfaceUpdate\AudioSST\WoVartifacts\HwKws\m\de-DE\cortana_de-DE_hq.uth
SurfaceStudio2\SurfaceUpdate\AudioSST\WoVartifacts\HwKws\m\en-AU
SurfaceStudio2\SurfaceUpdate\AudioSST\WoVartifacts\HwKws\m\en-AU\cortana_en-AU_hq.amp
SurfaceStudio2\SurfaceUpdate\AudioSST\WoVartifacts\HwKws\m\en-AU\cortana_en-AU_hq.dsp
SurfaceStudio2\SurfaceUpdate\AudioSST\WoVartifacts\HwKws\m\en-AU\cortana_en-AU_hq.nrm
SurfaceStudio2\SurfaceUpdate\AudioSST\WoVartifacts\HwKws\m\en-AU\cortana_en-AU_hq.phm
SurfaceStudio2\SurfaceUpdate\AudioSST\WoVartifacts\HwKws\m\en-AU\cortana_en-AU_hq.th
SurfaceStudio2\SurfaceUpdate\AudioSST\WoVartifacts\HwKws\m\en-AU\cortana_en-AU_hq.uth
SurfaceStudio2\SurfaceUpdate\AudioSST\WoVartifacts\HwKws\m\en-CA
SurfaceStudio2\SurfaceUpdate\AudioSST\WoVartifacts\HwKws\m\en-CA\cortana_en-CA_hq.amp
SurfaceStudio2\SurfaceUpdate\AudioSST\WoVartifacts\HwKws\m\en-CA\cortana_en-CA_hq.dsp
SurfaceStudio2\SurfaceUpdate\AudioSST\WoVartifacts\HwKws\m\en-CA\cortana_en-CA_hq.nrm
SurfaceStudio2\SurfaceUpdate\AudioSST\WoVartifacts\HwKws\m\en-CA\cortana_en-CA_hq.phm
SurfaceStudio2\SurfaceUpdate\AudioSST\WoVartifacts\HwKws\m\en-CA\cortana_en-CA_hq.th
SurfaceStudio2\SurfaceUpdate\AudioSST\WoVartifacts\HwKws\m\en-CA\cortana_en-CA_hq.uth
SurfaceStudio2\SurfaceUpdate\AudioSST\WoVartifacts\HwKws\m\en-GB
SurfaceStudio2\SurfaceUpdate\AudioSST\WoVartifacts\HwKws\m\en-GB\cortana_en-GB_hq.amp
SurfaceStudio2\SurfaceUpdate\AudioSST\WoVartifacts\HwKws\m\en-GB\cortana_en-GB_hq.dsp
SurfaceStudio2\SurfaceUpdate\AudioSST\WoVartifacts\HwKws\m\en-GB\cortana_en-GB_hq.nrm
SurfaceStudio2\SurfaceUpdate\AudioSST\WoVartifacts\HwKws\m\en-GB\cortana_en-GB_hq.phm
SurfaceStudio2\SurfaceUpdate\AudioSST\WoVartifacts\HwKws\m\en-GB\cortana_en-GB_hq.th
SurfaceStudio2\SurfaceUpdate\AudioSST\WoVartifacts\HwKws\m\en-GB\cortana_en-GB_hq.uth
SurfaceStudio2\SurfaceUpdate\AudioSST\WoVartifacts\HwKws\m\en-IN
SurfaceStudio2\SurfaceUpdate\AudioSST\WoVartifacts\HwKws\m\en-IN\cortana_en-IN_hq.amp
SurfaceStudio2\SurfaceUpdate\AudioSST\WoVartifacts\HwKws\m\en-IN\cortana_en-IN_hq.dsp
SurfaceStudio2\SurfaceUpdate\AudioSST\WoVartifacts\HwKws\m\en-IN\cortana_en-IN_hq.nrm
SurfaceStudio2\SurfaceUpdate\AudioSST\WoVartifacts\HwKws\m\en-IN\cortana_en-IN_hq.phm
SurfaceStudio2\SurfaceUpdate\AudioSST\WoVartifacts\HwKws\m\en-IN\cortana_en-IN_hq.th
SurfaceStudio2\SurfaceUpdate\AudioSST\WoVartifacts\HwKws\m\en-IN\cortana_en-IN_hq.uth
SurfaceStudio2\SurfaceUpdate\AudioSST\WoVartifacts\HwKws\m\en-US
SurfaceStudio2\SurfaceUpdate\AudioSST\WoVartifacts\HwKws\m\en-US\cortana_en-US_hq.amp
SurfaceStudio2\SurfaceUpdate\AudioSST\WoVartifacts\HwKws\m\en-US\cortana_en-US_hq.dsp
SurfaceStudio2\SurfaceUpdate\AudioSST\WoVartifacts\HwKws\m\en-US\cortana_en-US_hq.nrm
SurfaceStudio2\SurfaceUpdate\AudioSST\WoVartifacts\HwKws\m\en-US\cortana_en-US_hq.phm
SurfaceStudio2\SurfaceUpdate\AudioSST\WoVartifacts\HwKws\m\en-US\cortana_en-US_hq.th
SurfaceStudio2\SurfaceUpdate\AudioSST\WoVartifacts\HwKws\m\en-US\cortana_en-US_hq.uth
SurfaceStudio2\SurfaceUpdate\AudioSST\WoVartifacts\HwKws\m\es-ES
SurfaceStudio2\SurfaceUpdate\AudioSST\WoVartifacts\HwKws\m\es-ES\cortana_es-ES_hq.amp
SurfaceStudio2\SurfaceUpdate\AudioSST\WoVartifacts\HwKws\m\es-ES\cortana_es-ES_hq.dsp
SurfaceStudio2\SurfaceUpdate\AudioSST\WoVartifacts\HwKws\m\es-ES\cortana_es-ES_hq.nrm
SurfaceStudio2\SurfaceUpdate\AudioSST\WoVartifacts\HwKws\m\es-ES\cortana_es-ES_hq.phm
SurfaceStudio2\SurfaceUpdate\AudioSST\WoVartifacts\HwKws\m\es-ES\cortana_es-ES_hq.th
SurfaceStudio2\SurfaceUpdate\AudioSST\WoVartifacts\HwKws\m\es-ES\cortana_es-ES_hq.uth
SurfaceStudio2\SurfaceUpdate\AudioSST\WoVartifacts\HwKws\m\es-MX
SurfaceStudio2\SurfaceUpdate\AudioSST\WoVartifacts\HwKws\m\es-MX\cortana_es-MX_hq.amp
SurfaceStudio2\SurfaceUpdate\AudioSST\WoVartifacts\HwKws\m\es-MX\cortana_es-MX_hq.dsp
SurfaceStudio2\SurfaceUpdate\AudioSST\WoVartifacts\HwKws\m\es-MX\cortana_es-MX_hq.nrm
SurfaceStudio2\SurfaceUpdate\AudioSST\WoVartifacts\HwKws\m\es-MX\cortana_es-MX_hq.phm
SurfaceStudio2\SurfaceUpdate\AudioSST\WoVartifacts\HwKws\m\es-MX\cortana_es-MX_hq.th
SurfaceStudio2\SurfaceUpdate\AudioSST\WoVartifacts\HwKws\m\es-MX\cortana_es-MX_hq.uth
SurfaceStudio2\SurfaceUpdate\AudioSST\WoVartifacts\HwKws\m\fr-CA
SurfaceStudio2\SurfaceUpdate\AudioSST\WoVartifacts\HwKws\m\fr-CA\cortana_fr-CA_hq.amp
SurfaceStudio2\SurfaceUpdate\AudioSST\WoVartifacts\HwKws\m\fr-CA\cortana_fr-CA_hq.dsp
SurfaceStudio2\SurfaceUpdate\AudioSST\WoVartifacts\HwKws\m\fr-CA\cortana_fr-CA_hq.nrm
SurfaceStudio2\SurfaceUpdate\AudioSST\WoVartifacts\HwKws\m\fr-CA\cortana_fr-CA_hq.phm
SurfaceStudio2\SurfaceUpdate\AudioSST\WoVartifacts\HwKws\m\fr-CA\cortana_fr-CA_hq.th
SurfaceStudio2\SurfaceUpdate\AudioSST\WoVartifacts\HwKws\m\fr-CA\cortana_fr-CA_hq.uth
SurfaceStudio2\SurfaceUpdate\AudioSST\WoVartifacts\HwKws\m\fr-FR
SurfaceStudio2\SurfaceUpdate\AudioSST\WoVartifacts\HwKws\m\fr-FR\cortana_fr-FR_hq.amp
SurfaceStudio2\SurfaceUpdate\AudioSST\WoVartifacts\HwKws\m\fr-FR\cortana_fr-FR_hq.dsp
SurfaceStudio2\SurfaceUpdate\AudioSST\WoVartifacts\HwKws\m\fr-FR\cortana_fr-FR_hq.nrm
SurfaceStudio2\SurfaceUpdate\AudioSST\WoVartifacts\HwKws\m\fr-FR\cortana_fr-FR_hq.phm
SurfaceStudio2\SurfaceUpdate\AudioSST\WoVartifacts\HwKws\m\fr-FR\cortana_fr-FR_hq.th
SurfaceStudio2\SurfaceUpdate\AudioSST\WoVartifacts\HwKws\m\fr-FR\cortana_fr-FR_hq.uth
SurfaceStudio2\SurfaceUpdate\AudioSST\WoVartifacts\HwKws\m\it-IT
SurfaceStudio2\SurfaceUpdate\AudioSST\WoVartifacts\HwKws\m\it-IT\cortana_it-IT_hq.amp
SurfaceStudio2\SurfaceUpdate\AudioSST\WoVartifacts\HwKws\m\it-IT\cortana_it-IT_hq.dsp
SurfaceStudio2\SurfaceUpdate\AudioSST\WoVartifacts\HwKws\m\it-IT\cortana_it-IT_hq.nrm
SurfaceStudio2\SurfaceUpdate\AudioSST\WoVartifacts\HwKws\m\it-IT\cortana_it-IT_hq.phm
SurfaceStudio2\SurfaceUpdate\AudioSST\WoVartifacts\HwKws\m\it-IT\cortana_it-IT_hq.th
SurfaceStudio2\SurfaceUpdate\AudioSST\WoVartifacts\HwKws\m\it-IT\cortana_it-IT_hq.uth
SurfaceStudio2\SurfaceUpdate\AudioSST\WoVartifacts\HwKws\m\ja-JP
SurfaceStudio2\SurfaceUpdate\AudioSST\WoVartifacts\HwKws\m\ja-JP\cortana_ja-JP_hq.amp
SurfaceStudio2\SurfaceUpdate\AudioSST\WoVartifacts\HwKws\m\ja-JP\cortana_ja-JP_hq.dsp
SurfaceStudio2\SurfaceUpdate\AudioSST\WoVartifacts\HwKws\m\ja-JP\cortana_ja-JP_hq.nrm
SurfaceStudio2\SurfaceUpdate\AudioSST\WoVartifacts\HwKws\m\ja-JP\cortana_ja-JP_hq.phm
SurfaceStudio2\SurfaceUpdate\AudioSST\WoVartifacts\HwKws\m\ja-JP\cortana_ja-JP_hq.th
SurfaceStudio2\SurfaceUpdate\AudioSST\WoVartifacts\HwKws\m\ja-JP\cortana_ja-JP_hq.uth
SurfaceStudio2\SurfaceUpdate\AudioSST\WoVartifacts\HwKws\m\pt-BR
SurfaceStudio2\SurfaceUpdate\AudioSST\WoVartifacts\HwKws\m\pt-BR\cortana_pt-BR_hq.amp
SurfaceStudio2\SurfaceUpdate\AudioSST\WoVartifacts\HwKws\m\pt-BR\cortana_pt-BR_hq.dsp
SurfaceStudio2\SurfaceUpdate\AudioSST\WoVartifacts\HwKws\m\pt-BR\cortana_pt-BR_hq.nrm
SurfaceStudio2\SurfaceUpdate\AudioSST\WoVartifacts\HwKws\m\pt-BR\cortana_pt-BR_hq.phm
SurfaceStudio2\SurfaceUpdate\AudioSST\WoVartifacts\HwKws\m\pt-BR\cortana_pt-BR_hq.th
SurfaceStudio2\SurfaceUpdate\AudioSST\WoVartifacts\HwKws\m\pt-BR\cortana_pt-BR_hq.uth
SurfaceStudio2\SurfaceUpdate\AudioSST\WoVartifacts\HwKws\m\zh-CN
SurfaceStudio2\SurfaceUpdate\AudioSST\WoVartifacts\HwKws\m\zh-CN\cortana_zh-CN_hq.amp
SurfaceStudio2\SurfaceUpdate\AudioSST\WoVartifacts\HwKws\m\zh-CN\cortana_zh-CN_hq.dsp
SurfaceStudio2\SurfaceUpdate\AudioSST\WoVartifacts\HwKws\m\zh-CN\cortana_zh-CN_hq.nrm
SurfaceStudio2\SurfaceUpdate\AudioSST\WoVartifacts\HwKws\m\zh-CN\cortana_zh-CN_hq.phm
SurfaceStudio2\SurfaceUpdate\AudioSST\WoVartifacts\HwKws\m\zh-CN\cortana_zh-CN_hq.th
SurfaceStudio2\SurfaceUpdate\AudioSST\WoVartifacts\HwKws\m\zh-CN\cortana_zh-CN_hq.uth
SurfaceStudio2\SurfaceUpdate\AudioSST\WoVartifacts\HwKws\cortana_constraints.conf
SurfaceStudio2\SurfaceUpdate\AudioSST\WoVartifacts\HwKws\IntelHwKws.config
SurfaceStudio2\SurfaceUpdate\AudioSST\WoVartifacts\HwKws\IntelHwKws.not_dll
SurfaceStudio2\SurfaceUpdate\AudioSST\WoVartifacts\HwKws\IntelHwKwsImpl.not_dll
SurfaceStudio2\SurfaceUpdate\AudioSST\WoVartifacts\HwKws\IntelWovSDK_MTUWP.not_dll
SurfaceStudio2\SurfaceUpdate\AudioSST\WoVartifacts\HwKws\ReleaseNotes.txt
SurfaceStudio2\SurfaceUpdate\AudioSST\WoVartifacts\Service
SurfaceStudio2\SurfaceUpdate\AudioSST\WoVartifacts\Service\IntelWovSDK_S.not_dll
SurfaceStudio2\SurfaceUpdate\AudioSST\WoVartifacts\Service\MultichannelWoVCfg_S.not_dll
SurfaceStudio2\SurfaceUpdate\AudioSST\WoVartifacts\Service\MultiChannelWoV_S.not_dll
SurfaceStudio2\SurfaceUpdate\AudioSST\WoVartifacts\sid
SurfaceStudio2\SurfaceUpdate\AudioSST\WoVartifacts\sid\ubm.bin
SurfaceStudio2\SurfaceUpdate\AudioSST\WoVartifacts\Yoga
SurfaceStudio2\SurfaceUpdate\AudioSST\WoVartifacts\Yoga\m
SurfaceStudio2\SurfaceUpdate\AudioSST\WoVartifacts\Yoga\m\zh-CN
SurfaceStudio2\SurfaceUpdate\AudioSST\WoVartifacts\Yoga\m\zh-CN\yoga_zh-CN_ex.amp
SurfaceStudio2\SurfaceUpdate\AudioSST\WoVartifacts\Yoga\m\zh-CN\yoga_zh-CN_ex.eth
SurfaceStudio2\SurfaceUpdate\AudioSST\WoVartifacts\Yoga\m\zh-CN\yoga_zh-CN_ex.nrm
SurfaceStudio2\SurfaceUpdate\AudioSST\WoVartifacts\Yoga\m\zh-CN\yoga_zh-CN_ex.phm
SurfaceStudio2\SurfaceUpdate\AudioSST\WoVartifacts\Yoga\m\zh-CN\yoga_zh-CN_ex.th
SurfaceStudio2\SurfaceUpdate\AudioSST\WoVartifacts\Yoga\m\zh-CN\yoga_zh-CN_hq.amp
SurfaceStudio2\SurfaceUpdate\AudioSST\WoVartifacts\Yoga\m\zh-CN\yoga_zh-CN_hq.dsp
SurfaceStudio2\SurfaceUpdate\AudioSST\WoVartifacts\Yoga\m\zh-CN\yoga_zh-CN_hq.nrm
SurfaceStudio2\SurfaceUpdate\AudioSST\WoVartifacts\Yoga\m\zh-CN\yoga_zh-CN_hq.phm
SurfaceStudio2\SurfaceUpdate\AudioSST\WoVartifacts\Yoga\m\zh-CN\yoga_zh-CN_hq.th
SurfaceStudio2\SurfaceUpdate\AudioSST\WoVartifacts\Yoga\yoga_constraints.conf
SurfaceStudio2\SurfaceUpdate\AudioSST\DetectionVerificationDrv.dll
SurfaceStudio2\SurfaceUpdate\AudioSST\IntcAudioBus.sys
SurfaceStudio2\SurfaceUpdate\AudioSST\IntcDMic.sys
SurfaceStudio2\SurfaceUpdate\AudioSST\intcoed.cat
SurfaceStudio2\SurfaceUpdate\AudioSST\IntcOED.inf
SurfaceStudio2\SurfaceUpdate\AudioSST\IntcOED.sys
SurfaceStudio2\SurfaceUpdate\AudioSST\IntelSSTPreprocStreamer.dll
SurfaceStudio2\SurfaceUpdate\AudioSST\IntelWovSDK.dll
SurfaceStudio2\SurfaceUpdate\AudioSST\MultiChannelWoV.dll
SurfaceStudio2\SurfaceUpdate\AudioSST\MultichannelWovCfg.dll
SurfaceStudio2\SurfaceUpdate\AudioSSTBus
SurfaceStudio2\SurfaceUpdate\AudioSSTBus\DetectionVerificationDrv.dll
SurfaceStudio2\SurfaceUpdate\AudioSSTBus\intcaudiobus.cat
SurfaceStudio2\SurfaceUpdate\AudioSSTBus\IntcAudioBus.inf
SurfaceStudio2\SurfaceUpdate\AudioSSTBus\IntcAudioBus.sys
SurfaceStudio2\SurfaceUpdate\AudioSSTBus\IntcDMic.sys
SurfaceStudio2\SurfaceUpdate\AudioSSTBus\IntcOED.sys
SurfaceStudio2\SurfaceUpdate\AudioSSTBus\IntelSSTPreprocStreamer.dll
SurfaceStudio2\SurfaceUpdate\AudioSSTBus\IntelWovSDK.dll
SurfaceStudio2\SurfaceUpdate\AudioSSTBus\MultiChannelWoV.dll
SurfaceStudio2\SurfaceUpdate\AudioSSTBus\MultichannelWovCfg.dll
SurfaceStudio2\SurfaceUpdate\capabilitylicensingsvcclient
SurfaceStudio2\SurfaceUpdate\capabilitylicensingsvcclient\conf
SurfaceStudio2\SurfaceUpdate\capabilitylicensingsvcclient\conf\cacert.pem
SurfaceStudio2\SurfaceUpdate\capabilitylicensingsvcclient\conf\epid2_paramcert.dat
SurfaceStudio2\SurfaceUpdate\capabilitylicensingsvcclient\conf\EPIDGroupCertLegacy.cer
SurfaceStudio2\SurfaceUpdate\capabilitylicensingsvcclient\conf\EPIDGroupCertX509.cer
SurfaceStudio2\SurfaceUpdate\capabilitylicensingsvcclient\conf\epid_paramcert.dat
SurfaceStudio2\SurfaceUpdate\capabilitylicensingsvcclient\conf\iclsProxy.conf
SurfaceStudio2\SurfaceUpdate\capabilitylicensingsvcclient\Documents
SurfaceStudio2\SurfaceUpdate\capabilitylicensingsvcclient\Documents\development_tools.txt
SurfaceStudio2\SurfaceUpdate\capabilitylicensingsvcclient\Documents\License.txt
SurfaceStudio2\SurfaceUpdate\capabilitylicensingsvcclient\Documents\Readme.txt
SurfaceStudio2\SurfaceUpdate\capabilitylicensingsvcclient\Documents\redist.txt
SurfaceStudio2\SurfaceUpdate\capabilitylicensingsvcclient\Documents\Third Party Licenses.txt
SurfaceStudio2\SurfaceUpdate\capabilitylicensingsvcclient\lib
SurfaceStudio2\SurfaceUpdate\capabilitylicensingsvcclient\lib\concrt140.dll
SurfaceStudio2\SurfaceUpdate\capabilitylicensingsvcclient\lib\iclsClient.dll
SurfaceStudio2\SurfaceUpdate\capabilitylicensingsvcclient\lib\iclsClientInternal.dll
SurfaceStudio2\SurfaceUpdate\capabilitylicensingsvcclient\lib\iclsProxy.dll
SurfaceStudio2\SurfaceUpdate\capabilitylicensingsvcclient\lib\iclsProxyInternal.dll
SurfaceStudio2\SurfaceUpdate\capabilitylicensingsvcclient\lib\IntelPTTEKRecertification.exe
SurfaceStudio2\SurfaceUpdate\capabilitylicensingsvcclient\lib\libcrypto-3-x64.dll
SurfaceStudio2\SurfaceUpdate\capabilitylicensingsvcclient\lib\libssl-3-x64.dll
SurfaceStudio2\SurfaceUpdate\capabilitylicensingsvcclient\lib\msvcp140.dll
SurfaceStudio2\SurfaceUpdate\capabilitylicensingsvcclient\lib\PlatformLicenseManagerService.exe
SurfaceStudio2\SurfaceUpdate\capabilitylicensingsvcclient\lib\TPMProvisioningService.exe
SurfaceStudio2\SurfaceUpdate\capabilitylicensingsvcclient\lib\vcruntime140.dll
SurfaceStudio2\SurfaceUpdate\capabilitylicensingsvcclient\lib\vcruntime140_1.dll
SurfaceStudio2\SurfaceUpdate\capabilitylicensingsvcclient\lib32
SurfaceStudio2\SurfaceUpdate\capabilitylicensingsvcclient\lib32\concrt140.dll
SurfaceStudio2\SurfaceUpdate\capabilitylicensingsvcclient\lib32\iclsClient.dll
SurfaceStudio2\SurfaceUpdate\capabilitylicensingsvcclient\lib32\iclsClientInternal.dll
SurfaceStudio2\SurfaceUpdate\capabilitylicensingsvcclient\lib32\iclsProxy.dll
SurfaceStudio2\SurfaceUpdate\capabilitylicensingsvcclient\lib32\iclsProxyInternal.dll
SurfaceStudio2\SurfaceUpdate\capabilitylicensingsvcclient\lib32\IntelPTTEKRecertification.exe
SurfaceStudio2\SurfaceUpdate\capabilitylicensingsvcclient\lib32\libcrypto-3.dll
SurfaceStudio2\SurfaceUpdate\capabilitylicensingsvcclient\lib32\libssl-3.dll
SurfaceStudio2\SurfaceUpdate\capabilitylicensingsvcclient\lib32\msvcp140.dll
SurfaceStudio2\SurfaceUpdate\capabilitylicensingsvcclient\lib32\TPMProvisioningService.exe
SurfaceStudio2\SurfaceUpdate\capabilitylicensingsvcclient\lib32\vcruntime140.dll
SurfaceStudio2\SurfaceUpdate\capabilitylicensingsvcclient\iclsClient.cat
SurfaceStudio2\SurfaceUpdate\capabilitylicensingsvcclient\iclsClient.inf
SurfaceStudio2\SurfaceUpdate\devicestelemetryservicedriver
SurfaceStudio2\SurfaceUpdate\devicestelemetryservicedriver\AppLauncher.exe
SurfaceStudio2\SurfaceUpdate\devicestelemetryservicedriver\DevicesTelemetryService.exe
SurfaceStudio2\SurfaceUpdate\devicestelemetryservicedriver\DevicesTelemetryServiceDriver.cat
SurfaceStudio2\SurfaceUpdate\devicestelemetryservicedriver\DevicesTelemetryServiceDriver.inf
SurfaceStudio2\SurfaceUpdate\DPTF
SurfaceStudio2\SurfaceUpdate\DPTF\Dptf.dll
SurfaceStudio2\SurfaceUpdate\DPTF\DptfPolicyActive.dll
SurfaceStudio2\SurfaceUpdate\DPTF\DptfPolicyActive2.dll
SurfaceStudio2\SurfaceUpdate\DPTF\DptfPolicyAdaptivePerformance.dll
SurfaceStudio2\SurfaceUpdate\DPTF\DptfPolicyConfigTdp.dll
SurfaceStudio2\SurfaceUpdate\DPTF\DptfPolicyCritical.dll
SurfaceStudio2\SurfaceUpdate\DPTF\DptfPolicyEmergencyCallMode.dll
SurfaceStudio2\SurfaceUpdate\DPTF\DptfPolicyPassive.dll
SurfaceStudio2\SurfaceUpdate\DPTF\DptfPolicyPassive2.dll
SurfaceStudio2\SurfaceUpdate\DPTF\DptfPolicyPid.dll
SurfaceStudio2\SurfaceUpdate\DPTF\DptfPolicyPowerBoss.dll
SurfaceStudio2\SurfaceUpdate\DPTF\DptfPolicyPowerShare.dll
SurfaceStudio2\SurfaceUpdate\DPTF\DptfPolicyRfim.dll
SurfaceStudio2\SurfaceUpdate\DPTF\DptfPolicyVirtualSensor.dll
SurfaceStudio2\SurfaceUpdate\DPTF\dptf_acpi.cat
SurfaceStudio2\SurfaceUpdate\DPTF\dptf_acpi.inf
SurfaceStudio2\SurfaceUpdate\DPTF\dptf_acpi.sys
SurfaceStudio2\SurfaceUpdate\DPTF\dptf_cpu.sys
SurfaceStudio2\SurfaceUpdate\DPTF\dptf_helper.exe
SurfaceStudio2\SurfaceUpdate\DPTF\dsp.dv
SurfaceStudio2\SurfaceUpdate\DPTF\esif_cmp.dll
SurfaceStudio2\SurfaceUpdate\DPTF\esif_lf.sys
SurfaceStudio2\SurfaceUpdate\DPTF\esif_uf.exe
SurfaceStudio2\SurfaceUpdate\DPTF\esif_umdf2.dll
SurfaceStudio2\SurfaceUpdate\DPTF\esif_ws.dll
SurfaceStudio2\SurfaceUpdate\DPTF\upe_battery.dll
SurfaceStudio2\SurfaceUpdate\DPTF\upe_nvme.dll
SurfaceStudio2\SurfaceUpdate\DPTF\upe_wifi.dll
SurfaceStudio2\SurfaceUpdate\DPTFCPU
SurfaceStudio2\SurfaceUpdate\DPTFCPU\Dptf.dll
SurfaceStudio2\SurfaceUpdate\DPTFCPU\DptfPolicyActive.dll
SurfaceStudio2\SurfaceUpdate\DPTFCPU\DptfPolicyActive2.dll
SurfaceStudio2\SurfaceUpdate\DPTFCPU\DptfPolicyAdaptivePerformance.dll
SurfaceStudio2\SurfaceUpdate\DPTFCPU\DptfPolicyConfigTdp.dll
SurfaceStudio2\SurfaceUpdate\DPTFCPU\DptfPolicyCritical.dll
SurfaceStudio2\SurfaceUpdate\DPTFCPU\DptfPolicyEmergencyCallMode.dll
SurfaceStudio2\SurfaceUpdate\DPTFCPU\DptfPolicyPassive.dll
SurfaceStudio2\SurfaceUpdate\DPTFCPU\DptfPolicyPassive2.dll
SurfaceStudio2\SurfaceUpdate\DPTFCPU\DptfPolicyPid.dll
SurfaceStudio2\SurfaceUpdate\DPTFCPU\DptfPolicyPowerBoss.dll
SurfaceStudio2\SurfaceUpdate\DPTFCPU\DptfPolicyPowerShare.dll
SurfaceStudio2\SurfaceUpdate\DPTFCPU\DptfPolicyRfim.dll
SurfaceStudio2\SurfaceUpdate\DPTFCPU\DptfPolicyVirtualSensor.dll
SurfaceStudio2\SurfaceUpdate\DPTFCPU\dptf_acpi.sys
SurfaceStudio2\SurfaceUpdate\DPTFCPU\dptf_cpu.cat
SurfaceStudio2\SurfaceUpdate\DPTFCPU\dptf_cpu.inf
SurfaceStudio2\SurfaceUpdate\DPTFCPU\dptf_cpu.sys
SurfaceStudio2\SurfaceUpdate\DPTFCPU\dptf_helper.exe
SurfaceStudio2\SurfaceUpdate\DPTFCPU\dsp.dv
SurfaceStudio2\SurfaceUpdate\DPTFCPU\esif_cmp.dll
SurfaceStudio2\SurfaceUpdate\DPTFCPU\esif_lf.sys
SurfaceStudio2\SurfaceUpdate\DPTFCPU\esif_uf.exe
SurfaceStudio2\SurfaceUpdate\DPTFCPU\esif_umdf2.dll
SurfaceStudio2\SurfaceUpdate\DPTFCPU\esif_ws.dll
SurfaceStudio2\SurfaceUpdate\DPTFCPU\upe_battery.dll
SurfaceStudio2\SurfaceUpdate\DPTFCPU\upe_nvme.dll
SurfaceStudio2\SurfaceUpdate\DPTFCPU\upe_wifi.dll
SurfaceStudio2\SurfaceUpdate\GigE64
SurfaceStudio2\SurfaceUpdate\GigE64\e1d65x64.cat
SurfaceStudio2\SurfaceUpdate\GigE64\e1d65x64.din
SurfaceStudio2\SurfaceUpdate\GigE64\e1d65x64.DVL.XML
SurfaceStudio2\SurfaceUpdate\GigE64\e1d65x64.inf
SurfaceStudio2\SurfaceUpdate\GigE64\e1d65x64.sys
SurfaceStudio2\SurfaceUpdate\GigE64\e1dmsg.dll
SurfaceStudio2\SurfaceUpdate\hdxsstm
SurfaceStudio2\SurfaceUpdate\hdxsstm\kdFiles
SurfaceStudio2\SurfaceUpdate\hdxsstm\kdFiles\td1_de-de.dat
SurfaceStudio2\SurfaceUpdate\hdxsstm\kdFiles\td1_en-au.dat
SurfaceStudio2\SurfaceUpdate\hdxsstm\kdFiles\td1_en-ca.dat
SurfaceStudio2\SurfaceUpdate\hdxsstm\kdFiles\td1_en-gb.dat
SurfaceStudio2\SurfaceUpdate\hdxsstm\kdFiles\td1_en-in.dat
SurfaceStudio2\SurfaceUpdate\hdxsstm\kdFiles\td1_en-us.dat
SurfaceStudio2\SurfaceUpdate\hdxsstm\kdFiles\td1_es-es.dat
SurfaceStudio2\SurfaceUpdate\hdxsstm\kdFiles\td1_es-mx.dat
SurfaceStudio2\SurfaceUpdate\hdxsstm\kdFiles\td1_fr-ca.dat
SurfaceStudio2\SurfaceUpdate\hdxsstm\kdFiles\td1_fr-fr.dat
SurfaceStudio2\SurfaceUpdate\hdxsstm\kdFiles\td1_it-it.dat
SurfaceStudio2\SurfaceUpdate\hdxsstm\kdFiles\td1_ja-jp.dat
SurfaceStudio2\SurfaceUpdate\hdxsstm\kdFiles\td1_pt-br.dat
SurfaceStudio2\SurfaceUpdate\hdxsstm\kdFiles\td1_zh-cn.dat
SurfaceStudio2\SurfaceUpdate\hdxsstm\amdacpksl.sys
SurfaceStudio2\SurfaceUpdate\hdxsstm\DolbyAPOv251.dll
SurfaceStudio2\SurfaceUpdate\hdxsstm\DolbyAPOvlldp.dll
SurfaceStudio2\SurfaceUpdate\hdxsstm\DolbyDAX2APOv201.dll
SurfaceStudio2\SurfaceUpdate\hdxsstm\en_Rtk552xfw.dat
SurfaceStudio2\SurfaceUpdate\hdxsstm\en_Rtk552xFwBoot.dat
SurfaceStudio2\SurfaceUpdate\hdxsstm\HDXRT.CAT
SurfaceStudio2\SurfaceUpdate\hdxsstm\HDXSSTM.inf
SurfaceStudio2\SurfaceUpdate\hdxsstm\RealtekKeywordDetectorAdapter.dll
SurfaceStudio2\SurfaceUpdate\hdxsstm\RltkAPOU64.dll
SurfaceStudio2\SurfaceUpdate\hdxsstm\RltkAPOU642.dll
SurfaceStudio2\SurfaceUpdate\hdxsstm\RTAIODAT.DAT
SurfaceStudio2\SurfaceUpdate\hdxsstm\RtCOM64.dll
SurfaceStudio2\SurfaceUpdate\hdxsstm\RtkApi64U.dll
SurfaceStudio2\SurfaceUpdate\hdxsstm\RtkAudUService64.exe
SurfaceStudio2\SurfaceUpdate\hdxsstm\RtkCfg64.dll
SurfaceStudio2\SurfaceUpdate\hdxsstm\RTKVHD64.sys
SurfaceStudio2\SurfaceUpdate\I2SAmp
SurfaceStudio2\SurfaceUpdate\I2SAmp\RTAMPI64.sys
SurfaceStudio2\SurfaceUpdate\I2SAmp\RTNXPAMP.cat
SurfaceStudio2\SurfaceUpdate\I2SAmp\RTNXPAMP.dat
SurfaceStudio2\SurfaceUpdate\I2SAmp\RTNXPAMP.inf
SurfaceStudio2\SurfaceUpdate\itouch
SurfaceStudio2\SurfaceUpdate\itouch\iaPreciseTouch.cat
SurfaceStudio2\SurfaceUpdate\itouch\iaPreciseTouch.inf
SurfaceStudio2\SurfaceUpdate\itouch\iaPreciseTouch.sys
SurfaceStudio2\SurfaceUpdate\KBLChipset
SurfaceStudio2\SurfaceUpdate\KBLChipset\kabylake.cat
SurfaceStudio2\SurfaceUpdate\KBLChipset\KabylakeSystem.inf
SurfaceStudio2\SurfaceUpdate\managementengineext
SurfaceStudio2\SurfaceUpdate\managementengineext\OemExtension.cat
SurfaceStudio2\SurfaceUpdate\managementengineext\OemExtension.inf
SurfaceStudio2\SurfaceUpdate\me
SurfaceStudio2\SurfaceUpdate\me\SurfaceME.cat
SurfaceStudio2\SurfaceUpdate\me\SurfaceME.inf
SurfaceStudio2\SurfaceUpdate\me\SurfaceME_11.8.96.4657.bin
SurfaceStudio2\SurfaceUpdate\nvmsoaegpu
SurfaceStudio2\SurfaceUpdate\nvmsoaegpu\Display.NvContainer
SurfaceStudio2\SurfaceUpdate\nvmsoaegpu\Display.NvContainer\plugins
SurfaceStudio2\SurfaceUpdate\nvmsoaegpu\Display.NvContainer\plugins\LocalSystem
SurfaceStudio2\SurfaceUpdate\nvmsoaegpu\Display.NvContainer\plugins\LocalSystem\messagebus.conf
SurfaceStudio2\SurfaceUpdate\nvmsoaegpu\Display.NvContainer\plugins\LocalSystem\NvcDispCorePlugin.dll
SurfaceStudio2\SurfaceUpdate\nvmsoaegpu\Display.NvContainer\plugins\LocalSystem\NvcDispWatchdog.dll
SurfaceStudio2\SurfaceUpdate\nvmsoaegpu\Display.NvContainer\plugins\LocalSystem\NvXDCore.dll
SurfaceStudio2\SurfaceUpdate\nvmsoaegpu\Display.NvContainer\plugins\LocalSystem\wksServicePluginZ.dll
SurfaceStudio2\SurfaceUpdate\nvmsoaegpu\Display.NvContainer\plugins\LocalSystem\_DisplayDriverRAS.dll
SurfaceStudio2\SurfaceUpdate\nvmsoaegpu\Display.NvContainer\plugins\LocalSystem\_NvMsgBusBroadcast.dll
SurfaceStudio2\SurfaceUpdate\nvmsoaegpu\Display.NvContainer\plugins\Session
SurfaceStudio2\SurfaceUpdate\nvmsoaegpu\Display.NvContainer\plugins\Session\NvProfileUpdaterPlugin.dll
SurfaceStudio2\SurfaceUpdate\nvmsoaegpu\Display.NvContainer\plugins\Session\nvxdsyncplugin.dll
SurfaceStudio2\SurfaceUpdate\nvmsoaegpu\Display.NvContainer\plugins\Session\wksServicePlugin.dll
SurfaceStudio2\SurfaceUpdate\nvmsoaegpu\Display.NvContainer\plugins\Session\_NvGSTPlugin.dll
SurfaceStudio2\SurfaceUpdate\nvmsoaegpu\Display.NvContainer\plugins\Session\_nvtopps.dll
SurfaceStudio2\SurfaceUpdate\nvmsoaegpu\Display.NvContainer\dlsargs.xml
SurfaceStudio2\SurfaceUpdate\nvmsoaegpu\Display.NvContainer\dlsnetparams.csv
SurfaceStudio2\SurfaceUpdate\nvmsoaegpu\Display.NvContainer\MessageBus.dll
SurfaceStudio2\SurfaceUpdate\nvmsoaegpu\Display.NvContainer\messagebus_client.conf
SurfaceStudio2\SurfaceUpdate\nvmsoaegpu\Display.NvContainer\NvContainerRecovery.bat
SurfaceStudio2\SurfaceUpdate\nvmsoaegpu\Display.NvContainer\NVDisplay.Container.exe
SurfaceStudio2\SurfaceUpdate\nvmsoaegpu\Display.NvContainer\nvgwls.exe
SurfaceStudio2\SurfaceUpdate\nvmsoaegpu\Display.NvContainer\nvtopps.db3
SurfaceStudio2\SurfaceUpdate\nvmsoaegpu\NvCamera
SurfaceStudio2\SurfaceUpdate\nvmsoaegpu\NvCamera\d3dcompiler_47_32.dll
SurfaceStudio2\SurfaceUpdate\nvmsoaegpu\NvCamera\d3dcompiler_47_64.dll
SurfaceStudio2\SurfaceUpdate\nvmsoaegpu\NvCamera\FreqTransfer32.exe
SurfaceStudio2\SurfaceUpdate\nvmsoaegpu\NvCamera\FreqTransfer64.exe
SurfaceStudio2\SurfaceUpdate\nvmsoaegpu\NvCamera\GreenScreenBG01.jpg
SurfaceStudio2\SurfaceUpdate\nvmsoaegpu\NvCamera\GreenScreenBG02.jpg
SurfaceStudio2\SurfaceUpdate\nvmsoaegpu\NvCamera\HighresBlender32.exe
SurfaceStudio2\SurfaceUpdate\nvmsoaegpu\NvCamera\HighresBlender64.exe
SurfaceStudio2\SurfaceUpdate\nvmsoaegpu\NvCamera\NvCamera32.dll
SurfaceStudio2\SurfaceUpdate\nvmsoaegpu\NvCamera\NvCamera64.dll
SurfaceStudio2\SurfaceUpdate\nvmsoaegpu\NvCamera\NvCameraAllowlisting32.dll
SurfaceStudio2\SurfaceUpdate\nvmsoaegpu\NvCamera\NvCameraAllowlisting64.dll
SurfaceStudio2\SurfaceUpdate\nvmsoaegpu\NvCamera\NvCameraEnable.exe
SurfaceStudio2\SurfaceUpdate\nvmsoaegpu\NvCamera\NvImageConvert32.exe
SurfaceStudio2\SurfaceUpdate\nvmsoaegpu\NvCamera\NvImageConvert64.exe
SurfaceStudio2\SurfaceUpdate\nvmsoaegpu\NvCamera\ReShadeFXC32.exe
SurfaceStudio2\SurfaceUpdate\nvmsoaegpu\NvCamera\ReShadeFXC64.exe
SurfaceStudio2\SurfaceUpdate\nvmsoaegpu\NvCamera\scratches.jpg
SurfaceStudio2\SurfaceUpdate\nvmsoaegpu\NvCamera\ShotWithGeforce518x32.rgba
SurfaceStudio2\SurfaceUpdate\nvmsoaegpu\NvCamera\SphericalEquirect32.exe
SurfaceStudio2\SurfaceUpdate\nvmsoaegpu\NvCamera\SphericalEquirect64.exe
SurfaceStudio2\SurfaceUpdate\nvmsoaegpu\NvCamera\Sticker01.png
SurfaceStudio2\SurfaceUpdate\nvmsoaegpu\NvCamera\Sticker02.png
SurfaceStudio2\SurfaceUpdate\nvmsoaegpu\NvCamera\Sticker03.png
SurfaceStudio2\SurfaceUpdate\nvmsoaegpu\NvCamera\Sticker04.png
SurfaceStudio2\SurfaceUpdate\nvmsoaegpu\NvCamera\Sticker05.png
SurfaceStudio2\SurfaceUpdate\nvmsoaegpu\NvCamera\Sticker06.png
SurfaceStudio2\SurfaceUpdate\nvmsoaegpu\NvCamera\Sticker07.png
SurfaceStudio2\SurfaceUpdate\nvmsoaegpu\NvCamera\Sticker08.png
SurfaceStudio2\SurfaceUpdate\nvmsoaegpu\NvCamera\tools_licenses.txt
SurfaceStudio2\SurfaceUpdate\nvmsoaegpu\NvCamera\ui.tga
SurfaceStudio2\SurfaceUpdate\nvmsoaegpu\NVWMI
SurfaceStudio2\SurfaceUpdate\nvmsoaegpu\NVWMI\nvPerfProvider.man
SurfaceStudio2\SurfaceUpdate\nvmsoaegpu\NVWMI\nvWmi.mof
SurfaceStudio2\SurfaceUpdate\nvmsoaegpu\NVWMI\nvWmi64.exe
SurfaceStudio2\SurfaceUpdate\nvmsoaegpu\0000.ui.forms
SurfaceStudio2\SurfaceUpdate\nvmsoaegpu\0000.ui.strings
SurfaceStudio2\SurfaceUpdate\nvmsoaegpu\0401.ui.forms
SurfaceStudio2\SurfaceUpdate\nvmsoaegpu\0401.ui.strings
SurfaceStudio2\SurfaceUpdate\nvmsoaegpu\0404.ui.forms
SurfaceStudio2\SurfaceUpdate\nvmsoaegpu\0404.ui.strings
SurfaceStudio2\SurfaceUpdate\nvmsoaegpu\0405.ui.forms
SurfaceStudio2\SurfaceUpdate\nvmsoaegpu\0405.ui.strings
SurfaceStudio2\SurfaceUpdate\nvmsoaegpu\0406.ui.forms
SurfaceStudio2\SurfaceUpdate\nvmsoaegpu\0406.ui.strings
SurfaceStudio2\SurfaceUpdate\nvmsoaegpu\0407.ui.forms
SurfaceStudio2\SurfaceUpdate\nvmsoaegpu\0407.ui.strings
SurfaceStudio2\SurfaceUpdate\nvmsoaegpu\0408.ui.forms
SurfaceStudio2\SurfaceUpdate\nvmsoaegpu\0408.ui.strings
SurfaceStudio2\SurfaceUpdate\nvmsoaegpu\0409.ui.forms
SurfaceStudio2\SurfaceUpdate\nvmsoaegpu\0409.ui.strings
SurfaceStudio2\SurfaceUpdate\nvmsoaegpu\040a.ui.forms
SurfaceStudio2\SurfaceUpdate\nvmsoaegpu\040a.ui.strings
SurfaceStudio2\SurfaceUpdate\nvmsoaegpu\040b.ui.forms
SurfaceStudio2\SurfaceUpdate\nvmsoaegpu\040b.ui.strings
SurfaceStudio2\SurfaceUpdate\nvmsoaegpu\040c.ui.forms
SurfaceStudio2\SurfaceUpdate\nvmsoaegpu\040c.ui.strings
SurfaceStudio2\SurfaceUpdate\nvmsoaegpu\040d.ui.forms
SurfaceStudio2\SurfaceUpdate\nvmsoaegpu\040d.ui.strings
SurfaceStudio2\SurfaceUpdate\nvmsoaegpu\040e.ui.forms
SurfaceStudio2\SurfaceUpdate\nvmsoaegpu\040e.ui.strings
SurfaceStudio2\SurfaceUpdate\nvmsoaegpu\0410.ui.forms
SurfaceStudio2\SurfaceUpdate\nvmsoaegpu\0410.ui.strings
SurfaceStudio2\SurfaceUpdate\nvmsoaegpu\0411.ui.forms
SurfaceStudio2\SurfaceUpdate\nvmsoaegpu\0411.ui.strings
SurfaceStudio2\SurfaceUpdate\nvmsoaegpu\0412.ui.forms
SurfaceStudio2\SurfaceUpdate\nvmsoaegpu\0412.ui.strings
SurfaceStudio2\SurfaceUpdate\nvmsoaegpu\0413.ui.forms
SurfaceStudio2\SurfaceUpdate\nvmsoaegpu\0413.ui.strings
SurfaceStudio2\SurfaceUpdate\nvmsoaegpu\0414.ui.forms
SurfaceStudio2\SurfaceUpdate\nvmsoaegpu\0414.ui.strings
SurfaceStudio2\SurfaceUpdate\nvmsoaegpu\0415.ui.forms
SurfaceStudio2\SurfaceUpdate\nvmsoaegpu\0415.ui.strings
SurfaceStudio2\SurfaceUpdate\nvmsoaegpu\0416.ui.forms
SurfaceStudio2\SurfaceUpdate\nvmsoaegpu\0416.ui.strings
SurfaceStudio2\SurfaceUpdate\nvmsoaegpu\0419.ui.forms
SurfaceStudio2\SurfaceUpdate\nvmsoaegpu\0419.ui.strings
SurfaceStudio2\SurfaceUpdate\nvmsoaegpu\041b.ui.forms
SurfaceStudio2\SurfaceUpdate\nvmsoaegpu\041b.ui.strings
SurfaceStudio2\SurfaceUpdate\nvmsoaegpu\041d.ui.forms
SurfaceStudio2\SurfaceUpdate\nvmsoaegpu\041d.ui.strings
SurfaceStudio2\SurfaceUpdate\nvmsoaegpu\041e.ui.forms
SurfaceStudio2\SurfaceUpdate\nvmsoaegpu\041e.ui.strings
SurfaceStudio2\SurfaceUpdate\nvmsoaegpu\041f.ui.forms
SurfaceStudio2\SurfaceUpdate\nvmsoaegpu\041f.ui.strings
SurfaceStudio2\SurfaceUpdate\nvmsoaegpu\0422.ui.forms
SurfaceStudio2\SurfaceUpdate\nvmsoaegpu\0422.ui.strings
SurfaceStudio2\SurfaceUpdate\nvmsoaegpu\0424.ui.forms
SurfaceStudio2\SurfaceUpdate\nvmsoaegpu\0424.ui.strings
SurfaceStudio2\SurfaceUpdate\nvmsoaegpu\0804.ui.strings
SurfaceStudio2\SurfaceUpdate\nvmsoaegpu\0809.ui.strings
SurfaceStudio2\SurfaceUpdate\nvmsoaegpu\080a.ui.strings
SurfaceStudio2\SurfaceUpdate\nvmsoaegpu\0816.ui.forms
SurfaceStudio2\SurfaceUpdate\nvmsoaegpu\0816.ui.strings
SurfaceStudio2\SurfaceUpdate\nvmsoaegpu\box_checked_disabled.png
SurfaceStudio2\SurfaceUpdate\nvmsoaegpu\box_checked_enabled.png
SurfaceStudio2\SurfaceUpdate\nvmsoaegpu\box_partialcheckboxed_enabled.png
SurfaceStudio2\SurfaceUpdate\nvmsoaegpu\box_unchecked_disabled.png
SurfaceStudio2\SurfaceUpdate\nvmsoaegpu\box_unchecked_enabled.png
SurfaceStudio2\SurfaceUpdate\nvmsoaegpu\btn_disable_135.png
SurfaceStudio2\SurfaceUpdate\nvmsoaegpu\btn_disable_180.png
SurfaceStudio2\SurfaceUpdate\nvmsoaegpu\btn_disable_90.png
SurfaceStudio2\SurfaceUpdate\nvmsoaegpu\btn_primary_135.png
SurfaceStudio2\SurfaceUpdate\nvmsoaegpu\btn_primary_180.png
SurfaceStudio2\SurfaceUpdate\nvmsoaegpu\btn_primary_90.png
SurfaceStudio2\SurfaceUpdate\nvmsoaegpu\btn_primary_focus_135.png
SurfaceStudio2\SurfaceUpdate\nvmsoaegpu\btn_primary_focus_180.png
SurfaceStudio2\SurfaceUpdate\nvmsoaegpu\btn_primary_focus_90.png
SurfaceStudio2\SurfaceUpdate\nvmsoaegpu\btn_primary_pressed_135.png
SurfaceStudio2\SurfaceUpdate\nvmsoaegpu\btn_primary_pressed_180.png
SurfaceStudio2\SurfaceUpdate\nvmsoaegpu\btn_primary_pressed_90.png
SurfaceStudio2\SurfaceUpdate\nvmsoaegpu\btn_secondary_135.png
SurfaceStudio2\SurfaceUpdate\nvmsoaegpu\btn_secondary_180.png
SurfaceStudio2\SurfaceUpdate\nvmsoaegpu\btn_secondary_90.png
SurfaceStudio2\SurfaceUpdate\nvmsoaegpu\btn_secondary_focus_135.png
SurfaceStudio2\SurfaceUpdate\nvmsoaegpu\btn_secondary_focus_180.png
SurfaceStudio2\SurfaceUpdate\nvmsoaegpu\btn_secondary_focus_90.png
SurfaceStudio2\SurfaceUpdate\nvmsoaegpu\btn_secondary_pressed_135.png
SurfaceStudio2\SurfaceUpdate\nvmsoaegpu\btn_secondary_pressed_180.png
SurfaceStudio2\SurfaceUpdate\nvmsoaegpu\btn_secondary_pressed_90.png
SurfaceStudio2\SurfaceUpdate\nvmsoaegpu\check.png
SurfaceStudio2\SurfaceUpdate\nvmsoaegpu\checkmark.png
SurfaceStudio2\SurfaceUpdate\nvmsoaegpu\circled_checkmark.png
SurfaceStudio2\SurfaceUpdate\nvmsoaegpu\cudnn_infer64_7.dl_
SurfaceStudio2\SurfaceUpdate\nvmsoaegpu\dbInstaller.exe
SurfaceStudio2\SurfaceUpdate\nvmsoaegpu\DisplayDriver.nvi
SurfaceStudio2\SurfaceUpdate\nvmsoaegpu\DisplayDriverExt.dll
SurfaceStudio2\SurfaceUpdate\nvmsoaegpu\error.png
SurfaceStudio2\SurfaceUpdate\nvmsoaegpu\EULA.txt
SurfaceStudio2\SurfaceUpdate\nvmsoaegpu\flxconnect64.dl_
SurfaceStudio2\SurfaceUpdate\nvmsoaegpu\flxcore64.dl_
SurfaceStudio2\SurfaceUpdate\nvmsoaegpu\grid-proxy-credentials.ps1
SurfaceStudio2\SurfaceUpdate\nvmsoaegpu\grid-third-party-licenses.txt
SurfaceStudio2\SurfaceUpdate\nvmsoaegpu\gsp_ga10x.bi_
SurfaceStudio2\SurfaceUpdate\nvmsoaegpu\gsp_tu10x.bi_
SurfaceStudio2\SurfaceUpdate\nvmsoaegpu\HDAudio.nvi
SurfaceStudio2\SurfaceUpdate\nvmsoaegpu\HDAudioExt.dll
SurfaceStudio2\SurfaceUpdate\nvmsoaegpu\info.png
SurfaceStudio2\SurfaceUpdate\nvmsoaegpu\install_bg.png
SurfaceStudio2\SurfaceUpdate\nvmsoaegpu\install_bg_rtl.png
SurfaceStudio2\SurfaceUpdate\nvmsoaegpu\libcuda.so.1.1
SurfaceStudio2\SurfaceUpdate\nvmsoaegpu\libcudadebugger.so.1
SurfaceStudio2\SurfaceUpdate\nvmsoaegpu\libcuda_loader.so
SurfaceStudio2\SurfaceUpdate\nvmsoaegpu\libnvcuvid.so.1
SurfaceStudio2\SurfaceUpdate\nvmsoaegpu\libnvdxdlkernels.so
SurfaceStudio2\SurfaceUpdate\nvmsoaegpu\libnvidia-encode.so.1
SurfaceStudio2\SurfaceUpdate\nvmsoaegpu\libnvidia-ml.so.1
SurfaceStudio2\SurfaceUpdate\nvmsoaegpu\libnvidia-ml_loader.so
SurfaceStudio2\SurfaceUpdate\nvmsoaegpu\libnvidia-nvvm.so.4
SurfaceStudio2\SurfaceUpdate\nvmsoaegpu\libnvidia-opticalflow.so.1
SurfaceStudio2\SurfaceUpdate\nvmsoaegpu\libnvidia-ptxjitcompiler.so.1
SurfaceStudio2\SurfaceUpdate\nvmsoaegpu\libnvoptix_loader.so.1
SurfaceStudio2\SurfaceUpdate\nvmsoaegpu\libnvwgf2umx.so
SurfaceStudio2\SurfaceUpdate\nvmsoaegpu\license.txt
SurfaceStudio2\SurfaceUpdate\nvmsoaegpu\mcu.ex_
SurfaceStudio2\SurfaceUpdate\nvmsoaegpu\nv-vk32.json
SurfaceStudio2\SurfaceUpdate\nvmsoaegpu\nv-vk64.json
SurfaceStudio2\SurfaceUpdate\nvmsoaegpu\nv3dappshext.dl_
SurfaceStudio2\SurfaceUpdate\nvmsoaegpu\nv3dappshextr.dl_
SurfaceStudio2\SurfaceUpdate\nvmsoaegpu\nvapi.dl_
SurfaceStudio2\SurfaceUpdate\nvmsoaegpu\nvapi64.dl_
SurfaceStudio2\SurfaceUpdate\nvmsoaegpu\nvapo32v.dll
SurfaceStudio2\SurfaceUpdate\nvmsoaegpu\nvapo64v.dll
SurfaceStudio2\SurfaceUpdate\nvmsoaegpu\NvCCX.dll
SurfaceStudio2\SurfaceUpdate\nvmsoaegpu\NvContainerRecovery.bat
SurfaceStudio2\SurfaceUpdate\nvmsoaegpu\nvcoproc.bi_
SurfaceStudio2\SurfaceUpdate\nvmsoaegpu\nvcpl.dll
SurfaceStudio2\SurfaceUpdate\nvmsoaegpu\nvcubins.bi_
SurfaceStudio2\SurfaceUpdate\nvmsoaegpu\nvcuda32.dl_
SurfaceStudio2\SurfaceUpdate\nvmsoaegpu\nvcuda64.dl_
SurfaceStudio2\SurfaceUpdate\nvmsoaegpu\nvcudadebugger.dl_
SurfaceStudio2\SurfaceUpdate\nvmsoaegpu\nvcuda_loader32.dl_
SurfaceStudio2\SurfaceUpdate\nvmsoaegpu\nvcuda_loader64.dl_
SurfaceStudio2\SurfaceUpdate\nvmsoaegpu\nvcuvid32.dl_
SurfaceStudio2\SurfaceUpdate\nvmsoaegpu\nvcuvid64.dl_
SurfaceStudio2\SurfaceUpdate\nvmsoaegpu\nvd3dum.dl_
SurfaceStudio2\SurfaceUpdate\nvmsoaegpu\nvd3dumx.dl_
SurfaceStudio2\SurfaceUpdate\nvmsoaegpu\nvdebugdump.ex_
SurfaceStudio2\SurfaceUpdate\nvmsoaegpu\nvdecmftmjpeg.dl_
SurfaceStudio2\SurfaceUpdate\nvmsoaegpu\nvdecmftmjpegx.dl_
SurfaceStudio2\SurfaceUpdate\nvmsoaegpu\nvdevtools.dl_
SurfaceStudio2\SurfaceUpdate\nvmsoaegpu\nvdevtoolsr.dl_
SurfaceStudio2\SurfaceUpdate\nvmsoaegpu\nvdispco64.exe
SurfaceStudio2\SurfaceUpdate\nvmsoaegpu\nvdisps.dll
SurfaceStudio2\SurfaceUpdate\nvmsoaegpu\nvdispsr.dl_
SurfaceStudio2\SurfaceUpdate\nvmsoaegpu\nvdlist.dl_
SurfaceStudio2\SurfaceUpdate\nvmsoaegpu\nvdlistx.dl_
SurfaceStudio2\SurfaceUpdate\nvmsoaegpu\nvdrsdb.bi_
SurfaceStudio2\SurfaceUpdate\nvmsoaegpu\nvdxdlkernels.dll
SurfaceStudio2\SurfaceUpdate\nvmsoaegpu\nvencmftav1.dl_
SurfaceStudio2\SurfaceUpdate\nvmsoaegpu\nvencmftav1x.dl_
SurfaceStudio2\SurfaceUpdate\nvmsoaegpu\nvencmfth264.dl_
SurfaceStudio2\SurfaceUpdate\nvmsoaegpu\nvencmfth264x.dl_
SurfaceStudio2\SurfaceUpdate\nvmsoaegpu\nvencmfthevc.dl_
SurfaceStudio2\SurfaceUpdate\nvmsoaegpu\nvencmfthevcx.dl_
SurfaceStudio2\SurfaceUpdate\nvmsoaegpu\nvencodeapi.dl_
SurfaceStudio2\SurfaceUpdate\nvmsoaegpu\nvencodeapi64.dl_
SurfaceStudio2\SurfaceUpdate\nvmsoaegpu\nvfbc.dl_
SurfaceStudio2\SurfaceUpdate\nvmsoaegpu\nvfbc64.dl_
SurfaceStudio2\SurfaceUpdate\nvmsoaegpu\nvgames.dll
SurfaceStudio2\SurfaceUpdate\nvmsoaegpu\nvgamesr.dl_
SurfaceStudio2\SurfaceUpdate\nvmsoaegpu\NVGPUP.Container.exe
SurfaceStudio2\SurfaceUpdate\nvmsoaegpu\nvhda.cat
SurfaceStudio2\SurfaceUpdate\nvmsoaegpu\nvhda.inf
SurfaceStudio2\SurfaceUpdate\nvmsoaegpu\nvhda32v.sys
SurfaceStudio2\SurfaceUpdate\nvmsoaegpu\nvhda64v.sys
SurfaceStudio2\SurfaceUpdate\nvmsoaegpu\nvhdap32.dll
SurfaceStudio2\SurfaceUpdate\nvmsoaegpu\nvhdap64.dll
SurfaceStudio2\SurfaceUpdate\nvmsoaegpu\NVI2.dll
SurfaceStudio2\SurfaceUpdate\nvmsoaegpu\NVI2UI.dll
SurfaceStudio2\SurfaceUpdate\nvmsoaegpu\nviccadvancedcoloridentity.ic_
SurfaceStudio2\SurfaceUpdate\nvmsoaegpu\nvidia-smi
SurfaceStudio2\SurfaceUpdate\nvmsoaegpu\nvidia-smi.ex_
SurfaceStudio2\SurfaceUpdate\nvmsoaegpu\nvifr.dl_
SurfaceStudio2\SurfaceUpdate\nvmsoaegpu\nvifr64.dl_
SurfaceStudio2\SurfaceUpdate\nvmsoaegpu\nvinfo.pb
SurfaceStudio2\SurfaceUpdate\nvmsoaegpu\NvInstallerUtil.dll
SurfaceStudio2\SurfaceUpdate\nvmsoaegpu\nvlddmkm.sy_
SurfaceStudio2\SurfaceUpdate\nvmsoaegpu\nvldumd.dl_
SurfaceStudio2\SurfaceUpdate\nvmsoaegpu\nvldumdx.dl_
SurfaceStudio2\SurfaceUpdate\nvmsoaegpu\nvlicensings.dl_
SurfaceStudio2\SurfaceUpdate\nvmsoaegpu\nvlicensingsr.dl_
SurfaceStudio2\SurfaceUpdate\nvmsoaegpu\nvml.dll
SurfaceStudio2\SurfaceUpdate\nvmsoaegpu\nvml_loader.dll
SurfaceStudio2\SurfaceUpdate\nvmsoaegpu\nvmsoaegpu.cat
SurfaceStudio2\SurfaceUpdate\nvmsoaegpu\nvmsoaegpu.inf
SurfaceStudio2\SurfaceUpdate\nvmsoaegpu\nvngx.dl_
SurfaceStudio2\SurfaceUpdate\nvmsoaegpu\nvngxdlss.dl_
SurfaceStudio2\SurfaceUpdate\nvmsoaegpu\nvngx_update.ex_
SurfaceStudio2\SurfaceUpdate\nvmsoaegpu\nvofapi.dl_
SurfaceStudio2\SurfaceUpdate\nvmsoaegpu\nvofapi64.dl_
SurfaceStudio2\SurfaceUpdate\nvmsoaegpu\nvoglv32.dl_
SurfaceStudio2\SurfaceUpdate\nvmsoaegpu\nvoglv64.dl_
SurfaceStudio2\SurfaceUpdate\nvmsoaegpu\nvopencl32.dl_
SurfaceStudio2\SurfaceUpdate\nvmsoaegpu\nvopencl64.dl_
SurfaceStudio2\SurfaceUpdate\nvmsoaegpu\nvoptix.bi_
SurfaceStudio2\SurfaceUpdate\nvmsoaegpu\nvoptix.dl_
SurfaceStudio2\SurfaceUpdate\nvmsoaegpu\nvpcf.cat
SurfaceStudio2\SurfaceUpdate\nvmsoaegpu\nvpcf.inf
SurfaceStudio2\SurfaceUpdate\nvmsoaegpu\NVPCF.nvi
SurfaceStudio2\SurfaceUpdate\nvmsoaegpu\nvpcf.sys
SurfaceStudio2\SurfaceUpdate\nvmsoaegpu\nvpciflt.sy_
SurfaceStudio2\SurfaceUpdate\nvmsoaegpu\nvppc.cat
SurfaceStudio2\SurfaceUpdate\nvmsoaegpu\nvppc.inf
SurfaceStudio2\SurfaceUpdate\nvmsoaegpu\NVPrxy32.dll
SurfaceStudio2\SurfaceUpdate\nvmsoaegpu\NVPrxy64.dll
SurfaceStudio2\SurfaceUpdate\nvmsoaegpu\nvptxjitcompiler32.dl_
SurfaceStudio2\SurfaceUpdate\nvmsoaegpu\nvptxjitcompiler64.dl_
SurfaceStudio2\SurfaceUpdate\nvmsoaegpu\nvrtum64.dl_
SurfaceStudio2\SurfaceUpdate\nvmsoaegpu\nvsetup.exe
SurfaceStudio2\SurfaceUpdate\nvmsoaegpu\nvshext.dl_
SurfaceStudio2\SurfaceUpdate\nvmsoaegpu\nvsmartmax.dl_
SurfaceStudio2\SurfaceUpdate\nvmsoaegpu\nvsmartmax64.dl_
SurfaceStudio2\SurfaceUpdate\nvmsoaegpu\nvsmartmaxapp.ex_
SurfaceStudio2\SurfaceUpdate\nvmsoaegpu\nvsmartmaxapp64.ex_
SurfaceStudio2\SurfaceUpdate\nvmsoaegpu\nvsvc64.dl_
SurfaceStudio2\SurfaceUpdate\nvmsoaegpu\nvsvcr.dl_
SurfaceStudio2\SurfaceUpdate\nvmsoaegpu\nvsvs.dll
SurfaceStudio2\SurfaceUpdate\nvmsoaegpu\nvsvsr.dl_
SurfaceStudio2\SurfaceUpdate\nvmsoaegpu\NvTelemetry64.dll
SurfaceStudio2\SurfaceUpdate\nvmsoaegpu\nvui.dl_
SurfaceStudio2\SurfaceUpdate\nvmsoaegpu\nvuir.dl_
SurfaceStudio2\SurfaceUpdate\nvmsoaegpu\nvvgpu64.dl_
SurfaceStudio2\SurfaceUpdate\nvmsoaegpu\nvvgpuconfig.dl_
SurfaceStudio2\SurfaceUpdate\nvmsoaegpu\nvvitvs.dll
SurfaceStudio2\SurfaceUpdate\nvmsoaegpu\nvvitvsr.dl_
SurfaceStudio2\SurfaceUpdate\nvmsoaegpu\nvvm32.dl_
SurfaceStudio2\SurfaceUpdate\nvmsoaegpu\nvvm64.dl_
SurfaceStudio2\SurfaceUpdate\nvmsoaegpu\nvwgf2um.dl_
SurfaceStudio2\SurfaceUpdate\nvmsoaegpu\nvwgf2umx.dl_
SurfaceStudio2\SurfaceUpdate\nvmsoaegpu\nvwss.dll
SurfaceStudio2\SurfaceUpdate\nvmsoaegpu\nvwssr.dl_
SurfaceStudio2\SurfaceUpdate\nvmsoaegpu\nvxdapix.dl_
SurfaceStudio2\SurfaceUpdate\nvmsoaegpu\nvxdbat.dl_
SurfaceStudio2\SurfaceUpdate\nvmsoaegpu\nvxdplcy.dl_
SurfaceStudio2\SurfaceUpdate\nvmsoaegpu\opencl32.dl_
SurfaceStudio2\SurfaceUpdate\nvmsoaegpu\opencl64.dl_
SurfaceStudio2\SurfaceUpdate\nvmsoaegpu\presentations_bg.png
SurfaceStudio2\SurfaceUpdate\nvmsoaegpu\presentations_bg_rtl.png
SurfaceStudio2\SurfaceUpdate\nvmsoaegpu\radio_btn_selected.png
SurfaceStudio2\SurfaceUpdate\nvmsoaegpu\radio_btn_unselected.png
SurfaceStudio2\SurfaceUpdate\nvmsoaegpu\setup.cfg
SurfaceStudio2\SurfaceUpdate\nvmsoaegpu\setup.exe
SurfaceStudio2\SurfaceUpdate\nvmsoaegpu\splash.png
SurfaceStudio2\SurfaceUpdate\nvmsoaegpu\splash_rtl.png
SurfaceStudio2\SurfaceUpdate\nvmsoaegpu\theme.cfg
SurfaceStudio2\SurfaceUpdate\nvmsoaegpu\UcmCxUcsiNvppc.sys
SurfaceStudio2\SurfaceUpdate\nvmsoaegpu\uninstall_bg.png
SurfaceStudio2\SurfaceUpdate\nvmsoaegpu\uninstall_bg_rtl.png
SurfaceStudio2\SurfaceUpdate\nvmsoaegpu\USBC.nvi
SurfaceStudio2\SurfaceUpdate\nvmsoaegpu\USBCExt.dll
SurfaceStudio2\SurfaceUpdate\nvmsoaegpu\vgpuconfig-azure_hci.xm_
SurfaceStudio2\SurfaceUpdate\nvmsoaegpu\vgpuconfig-azure_hci_aie.xm_
SurfaceStudio2\SurfaceUpdate\nvmsoaegpu\vgpuconfig.xm_
SurfaceStudio2\SurfaceUpdate\nvmsoaegpu\vulkan-1-x64.dl_
SurfaceStudio2\SurfaceUpdate\nvmsoaegpu\vulkan-1-x86.dl_
SurfaceStudio2\SurfaceUpdate\nvmsoaegpu\vulkaninfo-x64.ex_
SurfaceStudio2\SurfaceUpdate\nvmsoaegpu\vulkaninfo-x86.ex_
SurfaceStudio2\SurfaceUpdate\nvmsoaegpu\warning.png
SurfaceStudio2\SurfaceUpdate\nvmsoaegpu\_nvngx.dl_
SurfaceStudio2\SurfaceUpdate\realtekext
SurfaceStudio2\SurfaceUpdate\realtekext\HDXRTExt.cat
SurfaceStudio2\SurfaceUpdate\realtekext\RealtekExt.inf
SurfaceStudio2\SurfaceUpdate\realtekhsa
SurfaceStudio2\SurfaceUpdate\realtekhsa\RealtekHSA.cat
SurfaceStudio2\SurfaceUpdate\realtekhsa\RealtekHSA.inf
SurfaceStudio2\SurfaceUpdate\rtsuersdoms
SurfaceStudio2\SurfaceUpdate\rtsuersdoms\RsCRIcon.dll
SurfaceStudio2\SurfaceUpdate\rtsuersdoms\RtsUer.sys
SurfaceStudio2\SurfaceUpdate\rtsuersdoms\RtsUer64.cat
SurfaceStudio2\SurfaceUpdate\rtsuersdoms\RtsUerSDOMs.inf
SurfaceStudio2\SurfaceUpdate\SerialIOGPIO
SurfaceStudio2\SurfaceUpdate\SerialIOGPIO\iaLPSS2_GPIO2.sys
SurfaceStudio2\SurfaceUpdate\SerialIOGPIO\iaLPSS2_GPIO2_SKL.cat
SurfaceStudio2\SurfaceUpdate\SerialIOGPIO\iaLPSS2_GPIO2_SKL.inf
SurfaceStudio2\SurfaceUpdate\SerialIOGPIO\iaLPSS2_I2C.sys
SurfaceStudio2\SurfaceUpdate\SerialIOGPIO\iaLPSS2_SPI.sys
SurfaceStudio2\SurfaceUpdate\SerialIOGPIO\iaLPSS2_UART2.sys
SurfaceStudio2\SurfaceUpdate\SerialIOI2C
SurfaceStudio2\SurfaceUpdate\SerialIOI2C\iaLPSS2_GPIO2.sys
SurfaceStudio2\SurfaceUpdate\SerialIOI2C\iaLPSS2_I2C.sys
SurfaceStudio2\SurfaceUpdate\SerialIOI2C\iaLPSS2_I2C_SKL.cat
SurfaceStudio2\SurfaceUpdate\SerialIOI2C\iaLPSS2_I2C_SKL.inf
SurfaceStudio2\SurfaceUpdate\SerialIOI2C\iaLPSS2_SPI.sys
SurfaceStudio2\SurfaceUpdate\SerialIOI2C\iaLPSS2_UART2.sys
SurfaceStudio2\SurfaceUpdate\SerialIOSPI
SurfaceStudio2\SurfaceUpdate\SerialIOSPI\iaLPSS2_GPIO2.sys
SurfaceStudio2\SurfaceUpdate\SerialIOSPI\iaLPSS2_I2C.sys
SurfaceStudio2\SurfaceUpdate\SerialIOSPI\iaLPSS2_SPI.sys
SurfaceStudio2\SurfaceUpdate\SerialIOSPI\iaLPSS2_SPI_SKL.cat
SurfaceStudio2\SurfaceUpdate\SerialIOSPI\iaLPSS2_SPI_SKL.inf
SurfaceStudio2\SurfaceUpdate\SerialIOSPI\iaLPSS2_UART2.sys
SurfaceStudio2\SurfaceUpdate\SerialIOUART
SurfaceStudio2\SurfaceUpdate\SerialIOUART\iaLPSS2_GPIO2.sys
SurfaceStudio2\SurfaceUpdate\SerialIOUART\iaLPSS2_I2C.sys
SurfaceStudio2\SurfaceUpdate\SerialIOUART\iaLPSS2_SPI.sys
SurfaceStudio2\SurfaceUpdate\SerialIOUART\iaLPSS2_UART2.sys
SurfaceStudio2\SurfaceUpdate\SerialIOUART\iaLPSS2_UART2_SKL.cat
SurfaceStudio2\SurfaceUpdate\SerialIOUART\iaLPSS2_UART2_SKL.inf
SurfaceStudio2\SurfaceUpdate\SPChipset
SurfaceStudio2\SurfaceUpdate\SPChipset\PackageInfo.json
SurfaceStudio2\SurfaceUpdate\SPChipset\SunrisePoint-H.cat
SurfaceStudio2\SurfaceUpdate\SPChipset\SunrisePoint-HSystem.inf
SurfaceStudio2\SurfaceUpdate\SPChipsetThermal
SurfaceStudio2\SurfaceUpdate\SPChipsetThermal\PackageInfo.json
SurfaceStudio2\SurfaceUpdate\SPChipsetThermal\SunrisePoint-H.cat
SurfaceStudio2\SurfaceUpdate\SPChipsetThermal\SunrisePoint-HSystemThermal.inf
SurfaceStudio2\SurfaceUpdate\sunrisepointhsystemlpss
SurfaceStudio2\SurfaceUpdate\sunrisepointhsystemlpss\PackageInfo.json
SurfaceStudio2\SurfaceUpdate\sunrisepointhsystemlpss\SunrisePoint-H.cat
SurfaceStudio2\SurfaceUpdate\sunrisepointhsystemlpss\SunrisePoint-HSystemLPSS.inf
SurfaceStudio2\SurfaceUpdate\SurfaceAcpiNotify
SurfaceStudio2\SurfaceUpdate\SurfaceAcpiNotify\SurfaceAcpiNotifyDriver.cat
SurfaceStudio2\SurfaceUpdate\SurfaceAcpiNotify\SurfaceAcpiNotifyDriver.inf
SurfaceStudio2\SurfaceUpdate\SurfaceAcpiNotify\SurfaceAcpiNotifyDriver.sys
SurfaceStudio2\SurfaceUpdate\SurfaceDialFilter
SurfaceStudio2\SurfaceUpdate\SurfaceDialFilter\SurfaceDialFilter.cat
SurfaceStudio2\SurfaceUpdate\SurfaceDialFilter\SurfaceDialFilter.inf
SurfaceStudio2\SurfaceUpdate\SurfaceDialFilter\SurfaceDialFilter.sys
SurfaceStudio2\SurfaceUpdate\SurfaceDigitizerIntegration
SurfaceStudio2\SurfaceUpdate\SurfaceDigitizerIntegration\SurfaceDigitizerIntegration.cat
SurfaceStudio2\SurfaceUpdate\SurfaceDigitizerIntegration\SurfaceDigitizerIntegration.inf
SurfaceStudio2\SurfaceUpdate\SurfaceDigitizerIntegration\SurfaceDigitizerIntegration.sys
SurfaceStudio2\SurfaceUpdate\SurfaceDisplay
SurfaceStudio2\SurfaceUpdate\SurfaceDisplay\SurfaceDisplay.cat
SurfaceStudio2\SurfaceUpdate\SurfaceDisplay\SurfaceDisplay.inf
SurfaceStudio2\SurfaceUpdate\SurfaceDisplayColor
SurfaceStudio2\SurfaceUpdate\SurfaceDisplayColor\color-profile-listener-task.xml
SurfaceStudio2\SurfaceUpdate\SurfaceDisplayColor\ColorCalibrationComputation.dll
SurfaceStudio2\SurfaceUpdate\SurfaceDisplayColor\DisplayColorTool.exe
SurfaceStudio2\SurfaceUpdate\SurfaceDisplayColor\SurfaceColorService.exe
SurfaceStudio2\SurfaceUpdate\SurfaceDisplayColor\SurfaceColorTracker.exe
SurfaceStudio2\SurfaceUpdate\SurfaceDisplayColor\SurfaceDisplayColor.cat
SurfaceStudio2\SurfaceUpdate\SurfaceDisplayColor\SurfaceDisplayColor.inf
SurfaceStudio2\SurfaceUpdate\SurfaceDisplayColor\Surface_DCI_Template.icm
SurfaceStudio2\SurfaceUpdate\SurfaceDisplayColor\Surface_Enhanced_Template.icm
SurfaceStudio2\SurfaceUpdate\SurfaceDisplayColor\Surface_sRGB_Accurate_Template.icm
SurfaceStudio2\SurfaceUpdate\SurfaceDisplayColor\Surface_sRGB_Template.icm
SurfaceStudio2\SurfaceUpdate\SurfaceDisplayColor\Surface_Vivid_Template.icm
SurfaceStudio2\SurfaceUpdate\surfaceircamera
SurfaceStudio2\SurfaceUpdate\surfaceircamera\SurfaceIRCamera.cat
SurfaceStudio2\SurfaceUpdate\surfaceircamera\SurfaceIRCamera.inf
SurfaceStudio2\SurfaceUpdate\surfaceircamera\SurfaceIrDeviceMFT.dll
SurfaceStudio2\SurfaceUpdate\SurfaceLPC
SurfaceStudio2\SurfaceUpdate\SurfaceLPC\SurfaceLPC.cat
SurfaceStudio2\SurfaceUpdate\SurfaceLPC\SurfaceLPC.inf
SurfaceStudio2\SurfaceUpdate\SurfaceLPC\SurfaceLPC_0.7.80.bin
SurfaceStudio2\SurfaceUpdate\SurfacePen
SurfaceStudio2\SurfaceUpdate\SurfacePen\SurfacePenDriver.cat
SurfaceStudio2\SurfaceUpdate\SurfacePen\SurfacePenDriver.inf
SurfaceStudio2\SurfaceUpdate\SurfacePen\SurfacePenDriver.sys
SurfaceStudio2\SurfaceUpdate\SurfacePen\WdfCoinstaller01011.dll
SurfaceStudio2\SurfaceUpdate\SurfacePen217FWUpdate
SurfaceStudio2\SurfaceUpdate\SurfacePen217FWUpdate\SurfacePen217FwUpdate.cat
SurfaceStudio2\SurfaceUpdate\SurfacePen217FWUpdate\SurfacePen217FwUpdate.dll
SurfaceStudio2\SurfaceUpdate\SurfacePen217FWUpdate\SurfacePen217FwUpdate.inf
SurfaceStudio2\SurfaceUpdate\SurfacePenIntegration
SurfaceStudio2\SurfaceUpdate\SurfacePenIntegration\PackageInfo.json
SurfaceStudio2\SurfaceUpdate\SurfacePenIntegration\SurfacePenIntegration.cat
SurfaceStudio2\SurfaceUpdate\SurfacePenIntegration\SurfacePenIntegration.inf
SurfaceStudio2\SurfaceUpdate\SurfacePenIntegration\SurfacePenIntegration.sys
SurfaceStudio2\SurfaceUpdate\SurfacePenPairing
SurfaceStudio2\SurfaceUpdate\SurfacePenPairing\SurfacePenPairing.cat
SurfaceStudio2\SurfaceUpdate\SurfacePenPairing\SurfacePenPairing.dll
SurfaceStudio2\SurfaceUpdate\SurfacePenPairing\SurfacePenPairing.inf
SurfaceStudio2\SurfaceUpdate\SurfacePowerMeter
SurfaceStudio2\SurfaceUpdate\SurfacePowerMeter\SurfacePowerMeter.cat
SurfaceStudio2\SurfaceUpdate\SurfacePowerMeter\SurfacePowerMeter.inf
SurfaceStudio2\SurfaceUpdate\SurfaceSAM
SurfaceStudio2\SurfaceUpdate\SurfaceSAM\SurfaceSAM.cat
SurfaceStudio2\SurfaceUpdate\SurfaceSAM\SurfaceSAM.inf
SurfaceStudio2\SurfaceUpdate\SurfaceSAM\SurfaceSAM_5.110.139.bin
SurfaceStudio2\SurfaceUpdate\surfaceservice
SurfaceStudio2\SurfaceUpdate\surfaceservice\SurfaceBtleLcPenTelemetry.dll
SurfaceStudio2\SurfaceUpdate\surfaceservice\SurfaceIntegrationServiceDriver.cat
SurfaceStudio2\SurfaceUpdate\surfaceservice\SurfaceService.exe
SurfaceStudio2\SurfaceUpdate\surfaceservice\SurfaceServiceNullDriver.inf
SurfaceStudio2\SurfaceUpdate\surfaceservice\SurfaceServiceSensors.dll
SurfaceStudio2\SurfaceUpdate\SurfaceSoftwareServicing
SurfaceStudio2\SurfaceUpdate\SurfaceSoftwareServicing\SurfaceSoftwareServicingDriver.cat
SurfaceStudio2\SurfaceUpdate\SurfaceSoftwareServicing\SurfaceSoftwareServicingDriver.inf
SurfaceStudio2\SurfaceUpdate\SurfaceSoftwareServicing\SurfaceSoftwareServicingDriver.sys
SurfaceStudio2\SurfaceUpdate\SurfaceStorageFwUpdate
SurfaceStudio2\SurfaceUpdate\SurfaceStorageFwUpdate\SurfaceStorageFwUpdate.cat
SurfaceStudio2\SurfaceUpdate\SurfaceStorageFwUpdate\SurfaceStorageFwUpdate.inf
SurfaceStudio2\SurfaceUpdate\SurfaceStorageFwUpdate\SurfaceStorageFwUpdate.sys
SurfaceStudio2\SurfaceUpdate\SurfaceSystemTelemetry
SurfaceStudio2\SurfaceUpdate\SurfaceSystemTelemetry\SurfaceSystemTelemetryDriver.cat
SurfaceStudio2\SurfaceUpdate\SurfaceSystemTelemetry\SurfaceSystemTelemetryDriver.inf
SurfaceStudio2\SurfaceUpdate\SurfaceSystemTelemetry\SurfaceSystemTelemetryDriver.sys
SurfaceStudio2\SurfaceUpdate\surfacethunderbolt4dockfwupdate
SurfaceStudio2\SurfaceUpdate\surfacethunderbolt4dockfwupdate\SurfaceThunderbolt4DockFwUpdate.cat
SurfaceStudio2\SurfaceUpdate\surfacethunderbolt4dockfwupdate\SurfaceThunderbolt4DockFwUpdate.inf
SurfaceStudio2\SurfaceUpdate\surfacethunderbolt4dockfwupdate\SurfaceThunderbolt4Dock_1_AMC1.offer.bin
SurfaceStudio2\SurfaceUpdate\surfacethunderbolt4dockfwupdate\SurfaceThunderbolt4Dock_1_AMC1.payload.bin
SurfaceStudio2\SurfaceUpdate\surfacethunderbolt4dockfwupdate\SurfaceThunderbolt4Dock_1_AMC2.offer.bin
SurfaceStudio2\SurfaceUpdate\surfacethunderbolt4dockfwupdate\SurfaceThunderbolt4Dock_1_AMC2.payload.bin
SurfaceStudio2\SurfaceUpdate\surfacethunderbolt4dockfwupdate\SurfaceThunderbolt4Dock_2_UFPPD1.offer.bin
SurfaceStudio2\SurfaceUpdate\surfacethunderbolt4dockfwupdate\SurfaceThunderbolt4Dock_2_UFPPD1.payload.bin
SurfaceStudio2\SurfaceUpdate\surfacethunderbolt4dockfwupdate\SurfaceThunderbolt4Dock_2_UFPPD2.offer.bin
SurfaceStudio2\SurfaceUpdate\surfacethunderbolt4dockfwupdate\SurfaceThunderbolt4Dock_2_UFPPD2.payload.bin
SurfaceStudio2\SurfaceUpdate\surfacethunderbolt4dockfwupdate\SurfaceThunderbolt4Dock_3_U3HUB1.offer.bin
SurfaceStudio2\SurfaceUpdate\surfacethunderbolt4dockfwupdate\SurfaceThunderbolt4Dock_3_U3HUB1.payload.bin
SurfaceStudio2\SurfaceUpdate\surfacethunderbolt4dockfwupdate\SurfaceThunderbolt4Dock_4_AUDIOS1.offer.bin
SurfaceStudio2\SurfaceUpdate\surfacethunderbolt4dockfwupdate\SurfaceThunderbolt4Dock_4_AUDIOS1.payload.bin
SurfaceStudio2\SurfaceUpdate\surfacethunderbolt4dockfwupdate\SurfaceThunderbolt4Dock_6_TBT1.offer.bin
SurfaceStudio2\SurfaceUpdate\surfacethunderbolt4dockfwupdate\SurfaceThunderbolt4Dock_6_TBT1.payload.bin
SurfaceStudio2\SurfaceUpdate\surfacethunderbolt4dockfwupdate\SurfaceThunderbolt4Dock_7_DFPPD1.offer.bin
SurfaceStudio2\SurfaceUpdate\surfacethunderbolt4dockfwupdate\SurfaceThunderbolt4Dock_7_DFPPD1.payload.bin
SurfaceStudio2\SurfaceUpdate\surfacethunderbolt4dockfwupdate\SurfaceThunderbolt4Dock_7_DFPPD2.offer.bin
SurfaceStudio2\SurfaceUpdate\surfacethunderbolt4dockfwupdate\SurfaceThunderbolt4Dock_7_DFPPD2.payload.bin
SurfaceStudio2\SurfaceUpdate\SurfaceTouch
SurfaceStudio2\SurfaceUpdate\SurfaceTouch\SurfaceTouch.cat
SurfaceStudio2\SurfaceUpdate\SurfaceTouch\SurfaceTouch.inf
SurfaceStudio2\SurfaceUpdate\SurfaceTouch\SurfaceTouch_1.143.49.7.0.0.bin
SurfaceStudio2\SurfaceUpdate\truecolor
SurfaceStudio2\SurfaceUpdate\truecolor\CAL2.dll
SurfaceStudio2\SurfaceUpdate\truecolor\CinVPU.dll
SurfaceStudio2\SurfaceUpdate\truecolor\FaceDetectorDll.dll
SurfaceStudio2\SurfaceUpdate\truecolor\LcMft.dll
SurfaceStudio2\SurfaceUpdate\truecolor\LcProxy2.ax
SurfaceStudio2\SurfaceUpdate\truecolor\MoCinConfig.dll
SurfaceStudio2\SurfaceUpdate\truecolor\msvcp120.dll
SurfaceStudio2\SurfaceUpdate\truecolor\msvcr120.dll
SurfaceStudio2\SurfaceUpdate\truecolor\Transcoder.dll
SurfaceStudio2\SurfaceUpdate\truecolor\TrueColor.cat
SurfaceStudio2\SurfaceUpdate\truecolor\TrueColor.inf
SurfaceStudio2\SurfaceUpdate\truecolor\TrueColor.sys
SurfaceStudio2\SurfaceUpdate\truecolor\vccorlib120.dll
SurfaceStudio2\SurfaceUpdate\truecolor\ViperRt.dll
SurfaceStudio2\SurfaceUpdate\truecolor\VpuGraph.dll
SurfaceStudio2\SurfaceUpdate\truecolor\WdfCoinstaller01011.dll
SurfaceStudio2\SurfaceUpdate\truecolor\x86.CAL2.dll
SurfaceStudio2\SurfaceUpdate\truecolor\x86.CinVPU.dll
SurfaceStudio2\SurfaceUpdate\truecolor\x86.FaceDetectorDll.dll
SurfaceStudio2\SurfaceUpdate\truecolor\x86.LcMft.dll
SurfaceStudio2\SurfaceUpdate\truecolor\x86.LcProxy2.ax
SurfaceStudio2\SurfaceUpdate\truecolor\x86.MoCinConfig.dll
SurfaceStudio2\SurfaceUpdate\truecolor\x86.msvcp120.dll
SurfaceStudio2\SurfaceUpdate\truecolor\x86.msvcr120.dll
SurfaceStudio2\SurfaceUpdate\truecolor\x86.Transcoder.dll
SurfaceStudio2\SurfaceUpdate\truecolor\x86.vccorlib120.dll
SurfaceStudio2\SurfaceUpdate\truecolor\x86.ViperRt.dll
SurfaceStudio2\SurfaceUpdate\uefi
SurfaceStudio2\SurfaceUpdate\uefi\SurfaceUEFI.cat
SurfaceStudio2\SurfaceUpdate\uefi\SurfaceUEFI.inf
SurfaceStudio2\SurfaceUpdate\uefi\SurfaceUEFI_536.1205.768.bin
SurfaceStudio2\SurfaceUpdate\XBoxWirelessAdapter
SurfaceStudio2\SurfaceUpdate\XBoxWirelessAdapter\FW_ACC_BR.bin
SurfaceStudio2\SurfaceUpdate\XBoxWirelessAdapter\mt7612US_bc.cat
SurfaceStudio2\SurfaceUpdate\XBoxWirelessAdapter\mt7612us_bc.sys
SurfaceStudio2\SurfaceUpdate\XBoxWirelessAdapter\mt7612us_BR.inf

Current Folders:
heci
msu56cx22x64sta
SurfaceButton
SurfaceIntegration
SurfacePen217Integration
surfaceserialhub
**********************
PowerShell transcript end
End time: 20241018125734
**********************
