**********************
Windows PowerShell transcript start
Start time: 20250124124730
Username: AzureAD\DavidSegura
RunAs User: AzureAD\DavidSegura
Configuration Name: 
Machine: HPFIREFLY16P (Microsoft Windows NT 10.0.26100.0)
Host Application: C:\WINDOWS\System32\WindowsPowerShell\v1.0\powershell.exe
Process ID: 15208
PSVersion: 5.1.26100.2161
PSEdition: Desktop
PSCompatibleVersions: 1.0, 2.0, 3.0, 4.0, 5.0, 5.1.26100.2161
BuildVersion: 10.0.26100.2161
CLRVersion: 4.0.30319.42000
WSManStackVersion: 3.0
PSRemotingProtocolVersion: 2.3
SerializationVersion: 1.1.0.1
**********************
Transcript started, output file is C:\DATA\OSDHome\BootImage-Drivers\amd64\Microsoft-SurfaceLaptopGo2\2025-01-24-Build.log
[12:47:30] Expanding the contents of  to C:\DATA\OSDHome\BootImage-Drivers\amd64\Microsoft-SurfaceLaptopGo2
[12:48:18] Removed C:\DATA\OSDHome\BootImage-Drivers\amd64\Microsoft-SurfaceLaptopGo2\SurfaceLaptopGo2_Win11_22621_24.121.13401.0.msi
[12:48:18] Removed SurfaceUpdate content
audiosst
audiosstbus
audiousb
bluetooth
bxtaudio
capabilitylicensingsvcclient
dax3aposvc
dax3extrtk
devicestelemetryservicedriver
ehdxsstmd3a
elanhiddevicefriendlynames
ElanWbfUsbDriver
fingerprint
graphicsbase
ihvcpusmfclient
iigdextzm
intcoedoemlibpath
powertrackercore
RealtekAPO
realtekapoext
RealtekAPOWin10
realtekdfu
servicenull
surfaceals
surfacecfuoverhid
surfacedisplay
surfacedisplaycolor
surfacedock2fwupdateamd64
surfacedockfwupdate
surfaceihvfprfwupdate
surfacekeyboard
surfaceme
surfacepd
surfacepowermeter
surfacepowerstate
surfacesam
surfacesmf
surfacestoragefwupdateenum
surfacestoragefwupdatehfm128gd3gx013n
surfacestoragefwupdatehfm256gd3gx013n
surfacestoragefwupdatekbg40zns128g
surfacestoragefwupdatekbg40zns256g
surfacesystemmanagementframework
surfacesystemtelemetry
surfacethermalpolicy
surfacethunderbolt4dockfwupdate
surfacetouch
surfacetrackpad
tpmnationz
tpmnuvoton
uefi
wifi08
[12:48:18] Remaining SurfaceUpdate content:
managementengine
msu53cx22x64sta
msu56cx22x64sta
surfacebattery
surfacebutton
surfacedockintegration
surfacehidfriendlynames
surfacehidmini
surfaceintegration
surfacesar
surfaceserialhub
surfacesmfclient
surfacesmfdisplayclient
surfacetimealarmacpifilter
surfaceucmucsihidclient
tglchipset
tglserial
**********************
Windows PowerShell transcript end
End time: 20250124124818
**********************
