Start time: 20241018124039
DriverPack: C:\DATA\Surface\SurfaceBook_Win10_18362_21.062.17202.0.msi
Removed Content:
.\SurfaceUpdate\8897BT
.\SurfaceUpdate\8897BT\mbtr8897w81x64.inf
.\SurfaceUpdate\8897BT\mbtr8897w81x64.inf_01-21-2020-07-32_abhishek.misra@nxp.com
.\SurfaceUpdate\8897BT\mbtr97w81x64.cat
.\SurfaceUpdate\8897BT\mbtr97w81x64.cat_01-21-2020-07-30_abhishek.misra@nxp.com
.\SurfaceUpdate\8897WLAN
.\SurfaceUpdate\8897WLAN\mrvlpcie8897.cat
.\SurfaceUpdate\8897WLAN\mrvlpcie8897.cat_01-21-2020-07-24_abhishek.misra@nxp.com
.\SurfaceUpdate\8897WLAN\mrvlpcie8897.inf
.\SurfaceUpdate\8897WLAN\mrvlpcie8897.inf_01-21-2020-07-26_abhishek.misra@nxp.com
.\SurfaceUpdate\8897WLAN\mrvlpcie8897.sys
.\SurfaceUpdate\8897WLAN\mrvlpcie8897.sys_01-21-2020-07-27_abhishek.misra@nxp.com
.\SurfaceUpdate\AudioSST
.\SurfaceUpdate\AudioSST\AudioService
.\SurfaceUpdate\AudioSST\AudioService\Communication DLLs
.\SurfaceUpdate\AudioSST\AudioService\Communication DLLs\IntelAudioDll_x64.not_dll
.\SurfaceUpdate\AudioSST\AudioService\Communication DLLs\IntelWovSetupDll_x64.not_dll
.\SurfaceUpdate\AudioSST\AudioService\Intel(R) Audio Service
.\SurfaceUpdate\AudioSST\AudioService\Intel(R) Audio Service\ConfigurationFiles
.\SurfaceUpdate\AudioSST\AudioService\Intel(R) Audio Service\ConfigurationFiles\aecs_asr_streamer_default_1ch_input.tf
.\SurfaceUpdate\AudioSST\AudioService\Intel(R) Audio Service\ConfigurationFiles\aecs_asr_streamer_default_2ch_input.tf
.\SurfaceUpdate\AudioSST\AudioService\Intel(R) Audio Service\ConfigurationFiles\aecs_asr_streamer_default_4ch_input.tf
.\SurfaceUpdate\AudioSST\AudioService\Intel(R) Audio Service\ConfigurationFiles\aecs_wov_streamer_default_1ch_input.tf
.\SurfaceUpdate\AudioSST\AudioService\Intel(R) Audio Service\ConfigurationFiles\aecs_wov_streamer_default_2ch_input.tf
.\SurfaceUpdate\AudioSST\AudioService\Intel(R) Audio Service\ConfigurationFiles\aecs_wov_streamer_default_4ch_input.tf
.\SurfaceUpdate\AudioSST\AudioService\Intel(R) Audio Service\ConfigurationFiles\DefaultConfigs.xml
.\SurfaceUpdate\AudioSST\AudioService\Intel(R) Audio Service\ControlModule.not_dll
.\SurfaceUpdate\AudioSST\AudioService\Intel(R) Audio Service\DetectionVerificationDrv.not_dll
.\SurfaceUpdate\AudioSST\AudioService\Intel(R) Audio Service\IntelAudioService.exe.config
.\SurfaceUpdate\AudioSST\AudioService\Intel(R) Audio Service\IntelAudioService.not_exe
.\SurfaceUpdate\AudioSST\AudioService\Intel(R) Audio Service\IntelAudioService.tlb
.\SurfaceUpdate\AudioSST\AudioService\Intel(R) Audio Service\IntelSSTPreprocStreamer.not_dll
.\SurfaceUpdate\AudioSST\AudioService\Intel(R) Audio Service\MicControlLib.not_dll
.\SurfaceUpdate\AudioSST\AudioService\Intel(R) Audio Service\ModelsControllerLib.not_dll
.\SurfaceUpdate\AudioSST\AudioService\Intel(R) Audio Service\Windows.winmd
.\SurfaceUpdate\AudioSST\AudioService\Intel(R) Audio Service\Windows.xml
.\SurfaceUpdate\AudioSST\AudioService\Intel(R) Audio Service\WppLoggerDll.not_dll
.\SurfaceUpdate\AudioSST\Firmware
.\SurfaceUpdate\AudioSST\Firmware\dsp_fw_release.bin
.\SurfaceUpdate\AudioSST\Firmware\dsp_fw_release_7CAD0808-AB10-CD23-EF45-12AB34CD56EF.bin
.\SurfaceUpdate\AudioSST\Firmware\dsp_lib_cpath_release.bin
.\SurfaceUpdate\AudioSST\Firmware\dsp_lib_cpath_release_46CB87FB-D2C9-4970-96D2-6D7E614BB605.bin
.\SurfaceUpdate\AudioSST\Firmware\dsp_lib_dolby_ll_release.bin
.\SurfaceUpdate\AudioSST\Firmware\dsp_lib_dolby_ll_release_849F0D73-1678-4D57-8C78-61C548253993.bin
.\SurfaceUpdate\AudioSST\Firmware\dsp_lib_dolby_release.bin
.\SurfaceUpdate\AudioSST\Firmware\dsp_lib_dolby_release_E0E018A8-3550-4B54-A8D0-A8E05D0FCBA2.bin
.\SurfaceUpdate\AudioSST\Firmware\dsp_lib_dsm_core_release.bin
.\SurfaceUpdate\AudioSST\Firmware\dsp_lib_dsm_core_release_C75061F3-F2B2-4DCC-8F9F-82ABB4131E66.bin
.\SurfaceUpdate\AudioSST\Firmware\dsp_lib_dts_release.bin
.\SurfaceUpdate\AudioSST\Firmware\dsp_lib_dts_release_E1284052-8664-4FE4-A353-3878F72704C3.bin
.\SurfaceUpdate\AudioSST\Firmware\dsp_lib_fortemedia_release.bin
.\SurfaceUpdate\AudioSST\Firmware\dsp_lib_fortemedia_release_B3573EFF-6441-4A75-91F7-4281EEC4597D.bin
.\SurfaceUpdate\AudioSST\Firmware\dsp_lib_intel_sst_release.bin
.\SurfaceUpdate\AudioSST\Firmware\dsp_lib_intel_sst_release_7C708106-3AFF-40FE-88BE-8C999B3F7445.bin
.\SurfaceUpdate\AudioSST\Firmware\dsp_lib_intel_wov_release.bin
.\SurfaceUpdate\AudioSST\Firmware\dsp_lib_intel_wov_release_EC774FA9-28D3-424A-90E4-69F984F1EEB7.bin
.\SurfaceUpdate\AudioSST\Firmware\dsp_lib_smartamp_release.bin
.\SurfaceUpdate\AudioSST\Firmware\dsp_lib_smartamp_release_2C093145-5895-4699-9DDB-6FEFDC77E85D.bin
.\SurfaceUpdate\AudioSST\Firmware\dsp_lib_waves_release.bin
.\SurfaceUpdate\AudioSST\Firmware\dsp_lib_waves_release_B489C2DE-0F96-42E1-8A2D-C25B5091EE49.bin
.\SurfaceUpdate\AudioSST\Firmware\dsp_lib_xa_audyssey_release.bin
.\SurfaceUpdate\AudioSST\Firmware\dsp_lib_xa_audyssey_release_BD70CE66-7CEE-4277-A91A-D6368FEAF83D.bin
.\SurfaceUpdate\AudioSST\WoVartifacts
.\SurfaceUpdate\AudioSST\WoVartifacts\Echo
.\SurfaceUpdate\AudioSST\WoVartifacts\Echo\m
.\SurfaceUpdate\AudioSST\WoVartifacts\Echo\m\de-DE
.\SurfaceUpdate\AudioSST\WoVartifacts\Echo\m\de-DE\echo_de-DE.amp
.\SurfaceUpdate\AudioSST\WoVartifacts\Echo\m\de-DE\echo_de-DE.dsp
.\SurfaceUpdate\AudioSST\WoVartifacts\Echo\m\de-DE\echo_de-DE.nrm
.\SurfaceUpdate\AudioSST\WoVartifacts\Echo\m\de-DE\echo_de-DE.phm
.\SurfaceUpdate\AudioSST\WoVartifacts\Echo\m\de-DE\echo_de-DE.th
.\SurfaceUpdate\AudioSST\WoVartifacts\Echo\m\de-DE\echo_de-DE_ex.amp
.\SurfaceUpdate\AudioSST\WoVartifacts\Echo\m\de-DE\echo_de-DE_ex.dsp
.\SurfaceUpdate\AudioSST\WoVartifacts\Echo\m\de-DE\echo_de-DE_ex.eth
.\SurfaceUpdate\AudioSST\WoVartifacts\Echo\m\de-DE\echo_de-DE_ex.nrm
.\SurfaceUpdate\AudioSST\WoVartifacts\Echo\m\de-DE\echo_de-DE_ex.phm
.\SurfaceUpdate\AudioSST\WoVartifacts\Echo\m\de-DE\echo_de-DE_ex.th
.\SurfaceUpdate\AudioSST\WoVartifacts\Echo\m\en-UK
.\SurfaceUpdate\AudioSST\WoVartifacts\Echo\m\en-UK\echo_en-UK.amp
.\SurfaceUpdate\AudioSST\WoVartifacts\Echo\m\en-UK\echo_en-UK.dsp
.\SurfaceUpdate\AudioSST\WoVartifacts\Echo\m\en-UK\echo_en-UK.nrm
.\SurfaceUpdate\AudioSST\WoVartifacts\Echo\m\en-UK\echo_en-UK.phm
.\SurfaceUpdate\AudioSST\WoVartifacts\Echo\m\en-UK\echo_en-UK.th
.\SurfaceUpdate\AudioSST\WoVartifacts\Echo\m\en-UK\echo_en-UK_ex.amp
.\SurfaceUpdate\AudioSST\WoVartifacts\Echo\m\en-UK\echo_en-UK_ex.dsp
.\SurfaceUpdate\AudioSST\WoVartifacts\Echo\m\en-UK\echo_en-UK_ex.eth
.\SurfaceUpdate\AudioSST\WoVartifacts\Echo\m\en-UK\echo_en-UK_ex.nrm
.\SurfaceUpdate\AudioSST\WoVartifacts\Echo\m\en-UK\echo_en-UK_ex.phm
.\SurfaceUpdate\AudioSST\WoVartifacts\Echo\m\en-UK\echo_en-UK_ex.th
.\SurfaceUpdate\AudioSST\WoVartifacts\Echo\m\en-US
.\SurfaceUpdate\AudioSST\WoVartifacts\Echo\m\en-US\echo_en-US.amp
.\SurfaceUpdate\AudioSST\WoVartifacts\Echo\m\en-US\echo_en-US.dsp
.\SurfaceUpdate\AudioSST\WoVartifacts\Echo\m\en-US\echo_en-US.nrm
.\SurfaceUpdate\AudioSST\WoVartifacts\Echo\m\en-US\echo_en-US.phm
.\SurfaceUpdate\AudioSST\WoVartifacts\Echo\m\en-US\echo_en-US.th
.\SurfaceUpdate\AudioSST\WoVartifacts\Echo\m\en-US\echo_en-US_ex.amp
.\SurfaceUpdate\AudioSST\WoVartifacts\Echo\m\en-US\echo_en-US_ex.dsp
.\SurfaceUpdate\AudioSST\WoVartifacts\Echo\m\en-US\echo_en-US_ex.eth
.\SurfaceUpdate\AudioSST\WoVartifacts\Echo\m\en-US\echo_en-US_ex.nrm
.\SurfaceUpdate\AudioSST\WoVartifacts\Echo\m\en-US\echo_en-US_ex.phm
.\SurfaceUpdate\AudioSST\WoVartifacts\Echo\m\en-US\echo_en-US_ex.th
.\SurfaceUpdate\AudioSST\WoVartifacts\Echo\m\ubm_echo.bin
.\SurfaceUpdate\AudioSST\WoVartifacts\Echo\m\ubm_echo.th
.\SurfaceUpdate\AudioSST\WoVartifacts\Echo\echo_constraints.conf
.\SurfaceUpdate\AudioSST\WoVartifacts\HwKws
.\SurfaceUpdate\AudioSST\WoVartifacts\HwKws\m
.\SurfaceUpdate\AudioSST\WoVartifacts\HwKws\m\de-DE
.\SurfaceUpdate\AudioSST\WoVartifacts\HwKws\m\de-DE\cortana_de-DE.amp
.\SurfaceUpdate\AudioSST\WoVartifacts\HwKws\m\de-DE\cortana_de-DE.dsp
.\SurfaceUpdate\AudioSST\WoVartifacts\HwKws\m\de-DE\cortana_de-DE.nrm
.\SurfaceUpdate\AudioSST\WoVartifacts\HwKws\m\de-DE\cortana_de-DE.phm
.\SurfaceUpdate\AudioSST\WoVartifacts\HwKws\m\de-DE\cortana_de-DE.th
.\SurfaceUpdate\AudioSST\WoVartifacts\HwKws\m\de-DE\cortana_de-DE.uth
.\SurfaceUpdate\AudioSST\WoVartifacts\HwKws\m\en-AU
.\SurfaceUpdate\AudioSST\WoVartifacts\HwKws\m\en-AU\cortana_en-AU.amp
.\SurfaceUpdate\AudioSST\WoVartifacts\HwKws\m\en-AU\cortana_en-AU.dsp
.\SurfaceUpdate\AudioSST\WoVartifacts\HwKws\m\en-AU\cortana_en-AU.nrm
.\SurfaceUpdate\AudioSST\WoVartifacts\HwKws\m\en-AU\cortana_en-AU.phm
.\SurfaceUpdate\AudioSST\WoVartifacts\HwKws\m\en-AU\cortana_en-AU.th
.\SurfaceUpdate\AudioSST\WoVartifacts\HwKws\m\en-AU\cortana_en-AU.uth
.\SurfaceUpdate\AudioSST\WoVartifacts\HwKws\m\en-CA
.\SurfaceUpdate\AudioSST\WoVartifacts\HwKws\m\en-CA\cortana_en-CA.amp
.\SurfaceUpdate\AudioSST\WoVartifacts\HwKws\m\en-CA\cortana_en-CA.dsp
.\SurfaceUpdate\AudioSST\WoVartifacts\HwKws\m\en-CA\cortana_en-CA.nrm
.\SurfaceUpdate\AudioSST\WoVartifacts\HwKws\m\en-CA\cortana_en-CA.phm
.\SurfaceUpdate\AudioSST\WoVartifacts\HwKws\m\en-CA\cortana_en-CA.th
.\SurfaceUpdate\AudioSST\WoVartifacts\HwKws\m\en-CA\cortana_en-CA.uth
.\SurfaceUpdate\AudioSST\WoVartifacts\HwKws\m\en-IN
.\SurfaceUpdate\AudioSST\WoVartifacts\HwKws\m\en-IN\cortana_en-IN.amp
.\SurfaceUpdate\AudioSST\WoVartifacts\HwKws\m\en-IN\cortana_en-IN.dsp
.\SurfaceUpdate\AudioSST\WoVartifacts\HwKws\m\en-IN\cortana_en-IN.nrm
.\SurfaceUpdate\AudioSST\WoVartifacts\HwKws\m\en-IN\cortana_en-IN.phm
.\SurfaceUpdate\AudioSST\WoVartifacts\HwKws\m\en-IN\cortana_en-IN.th
.\SurfaceUpdate\AudioSST\WoVartifacts\HwKws\m\en-IN\cortana_en-IN.uth
.\SurfaceUpdate\AudioSST\WoVartifacts\HwKws\m\en-UK
.\SurfaceUpdate\AudioSST\WoVartifacts\HwKws\m\en-UK\cortana_en-UK.amp
.\SurfaceUpdate\AudioSST\WoVartifacts\HwKws\m\en-UK\cortana_en-UK.dsp
.\SurfaceUpdate\AudioSST\WoVartifacts\HwKws\m\en-UK\cortana_en-UK.nrm
.\SurfaceUpdate\AudioSST\WoVartifacts\HwKws\m\en-UK\cortana_en-UK.phm
.\SurfaceUpdate\AudioSST\WoVartifacts\HwKws\m\en-UK\cortana_en-UK.th
.\SurfaceUpdate\AudioSST\WoVartifacts\HwKws\m\en-UK\cortana_en-UK.uth
.\SurfaceUpdate\AudioSST\WoVartifacts\HwKws\m\en-US
.\SurfaceUpdate\AudioSST\WoVartifacts\HwKws\m\en-US\cortana_en-US.amp
.\SurfaceUpdate\AudioSST\WoVartifacts\HwKws\m\en-US\cortana_en-US.dsp
.\SurfaceUpdate\AudioSST\WoVartifacts\HwKws\m\en-US\cortana_en-US.nrm
.\SurfaceUpdate\AudioSST\WoVartifacts\HwKws\m\en-US\cortana_en-US.phm
.\SurfaceUpdate\AudioSST\WoVartifacts\HwKws\m\en-US\cortana_en-US.th
.\SurfaceUpdate\AudioSST\WoVartifacts\HwKws\m\en-US\cortana_en-US.uth
.\SurfaceUpdate\AudioSST\WoVartifacts\HwKws\m\es-ES
.\SurfaceUpdate\AudioSST\WoVartifacts\HwKws\m\es-ES\cortana_es-ES.amp
.\SurfaceUpdate\AudioSST\WoVartifacts\HwKws\m\es-ES\cortana_es-ES.dsp
.\SurfaceUpdate\AudioSST\WoVartifacts\HwKws\m\es-ES\cortana_es-ES.nrm
.\SurfaceUpdate\AudioSST\WoVartifacts\HwKws\m\es-ES\cortana_es-ES.phm
.\SurfaceUpdate\AudioSST\WoVartifacts\HwKws\m\es-ES\cortana_es-ES.th
.\SurfaceUpdate\AudioSST\WoVartifacts\HwKws\m\es-ES\cortana_es-ES.uth
.\SurfaceUpdate\AudioSST\WoVartifacts\HwKws\m\es-MX
.\SurfaceUpdate\AudioSST\WoVartifacts\HwKws\m\es-MX\cortana_es-MX.amp
.\SurfaceUpdate\AudioSST\WoVartifacts\HwKws\m\es-MX\cortana_es-MX.dsp
.\SurfaceUpdate\AudioSST\WoVartifacts\HwKws\m\es-MX\cortana_es-MX.nrm
.\SurfaceUpdate\AudioSST\WoVartifacts\HwKws\m\es-MX\cortana_es-MX.phm
.\SurfaceUpdate\AudioSST\WoVartifacts\HwKws\m\es-MX\cortana_es-MX.th
.\SurfaceUpdate\AudioSST\WoVartifacts\HwKws\m\es-MX\cortana_es-MX.uth
.\SurfaceUpdate\AudioSST\WoVartifacts\HwKws\m\fr-CA
.\SurfaceUpdate\AudioSST\WoVartifacts\HwKws\m\fr-CA\cortana_fr-CA.amp
.\SurfaceUpdate\AudioSST\WoVartifacts\HwKws\m\fr-CA\cortana_fr-CA.dsp
.\SurfaceUpdate\AudioSST\WoVartifacts\HwKws\m\fr-CA\cortana_fr-CA.nrm
.\SurfaceUpdate\AudioSST\WoVartifacts\HwKws\m\fr-CA\cortana_fr-CA.phm
.\SurfaceUpdate\AudioSST\WoVartifacts\HwKws\m\fr-CA\cortana_fr-CA.th
.\SurfaceUpdate\AudioSST\WoVartifacts\HwKws\m\fr-CA\cortana_fr-CA.uth
.\SurfaceUpdate\AudioSST\WoVartifacts\HwKws\m\fr-FR
.\SurfaceUpdate\AudioSST\WoVartifacts\HwKws\m\fr-FR\cortana_fr-FR.amp
.\SurfaceUpdate\AudioSST\WoVartifacts\HwKws\m\fr-FR\cortana_fr-FR.dsp
.\SurfaceUpdate\AudioSST\WoVartifacts\HwKws\m\fr-FR\cortana_fr-FR.nrm
.\SurfaceUpdate\AudioSST\WoVartifacts\HwKws\m\fr-FR\cortana_fr-FR.phm
.\SurfaceUpdate\AudioSST\WoVartifacts\HwKws\m\fr-FR\cortana_fr-FR.th
.\SurfaceUpdate\AudioSST\WoVartifacts\HwKws\m\fr-FR\cortana_fr-FR.uth
.\SurfaceUpdate\AudioSST\WoVartifacts\HwKws\m\it-IT
.\SurfaceUpdate\AudioSST\WoVartifacts\HwKws\m\it-IT\cortana_it-IT.amp
.\SurfaceUpdate\AudioSST\WoVartifacts\HwKws\m\it-IT\cortana_it-IT.dsp
.\SurfaceUpdate\AudioSST\WoVartifacts\HwKws\m\it-IT\cortana_it-IT.nrm
.\SurfaceUpdate\AudioSST\WoVartifacts\HwKws\m\it-IT\cortana_it-IT.phm
.\SurfaceUpdate\AudioSST\WoVartifacts\HwKws\m\it-IT\cortana_it-IT.th
.\SurfaceUpdate\AudioSST\WoVartifacts\HwKws\m\it-IT\cortana_it-IT.uth
.\SurfaceUpdate\AudioSST\WoVartifacts\HwKws\m\ja-JP
.\SurfaceUpdate\AudioSST\WoVartifacts\HwKws\m\ja-JP\cortana_ja-JP.amp
.\SurfaceUpdate\AudioSST\WoVartifacts\HwKws\m\ja-JP\cortana_ja-JP.dsp
.\SurfaceUpdate\AudioSST\WoVartifacts\HwKws\m\ja-JP\cortana_ja-JP.nrm
.\SurfaceUpdate\AudioSST\WoVartifacts\HwKws\m\ja-JP\cortana_ja-JP.phm
.\SurfaceUpdate\AudioSST\WoVartifacts\HwKws\m\ja-JP\cortana_ja-JP.th
.\SurfaceUpdate\AudioSST\WoVartifacts\HwKws\m\ja-JP\cortana_ja-JP.uth
.\SurfaceUpdate\AudioSST\WoVartifacts\HwKws\m\pt-BR
.\SurfaceUpdate\AudioSST\WoVartifacts\HwKws\m\pt-BR\cortana_pt-BR.amp
.\SurfaceUpdate\AudioSST\WoVartifacts\HwKws\m\pt-BR\cortana_pt-BR.dsp
.\SurfaceUpdate\AudioSST\WoVartifacts\HwKws\m\pt-BR\cortana_pt-BR.nrm
.\SurfaceUpdate\AudioSST\WoVartifacts\HwKws\m\pt-BR\cortana_pt-BR.phm
.\SurfaceUpdate\AudioSST\WoVartifacts\HwKws\m\pt-BR\cortana_pt-BR.th
.\SurfaceUpdate\AudioSST\WoVartifacts\HwKws\m\pt-BR\cortana_pt-BR.uth
.\SurfaceUpdate\AudioSST\WoVartifacts\HwKws\m\zh-CN
.\SurfaceUpdate\AudioSST\WoVartifacts\HwKws\m\zh-CN\cortana_zh-CN.amp
.\SurfaceUpdate\AudioSST\WoVartifacts\HwKws\m\zh-CN\cortana_zh-CN.dsp
.\SurfaceUpdate\AudioSST\WoVartifacts\HwKws\m\zh-CN\cortana_zh-CN.nrm
.\SurfaceUpdate\AudioSST\WoVartifacts\HwKws\m\zh-CN\cortana_zh-CN.phm
.\SurfaceUpdate\AudioSST\WoVartifacts\HwKws\m\zh-CN\cortana_zh-CN.th
.\SurfaceUpdate\AudioSST\WoVartifacts\HwKws\m\zh-CN\cortana_zh-CN.uth
.\SurfaceUpdate\AudioSST\WoVartifacts\HwKws\cortana_constraints.conf
.\SurfaceUpdate\AudioSST\WoVartifacts\HwKws\IntelHwKws.config
.\SurfaceUpdate\AudioSST\WoVartifacts\HwKws\IntelHwKws.not_dll
.\SurfaceUpdate\AudioSST\WoVartifacts\HwKws\IntelHwKwsImpl.not_dll
.\SurfaceUpdate\AudioSST\WoVartifacts\HwKws\IntelWovSDK_MTUWP.not_dll
.\SurfaceUpdate\AudioSST\WoVartifacts\HwKws\ReleaseNotes.txt
.\SurfaceUpdate\AudioSST\WoVartifacts\Service
.\SurfaceUpdate\AudioSST\WoVartifacts\Service\IntelWovSDK_S.not_dll
.\SurfaceUpdate\AudioSST\WoVartifacts\Service\MultiChannelWoV_S.not_dll
.\SurfaceUpdate\AudioSST\DetectionVerificationDrv.dll
.\SurfaceUpdate\AudioSST\IntcOED.cat
.\SurfaceUpdate\AudioSST\IntcOED.inf
.\SurfaceUpdate\AudioSST\IntcOED.sys
.\SurfaceUpdate\AudioSST\IntelSSTPreprocStreamer.dll
.\SurfaceUpdate\AudioSST\IntelWovSDK.dll
.\SurfaceUpdate\AudioSST\MultiChannelWoV.dll
.\SurfaceUpdate\AudioSSTBus
.\SurfaceUpdate\AudioSSTBus\IntcAudioBus.cat
.\SurfaceUpdate\AudioSSTBus\IntcAudioBus.inf
.\SurfaceUpdate\AudioSSTBus\IntcAudioBus.sys
.\SurfaceUpdate\Camera
.\SurfaceUpdate\Camera\cilkrts20_64.dll
.\SurfaceUpdate\Camera\CSI2HostControllerDriver.sys
.\SurfaceUpdate\Camera\css_fw.bin
.\SurfaceUpdate\Camera\defaultCpff.aiqb
.\SurfaceUpdate\Camera\iacamera64.cat
.\SurfaceUpdate\Camera\iacamera64.inf
.\SurfaceUpdate\Camera\iacamera64.sys
.\SurfaceUpdate\Camera\iactrllogic64.sys
.\SurfaceUpdate\Camera\iaisp64.sys
.\SurfaceUpdate\Camera\Intel OBL Software License Agreement (OEMIHVISV Distribution & Single User) (v. 11.2.2017).txt
.\SurfaceUpdate\Camera\IntelCameraPlugin64.dll
.\SurfaceUpdate\Camera\libia_cp64.dll
.\SurfaceUpdate\Camera\mute.bmp
.\SurfaceUpdate\Camera\ov5693.sys
.\SurfaceUpdate\Camera\OV5693_13P2BA540_SKY.cpf
.\SurfaceUpdate\Camera\OV5693_13P2BA540_SKY_pipeCfg.bin
.\SurfaceUpdate\Camera\OV5693_5BA505T2_SKY.cpf
.\SurfaceUpdate\Camera\OV5693_5BA505T2_SKY_pipeCfg.bin
.\SurfaceUpdate\Camera\OV5693_AM-5C012_SKY.cpf
.\SurfaceUpdate\Camera\OV5693_AM-5C012_SKY_pipeCfg.bin
.\SurfaceUpdate\Camera\OV5693_CJAF513_SKY.cpf
.\SurfaceUpdate\Camera\OV5693_CJAF513_SKY_pipeCfg.bin
.\SurfaceUpdate\Camera\OV5693_MSHW0070_SKY.cpf
.\SurfaceUpdate\Camera\OV5693_MSHW0070_SKY_pipeCfg.bin
.\SurfaceUpdate\Camera\OV5693_MSHW0120_SKY.cpf
.\SurfaceUpdate\Camera\OV5693_MSHW0120_SKY_pipeCfg.bin
.\SurfaceUpdate\Camera\OV5693_MSHW0140_SKY.CPF
.\SurfaceUpdate\Camera\OV5693_MSHW0140_SKY_pipeCfg.bin
.\SurfaceUpdate\Camera\OV5693_MSHW0150_SKY.cpf
.\SurfaceUpdate\Camera\OV5693_MSHW0150_SKY_pipeCfg.bin
.\SurfaceUpdate\Camera\OV5693_YHCU_SKY.cpf
.\SurfaceUpdate\Camera\OV5693_YHCU_SKY_pipeCfg.bin
.\SurfaceUpdate\Camera\ov7251.sys
.\SurfaceUpdate\Camera\OV7251_6SF002T2_SKY.CPF
.\SurfaceUpdate\Camera\OV7251_6SF002T2_SKY_pipeCfg.bin
.\SurfaceUpdate\Camera\OV7251_MSHW0072_SKY.cpf
.\SurfaceUpdate\Camera\OV7251_MSHW0072_SKY_pipeCfg.bin
.\SurfaceUpdate\Camera\OV7251_MSHW0074_SKY.cpf
.\SurfaceUpdate\Camera\OV7251_MSHW0074_SKY_pipeCfg.bin
.\SurfaceUpdate\Camera\OV7251_MSHW0122_SKY.cpf
.\SurfaceUpdate\Camera\OV7251_MSHW0122_SKY_pipeCfg.bin
.\SurfaceUpdate\Camera\OV7251_MSHW0142_SKY.cpf
.\SurfaceUpdate\Camera\OV7251_MSHW0142_SKY_pipeCfg.bin
.\SurfaceUpdate\Camera\OV7251_MSHW0152_SKY.cpf
.\SurfaceUpdate\Camera\OV7251_MSHW0152_SKY_pipeCfg.bin
.\SurfaceUpdate\Camera\OV7251_YHCV_SKY.cpf
.\SurfaceUpdate\Camera\OV7251_YHCV_SKY_pipeCfg.bin
.\SurfaceUpdate\Camera\ov8865.sys
.\SurfaceUpdate\Camera\OV8865_MSHW0071_SKY.cpf
.\SurfaceUpdate\Camera\OV8865_MSHW0071_SKY_pipeCfg.bin
.\SurfaceUpdate\Camera\OV8865_MSHW0121_SKY.cpf
.\SurfaceUpdate\Camera\OV8865_MSHW0121_SKY_pipeCfg.bin
.\SurfaceUpdate\Camera\OV8865_MSHW0141_SKY.cpf
.\SurfaceUpdate\Camera\OV8865_MSHW0141_SKY_pipeCfg.bin
.\SurfaceUpdate\Camera\OV8865_MSHW0151_SKY.cpf
.\SurfaceUpdate\Camera\OV8865_MSHW0151_SKY_pipeCfg.bin
.\SurfaceUpdate\Camera\OV8865_MYCLAA4T_SKY.cpf
.\SurfaceUpdate\Camera\OV8865_MYCLAA4T_SKY_pipeCfg.bin
.\SurfaceUpdate\Camera\OV8865_YHCT_SKY.cpf
.\SurfaceUpdate\Camera\OV8865_YHCT_SKY_pipeCfg.bin
.\SurfaceUpdate\Camera\ov9734.sys
.\SurfaceUpdate\Camera\OV9734_MSHW0073_SKY.cpf
.\SurfaceUpdate\Camera\OV9734_MSHW0073_SKY_pipeCfg.bin
.\SurfaceUpdate\Camera\pvl64.dll
.\SurfaceUpdate\Camera\pvl_perspective_control64.dll
.\SurfaceUpdate\Camera\pvl_skin_smoothing_denoising64.dll
.\SurfaceUpdate\CameraCSI2Host
.\SurfaceUpdate\CameraCSI2Host\cilkrts20_64.dll
.\SurfaceUpdate\CameraCSI2Host\CSI2HostControllerDriver.cat
.\SurfaceUpdate\CameraCSI2Host\CSI2HostControllerDriver.inf
.\SurfaceUpdate\CameraCSI2Host\CSI2HostControllerDriver.sys
.\SurfaceUpdate\CameraCSI2Host\css_fw.bin
.\SurfaceUpdate\CameraCSI2Host\defaultCpff.aiqb
.\SurfaceUpdate\CameraCSI2Host\iacamera64.sys
.\SurfaceUpdate\CameraCSI2Host\iactrllogic64.sys
.\SurfaceUpdate\CameraCSI2Host\iaisp64.sys
.\SurfaceUpdate\CameraCSI2Host\Intel OBL Software License Agreement (OEMIHVISV Distribution & Single User) (v. 11.2.2017).txt
.\SurfaceUpdate\CameraCSI2Host\IntelCameraPlugin64.dll
.\SurfaceUpdate\CameraCSI2Host\libia_cp64.dll
.\SurfaceUpdate\CameraCSI2Host\mute.bmp
.\SurfaceUpdate\CameraCSI2Host\ov5693.sys
.\SurfaceUpdate\CameraCSI2Host\OV5693_13P2BA540_SKY.cpf
.\SurfaceUpdate\CameraCSI2Host\OV5693_13P2BA540_SKY_pipeCfg.bin
.\SurfaceUpdate\CameraCSI2Host\OV5693_5BA505T2_SKY.cpf
.\SurfaceUpdate\CameraCSI2Host\OV5693_5BA505T2_SKY_pipeCfg.bin
.\SurfaceUpdate\CameraCSI2Host\OV5693_AM-5C012_SKY.cpf
.\SurfaceUpdate\CameraCSI2Host\OV5693_AM-5C012_SKY_pipeCfg.bin
.\SurfaceUpdate\CameraCSI2Host\OV5693_CJAF513_SKY.cpf
.\SurfaceUpdate\CameraCSI2Host\OV5693_CJAF513_SKY_pipeCfg.bin
.\SurfaceUpdate\CameraCSI2Host\OV5693_MSHW0070_SKY.cpf
.\SurfaceUpdate\CameraCSI2Host\OV5693_MSHW0070_SKY_pipeCfg.bin
.\SurfaceUpdate\CameraCSI2Host\OV5693_MSHW0120_SKY.cpf
.\SurfaceUpdate\CameraCSI2Host\OV5693_MSHW0120_SKY_pipeCfg.bin
.\SurfaceUpdate\CameraCSI2Host\OV5693_MSHW0140_SKY.CPF
.\SurfaceUpdate\CameraCSI2Host\OV5693_MSHW0140_SKY_pipeCfg.bin
.\SurfaceUpdate\CameraCSI2Host\OV5693_MSHW0150_SKY.cpf
.\SurfaceUpdate\CameraCSI2Host\OV5693_MSHW0150_SKY_pipeCfg.bin
.\SurfaceUpdate\CameraCSI2Host\OV5693_YHCU_SKY.cpf
.\SurfaceUpdate\CameraCSI2Host\OV5693_YHCU_SKY_pipeCfg.bin
.\SurfaceUpdate\CameraCSI2Host\ov7251.sys
.\SurfaceUpdate\CameraCSI2Host\OV7251_6SF002T2_SKY.CPF
.\SurfaceUpdate\CameraCSI2Host\OV7251_6SF002T2_SKY_pipeCfg.bin
.\SurfaceUpdate\CameraCSI2Host\OV7251_MSHW0072_SKY.cpf
.\SurfaceUpdate\CameraCSI2Host\OV7251_MSHW0072_SKY_pipeCfg.bin
.\SurfaceUpdate\CameraCSI2Host\OV7251_MSHW0074_SKY.cpf
.\SurfaceUpdate\CameraCSI2Host\OV7251_MSHW0074_SKY_pipeCfg.bin
.\SurfaceUpdate\CameraCSI2Host\OV7251_MSHW0122_SKY.cpf
.\SurfaceUpdate\CameraCSI2Host\OV7251_MSHW0122_SKY_pipeCfg.bin
.\SurfaceUpdate\CameraCSI2Host\OV7251_MSHW0142_SKY.cpf
.\SurfaceUpdate\CameraCSI2Host\OV7251_MSHW0142_SKY_pipeCfg.bin
.\SurfaceUpdate\CameraCSI2Host\OV7251_MSHW0152_SKY.cpf
.\SurfaceUpdate\CameraCSI2Host\OV7251_MSHW0152_SKY_pipeCfg.bin
.\SurfaceUpdate\CameraCSI2Host\OV7251_YHCV_SKY.cpf
.\SurfaceUpdate\CameraCSI2Host\OV7251_YHCV_SKY_pipeCfg.bin
.\SurfaceUpdate\CameraCSI2Host\ov8865.sys
.\SurfaceUpdate\CameraCSI2Host\OV8865_MSHW0071_SKY.cpf
.\SurfaceUpdate\CameraCSI2Host\OV8865_MSHW0071_SKY_pipeCfg.bin
.\SurfaceUpdate\CameraCSI2Host\OV8865_MSHW0121_SKY.cpf
.\SurfaceUpdate\CameraCSI2Host\OV8865_MSHW0121_SKY_pipeCfg.bin
.\SurfaceUpdate\CameraCSI2Host\OV8865_MSHW0141_SKY.cpf
.\SurfaceUpdate\CameraCSI2Host\OV8865_MSHW0141_SKY_pipeCfg.bin
.\SurfaceUpdate\CameraCSI2Host\OV8865_MSHW0151_SKY.cpf
.\SurfaceUpdate\CameraCSI2Host\OV8865_MSHW0151_SKY_pipeCfg.bin
.\SurfaceUpdate\CameraCSI2Host\OV8865_MYCLAA4T_SKY.cpf
.\SurfaceUpdate\CameraCSI2Host\OV8865_MYCLAA4T_SKY_pipeCfg.bin
.\SurfaceUpdate\CameraCSI2Host\OV8865_YHCT_SKY.cpf
.\SurfaceUpdate\CameraCSI2Host\OV8865_YHCT_SKY_pipeCfg.bin
.\SurfaceUpdate\CameraCSI2Host\ov9734.sys
.\SurfaceUpdate\CameraCSI2Host\OV9734_MSHW0073_SKY.cpf
.\SurfaceUpdate\CameraCSI2Host\OV9734_MSHW0073_SKY_pipeCfg.bin
.\SurfaceUpdate\CameraCSI2Host\pvl64.dll
.\SurfaceUpdate\CameraCSI2Host\pvl_perspective_control64.dll
.\SurfaceUpdate\CameraCSI2Host\pvl_skin_smoothing_denoising64.dll
.\SurfaceUpdate\CameraCtlLogic
.\SurfaceUpdate\CameraCtlLogic\cilkrts20_64.dll
.\SurfaceUpdate\CameraCtlLogic\CSI2HostControllerDriver.sys
.\SurfaceUpdate\CameraCtlLogic\css_fw.bin
.\SurfaceUpdate\CameraCtlLogic\defaultCpff.aiqb
.\SurfaceUpdate\CameraCtlLogic\iacamera64.sys
.\SurfaceUpdate\CameraCtlLogic\iactrllogic64.cat
.\SurfaceUpdate\CameraCtlLogic\iactrllogic64.inf
.\SurfaceUpdate\CameraCtlLogic\iactrllogic64.sys
.\SurfaceUpdate\CameraCtlLogic\iaisp64.sys
.\SurfaceUpdate\CameraCtlLogic\Intel OBL Software License Agreement (OEMIHVISV Distribution & Single User) (v. 11.2.2017).txt
.\SurfaceUpdate\CameraCtlLogic\IntelCameraPlugin64.dll
.\SurfaceUpdate\CameraCtlLogic\libia_cp64.dll
.\SurfaceUpdate\CameraCtlLogic\mute.bmp
.\SurfaceUpdate\CameraCtlLogic\ov5693.sys
.\SurfaceUpdate\CameraCtlLogic\OV5693_13P2BA540_SKY.cpf
.\SurfaceUpdate\CameraCtlLogic\OV5693_13P2BA540_SKY_pipeCfg.bin
.\SurfaceUpdate\CameraCtlLogic\OV5693_5BA505T2_SKY.cpf
.\SurfaceUpdate\CameraCtlLogic\OV5693_5BA505T2_SKY_pipeCfg.bin
.\SurfaceUpdate\CameraCtlLogic\OV5693_AM-5C012_SKY.cpf
.\SurfaceUpdate\CameraCtlLogic\OV5693_AM-5C012_SKY_pipeCfg.bin
.\SurfaceUpdate\CameraCtlLogic\OV5693_CJAF513_SKY.cpf
.\SurfaceUpdate\CameraCtlLogic\OV5693_CJAF513_SKY_pipeCfg.bin
.\SurfaceUpdate\CameraCtlLogic\OV5693_MSHW0070_SKY.cpf
.\SurfaceUpdate\CameraCtlLogic\OV5693_MSHW0070_SKY_pipeCfg.bin
.\SurfaceUpdate\CameraCtlLogic\OV5693_MSHW0120_SKY.cpf
.\SurfaceUpdate\CameraCtlLogic\OV5693_MSHW0120_SKY_pipeCfg.bin
.\SurfaceUpdate\CameraCtlLogic\OV5693_MSHW0140_SKY.CPF
.\SurfaceUpdate\CameraCtlLogic\OV5693_MSHW0140_SKY_pipeCfg.bin
.\SurfaceUpdate\CameraCtlLogic\OV5693_MSHW0150_SKY.cpf
.\SurfaceUpdate\CameraCtlLogic\OV5693_MSHW0150_SKY_pipeCfg.bin
.\SurfaceUpdate\CameraCtlLogic\OV5693_YHCU_SKY.cpf
.\SurfaceUpdate\CameraCtlLogic\OV5693_YHCU_SKY_pipeCfg.bin
.\SurfaceUpdate\CameraCtlLogic\ov7251.sys
.\SurfaceUpdate\CameraCtlLogic\OV7251_6SF002T2_SKY.CPF
.\SurfaceUpdate\CameraCtlLogic\OV7251_6SF002T2_SKY_pipeCfg.bin
.\SurfaceUpdate\CameraCtlLogic\OV7251_MSHW0072_SKY.cpf
.\SurfaceUpdate\CameraCtlLogic\OV7251_MSHW0072_SKY_pipeCfg.bin
.\SurfaceUpdate\CameraCtlLogic\OV7251_MSHW0074_SKY.cpf
.\SurfaceUpdate\CameraCtlLogic\OV7251_MSHW0074_SKY_pipeCfg.bin
.\SurfaceUpdate\CameraCtlLogic\OV7251_MSHW0122_SKY.cpf
.\SurfaceUpdate\CameraCtlLogic\OV7251_MSHW0122_SKY_pipeCfg.bin
.\SurfaceUpdate\CameraCtlLogic\OV7251_MSHW0142_SKY.cpf
.\SurfaceUpdate\CameraCtlLogic\OV7251_MSHW0142_SKY_pipeCfg.bin
.\SurfaceUpdate\CameraCtlLogic\OV7251_MSHW0152_SKY.cpf
.\SurfaceUpdate\CameraCtlLogic\OV7251_MSHW0152_SKY_pipeCfg.bin
.\SurfaceUpdate\CameraCtlLogic\OV7251_YHCV_SKY.cpf
.\SurfaceUpdate\CameraCtlLogic\OV7251_YHCV_SKY_pipeCfg.bin
.\SurfaceUpdate\CameraCtlLogic\ov8865.sys
.\SurfaceUpdate\CameraCtlLogic\OV8865_MSHW0071_SKY.cpf
.\SurfaceUpdate\CameraCtlLogic\OV8865_MSHW0071_SKY_pipeCfg.bin
.\SurfaceUpdate\CameraCtlLogic\OV8865_MSHW0121_SKY.cpf
.\SurfaceUpdate\CameraCtlLogic\OV8865_MSHW0121_SKY_pipeCfg.bin
.\SurfaceUpdate\CameraCtlLogic\OV8865_MSHW0141_SKY.cpf
.\SurfaceUpdate\CameraCtlLogic\OV8865_MSHW0141_SKY_pipeCfg.bin
.\SurfaceUpdate\CameraCtlLogic\OV8865_MSHW0151_SKY.cpf
.\SurfaceUpdate\CameraCtlLogic\OV8865_MSHW0151_SKY_pipeCfg.bin
.\SurfaceUpdate\CameraCtlLogic\OV8865_MYCLAA4T_SKY.cpf
.\SurfaceUpdate\CameraCtlLogic\OV8865_MYCLAA4T_SKY_pipeCfg.bin
.\SurfaceUpdate\CameraCtlLogic\OV8865_YHCT_SKY.cpf
.\SurfaceUpdate\CameraCtlLogic\OV8865_YHCT_SKY_pipeCfg.bin
.\SurfaceUpdate\CameraCtlLogic\ov9734.sys
.\SurfaceUpdate\CameraCtlLogic\OV9734_MSHW0073_SKY.cpf
.\SurfaceUpdate\CameraCtlLogic\OV9734_MSHW0073_SKY_pipeCfg.bin
.\SurfaceUpdate\CameraCtlLogic\pvl64.dll
.\SurfaceUpdate\CameraCtlLogic\pvl_perspective_control64.dll
.\SurfaceUpdate\CameraCtlLogic\pvl_skin_smoothing_denoising64.dll
.\SurfaceUpdate\CameraSensor5693
.\SurfaceUpdate\CameraSensor5693\cilkrts20_64.dll
.\SurfaceUpdate\CameraSensor5693\CSI2HostControllerDriver.sys
.\SurfaceUpdate\CameraSensor5693\css_fw.bin
.\SurfaceUpdate\CameraSensor5693\defaultCpff.aiqb
.\SurfaceUpdate\CameraSensor5693\iacamera64.sys
.\SurfaceUpdate\CameraSensor5693\iactrllogic64.sys
.\SurfaceUpdate\CameraSensor5693\iaisp64.sys
.\SurfaceUpdate\CameraSensor5693\Intel OBL Software License Agreement (OEMIHVISV Distribution & Single User) (v. 11.2.2017).txt
.\SurfaceUpdate\CameraSensor5693\IntelCameraPlugin64.dll
.\SurfaceUpdate\CameraSensor5693\libia_cp64.dll
.\SurfaceUpdate\CameraSensor5693\mute.bmp
.\SurfaceUpdate\CameraSensor5693\ov5693.cat
.\SurfaceUpdate\CameraSensor5693\ov5693.inf
.\SurfaceUpdate\CameraSensor5693\ov5693.sys
.\SurfaceUpdate\CameraSensor5693\OV5693_13P2BA540_SKY.cpf
.\SurfaceUpdate\CameraSensor5693\OV5693_13P2BA540_SKY_pipeCfg.bin
.\SurfaceUpdate\CameraSensor5693\OV5693_5BA505T2_SKY.cpf
.\SurfaceUpdate\CameraSensor5693\OV5693_5BA505T2_SKY_pipeCfg.bin
.\SurfaceUpdate\CameraSensor5693\OV5693_AM-5C012_SKY.cpf
.\SurfaceUpdate\CameraSensor5693\OV5693_AM-5C012_SKY_pipeCfg.bin
.\SurfaceUpdate\CameraSensor5693\OV5693_CJAF513_SKY.cpf
.\SurfaceUpdate\CameraSensor5693\OV5693_CJAF513_SKY_pipeCfg.bin
.\SurfaceUpdate\CameraSensor5693\OV5693_MSHW0070_SKY.cpf
.\SurfaceUpdate\CameraSensor5693\OV5693_MSHW0070_SKY_pipeCfg.bin
.\SurfaceUpdate\CameraSensor5693\OV5693_MSHW0120_SKY.cpf
.\SurfaceUpdate\CameraSensor5693\OV5693_MSHW0120_SKY_pipeCfg.bin
.\SurfaceUpdate\CameraSensor5693\OV5693_MSHW0140_SKY.CPF
.\SurfaceUpdate\CameraSensor5693\OV5693_MSHW0140_SKY_pipeCfg.bin
.\SurfaceUpdate\CameraSensor5693\OV5693_MSHW0150_SKY.cpf
.\SurfaceUpdate\CameraSensor5693\OV5693_MSHW0150_SKY_pipeCfg.bin
.\SurfaceUpdate\CameraSensor5693\OV5693_YHCU_SKY.cpf
.\SurfaceUpdate\CameraSensor5693\OV5693_YHCU_SKY_pipeCfg.bin
.\SurfaceUpdate\CameraSensor5693\ov7251.sys
.\SurfaceUpdate\CameraSensor5693\OV7251_6SF002T2_SKY.CPF
.\SurfaceUpdate\CameraSensor5693\OV7251_6SF002T2_SKY_pipeCfg.bin
.\SurfaceUpdate\CameraSensor5693\OV7251_MSHW0072_SKY.cpf
.\SurfaceUpdate\CameraSensor5693\OV7251_MSHW0072_SKY_pipeCfg.bin
.\SurfaceUpdate\CameraSensor5693\OV7251_MSHW0074_SKY.cpf
.\SurfaceUpdate\CameraSensor5693\OV7251_MSHW0074_SKY_pipeCfg.bin
.\SurfaceUpdate\CameraSensor5693\OV7251_MSHW0122_SKY.cpf
.\SurfaceUpdate\CameraSensor5693\OV7251_MSHW0122_SKY_pipeCfg.bin
.\SurfaceUpdate\CameraSensor5693\OV7251_MSHW0142_SKY.cpf
.\SurfaceUpdate\CameraSensor5693\OV7251_MSHW0142_SKY_pipeCfg.bin
.\SurfaceUpdate\CameraSensor5693\OV7251_MSHW0152_SKY.cpf
.\SurfaceUpdate\CameraSensor5693\OV7251_MSHW0152_SKY_pipeCfg.bin
.\SurfaceUpdate\CameraSensor5693\OV7251_YHCV_SKY.cpf
.\SurfaceUpdate\CameraSensor5693\OV7251_YHCV_SKY_pipeCfg.bin
.\SurfaceUpdate\CameraSensor5693\ov8865.sys
.\SurfaceUpdate\CameraSensor5693\OV8865_MSHW0071_SKY.cpf
.\SurfaceUpdate\CameraSensor5693\OV8865_MSHW0071_SKY_pipeCfg.bin
.\SurfaceUpdate\CameraSensor5693\OV8865_MSHW0121_SKY.cpf
.\SurfaceUpdate\CameraSensor5693\OV8865_MSHW0121_SKY_pipeCfg.bin
.\SurfaceUpdate\CameraSensor5693\OV8865_MSHW0141_SKY.cpf
.\SurfaceUpdate\CameraSensor5693\OV8865_MSHW0141_SKY_pipeCfg.bin
.\SurfaceUpdate\CameraSensor5693\OV8865_MSHW0151_SKY.cpf
.\SurfaceUpdate\CameraSensor5693\OV8865_MSHW0151_SKY_pipeCfg.bin
.\SurfaceUpdate\CameraSensor5693\OV8865_MYCLAA4T_SKY.cpf
.\SurfaceUpdate\CameraSensor5693\OV8865_MYCLAA4T_SKY_pipeCfg.bin
.\SurfaceUpdate\CameraSensor5693\OV8865_YHCT_SKY.cpf
.\SurfaceUpdate\CameraSensor5693\OV8865_YHCT_SKY_pipeCfg.bin
.\SurfaceUpdate\CameraSensor5693\ov9734.sys
.\SurfaceUpdate\CameraSensor5693\OV9734_MSHW0073_SKY.cpf
.\SurfaceUpdate\CameraSensor5693\OV9734_MSHW0073_SKY_pipeCfg.bin
.\SurfaceUpdate\CameraSensor5693\pvl64.dll
.\SurfaceUpdate\CameraSensor5693\pvl_perspective_control64.dll
.\SurfaceUpdate\CameraSensor5693\pvl_skin_smoothing_denoising64.dll
.\SurfaceUpdate\CameraSensor7251
.\SurfaceUpdate\CameraSensor7251\cilkrts20_64.dll
.\SurfaceUpdate\CameraSensor7251\CSI2HostControllerDriver.sys
.\SurfaceUpdate\CameraSensor7251\css_fw.bin
.\SurfaceUpdate\CameraSensor7251\defaultCpff.aiqb
.\SurfaceUpdate\CameraSensor7251\iacamera64.sys
.\SurfaceUpdate\CameraSensor7251\iactrllogic64.sys
.\SurfaceUpdate\CameraSensor7251\iaisp64.sys
.\SurfaceUpdate\CameraSensor7251\Intel OBL Software License Agreement (OEMIHVISV Distribution & Single User) (v. 11.2.2017).txt
.\SurfaceUpdate\CameraSensor7251\IntelCameraPlugin64.dll
.\SurfaceUpdate\CameraSensor7251\libia_cp64.dll
.\SurfaceUpdate\CameraSensor7251\mute.bmp
.\SurfaceUpdate\CameraSensor7251\ov5693.sys
.\SurfaceUpdate\CameraSensor7251\OV5693_13P2BA540_SKY.cpf
.\SurfaceUpdate\CameraSensor7251\OV5693_13P2BA540_SKY_pipeCfg.bin
.\SurfaceUpdate\CameraSensor7251\OV5693_5BA505T2_SKY.cpf
.\SurfaceUpdate\CameraSensor7251\OV5693_5BA505T2_SKY_pipeCfg.bin
.\SurfaceUpdate\CameraSensor7251\OV5693_AM-5C012_SKY.cpf
.\SurfaceUpdate\CameraSensor7251\OV5693_AM-5C012_SKY_pipeCfg.bin
.\SurfaceUpdate\CameraSensor7251\OV5693_CJAF513_SKY.cpf
.\SurfaceUpdate\CameraSensor7251\OV5693_CJAF513_SKY_pipeCfg.bin
.\SurfaceUpdate\CameraSensor7251\OV5693_MSHW0070_SKY.cpf
.\SurfaceUpdate\CameraSensor7251\OV5693_MSHW0070_SKY_pipeCfg.bin
.\SurfaceUpdate\CameraSensor7251\OV5693_MSHW0120_SKY.cpf
.\SurfaceUpdate\CameraSensor7251\OV5693_MSHW0120_SKY_pipeCfg.bin
.\SurfaceUpdate\CameraSensor7251\OV5693_MSHW0140_SKY.CPF
.\SurfaceUpdate\CameraSensor7251\OV5693_MSHW0140_SKY_pipeCfg.bin
.\SurfaceUpdate\CameraSensor7251\OV5693_MSHW0150_SKY.cpf
.\SurfaceUpdate\CameraSensor7251\OV5693_MSHW0150_SKY_pipeCfg.bin
.\SurfaceUpdate\CameraSensor7251\OV5693_YHCU_SKY.cpf
.\SurfaceUpdate\CameraSensor7251\OV5693_YHCU_SKY_pipeCfg.bin
.\SurfaceUpdate\CameraSensor7251\ov7251.cat
.\SurfaceUpdate\CameraSensor7251\ov7251.inf
.\SurfaceUpdate\CameraSensor7251\ov7251.sys
.\SurfaceUpdate\CameraSensor7251\OV7251_6SF002T2_SKY.CPF
.\SurfaceUpdate\CameraSensor7251\OV7251_6SF002T2_SKY_pipeCfg.bin
.\SurfaceUpdate\CameraSensor7251\OV7251_MSHW0072_SKY.cpf
.\SurfaceUpdate\CameraSensor7251\OV7251_MSHW0072_SKY_pipeCfg.bin
.\SurfaceUpdate\CameraSensor7251\OV7251_MSHW0074_SKY.cpf
.\SurfaceUpdate\CameraSensor7251\OV7251_MSHW0074_SKY_pipeCfg.bin
.\SurfaceUpdate\CameraSensor7251\OV7251_MSHW0122_SKY.cpf
.\SurfaceUpdate\CameraSensor7251\OV7251_MSHW0122_SKY_pipeCfg.bin
.\SurfaceUpdate\CameraSensor7251\OV7251_MSHW0142_SKY.cpf
.\SurfaceUpdate\CameraSensor7251\OV7251_MSHW0142_SKY_pipeCfg.bin
.\SurfaceUpdate\CameraSensor7251\OV7251_MSHW0152_SKY.cpf
.\SurfaceUpdate\CameraSensor7251\OV7251_MSHW0152_SKY_pipeCfg.bin
.\SurfaceUpdate\CameraSensor7251\OV7251_YHCV_SKY.cpf
.\SurfaceUpdate\CameraSensor7251\OV7251_YHCV_SKY_pipeCfg.bin
.\SurfaceUpdate\CameraSensor7251\ov8865.sys
.\SurfaceUpdate\CameraSensor7251\OV8865_MSHW0071_SKY.cpf
.\SurfaceUpdate\CameraSensor7251\OV8865_MSHW0071_SKY_pipeCfg.bin
.\SurfaceUpdate\CameraSensor7251\OV8865_MSHW0121_SKY.cpf
.\SurfaceUpdate\CameraSensor7251\OV8865_MSHW0121_SKY_pipeCfg.bin
.\SurfaceUpdate\CameraSensor7251\OV8865_MSHW0141_SKY.cpf
.\SurfaceUpdate\CameraSensor7251\OV8865_MSHW0141_SKY_pipeCfg.bin
.\SurfaceUpdate\CameraSensor7251\OV8865_MSHW0151_SKY.cpf
.\SurfaceUpdate\CameraSensor7251\OV8865_MSHW0151_SKY_pipeCfg.bin
.\SurfaceUpdate\CameraSensor7251\OV8865_MYCLAA4T_SKY.cpf
.\SurfaceUpdate\CameraSensor7251\OV8865_MYCLAA4T_SKY_pipeCfg.bin
.\SurfaceUpdate\CameraSensor7251\OV8865_YHCT_SKY.cpf
.\SurfaceUpdate\CameraSensor7251\OV8865_YHCT_SKY_pipeCfg.bin
.\SurfaceUpdate\CameraSensor7251\ov9734.sys
.\SurfaceUpdate\CameraSensor7251\OV9734_MSHW0073_SKY.cpf
.\SurfaceUpdate\CameraSensor7251\OV9734_MSHW0073_SKY_pipeCfg.bin
.\SurfaceUpdate\CameraSensor7251\pvl64.dll
.\SurfaceUpdate\CameraSensor7251\pvl_perspective_control64.dll
.\SurfaceUpdate\CameraSensor7251\pvl_skin_smoothing_denoising64.dll
.\SurfaceUpdate\CameraSensor8865
.\SurfaceUpdate\CameraSensor8865\cilkrts20_64.dll
.\SurfaceUpdate\CameraSensor8865\CSI2HostControllerDriver.sys
.\SurfaceUpdate\CameraSensor8865\css_fw.bin
.\SurfaceUpdate\CameraSensor8865\defaultCpff.aiqb
.\SurfaceUpdate\CameraSensor8865\iacamera64.sys
.\SurfaceUpdate\CameraSensor8865\iactrllogic64.sys
.\SurfaceUpdate\CameraSensor8865\iaisp64.sys
.\SurfaceUpdate\CameraSensor8865\Intel OBL Software License Agreement (OEMIHVISV Distribution & Single User) (v. 11.2.2017).txt
.\SurfaceUpdate\CameraSensor8865\IntelCameraPlugin64.dll
.\SurfaceUpdate\CameraSensor8865\libia_cp64.dll
.\SurfaceUpdate\CameraSensor8865\mute.bmp
.\SurfaceUpdate\CameraSensor8865\ov5693.sys
.\SurfaceUpdate\CameraSensor8865\OV5693_13P2BA540_SKY.cpf
.\SurfaceUpdate\CameraSensor8865\OV5693_13P2BA540_SKY_pipeCfg.bin
.\SurfaceUpdate\CameraSensor8865\OV5693_5BA505T2_SKY.cpf
.\SurfaceUpdate\CameraSensor8865\OV5693_5BA505T2_SKY_pipeCfg.bin
.\SurfaceUpdate\CameraSensor8865\OV5693_AM-5C012_SKY.cpf
.\SurfaceUpdate\CameraSensor8865\OV5693_AM-5C012_SKY_pipeCfg.bin
.\SurfaceUpdate\CameraSensor8865\OV5693_CJAF513_SKY.cpf
.\SurfaceUpdate\CameraSensor8865\OV5693_CJAF513_SKY_pipeCfg.bin
.\SurfaceUpdate\CameraSensor8865\OV5693_MSHW0070_SKY.cpf
.\SurfaceUpdate\CameraSensor8865\OV5693_MSHW0070_SKY_pipeCfg.bin
.\SurfaceUpdate\CameraSensor8865\OV5693_MSHW0120_SKY.cpf
.\SurfaceUpdate\CameraSensor8865\OV5693_MSHW0120_SKY_pipeCfg.bin
.\SurfaceUpdate\CameraSensor8865\OV5693_MSHW0140_SKY.CPF
.\SurfaceUpdate\CameraSensor8865\OV5693_MSHW0140_SKY_pipeCfg.bin
.\SurfaceUpdate\CameraSensor8865\OV5693_MSHW0150_SKY.cpf
.\SurfaceUpdate\CameraSensor8865\OV5693_MSHW0150_SKY_pipeCfg.bin
.\SurfaceUpdate\CameraSensor8865\OV5693_YHCU_SKY.cpf
.\SurfaceUpdate\CameraSensor8865\OV5693_YHCU_SKY_pipeCfg.bin
.\SurfaceUpdate\CameraSensor8865\ov7251.sys
.\SurfaceUpdate\CameraSensor8865\OV7251_6SF002T2_SKY.CPF
.\SurfaceUpdate\CameraSensor8865\OV7251_6SF002T2_SKY_pipeCfg.bin
.\SurfaceUpdate\CameraSensor8865\OV7251_MSHW0072_SKY.cpf
.\SurfaceUpdate\CameraSensor8865\OV7251_MSHW0072_SKY_pipeCfg.bin
.\SurfaceUpdate\CameraSensor8865\OV7251_MSHW0074_SKY.cpf
.\SurfaceUpdate\CameraSensor8865\OV7251_MSHW0074_SKY_pipeCfg.bin
.\SurfaceUpdate\CameraSensor8865\OV7251_MSHW0122_SKY.cpf
.\SurfaceUpdate\CameraSensor8865\OV7251_MSHW0122_SKY_pipeCfg.bin
.\SurfaceUpdate\CameraSensor8865\OV7251_MSHW0142_SKY.cpf
.\SurfaceUpdate\CameraSensor8865\OV7251_MSHW0142_SKY_pipeCfg.bin
.\SurfaceUpdate\CameraSensor8865\OV7251_MSHW0152_SKY.cpf
.\SurfaceUpdate\CameraSensor8865\OV7251_MSHW0152_SKY_pipeCfg.bin
.\SurfaceUpdate\CameraSensor8865\OV7251_YHCV_SKY.cpf
.\SurfaceUpdate\CameraSensor8865\OV7251_YHCV_SKY_pipeCfg.bin
.\SurfaceUpdate\CameraSensor8865\ov8865.cat
.\SurfaceUpdate\CameraSensor8865\ov8865.inf
.\SurfaceUpdate\CameraSensor8865\ov8865.sys
.\SurfaceUpdate\CameraSensor8865\OV8865_MSHW0071_SKY.cpf
.\SurfaceUpdate\CameraSensor8865\OV8865_MSHW0071_SKY_pipeCfg.bin
.\SurfaceUpdate\CameraSensor8865\OV8865_MSHW0121_SKY.cpf
.\SurfaceUpdate\CameraSensor8865\OV8865_MSHW0121_SKY_pipeCfg.bin
.\SurfaceUpdate\CameraSensor8865\OV8865_MSHW0141_SKY.cpf
.\SurfaceUpdate\CameraSensor8865\OV8865_MSHW0141_SKY_pipeCfg.bin
.\SurfaceUpdate\CameraSensor8865\OV8865_MSHW0151_SKY.cpf
.\SurfaceUpdate\CameraSensor8865\OV8865_MSHW0151_SKY_pipeCfg.bin
.\SurfaceUpdate\CameraSensor8865\OV8865_MYCLAA4T_SKY.cpf
.\SurfaceUpdate\CameraSensor8865\OV8865_MYCLAA4T_SKY_pipeCfg.bin
.\SurfaceUpdate\CameraSensor8865\OV8865_YHCT_SKY.cpf
.\SurfaceUpdate\CameraSensor8865\OV8865_YHCT_SKY_pipeCfg.bin
.\SurfaceUpdate\CameraSensor8865\ov9734.sys
.\SurfaceUpdate\CameraSensor8865\OV9734_MSHW0073_SKY.cpf
.\SurfaceUpdate\CameraSensor8865\OV9734_MSHW0073_SKY_pipeCfg.bin
.\SurfaceUpdate\CameraSensor8865\pvl64.dll
.\SurfaceUpdate\CameraSensor8865\pvl_perspective_control64.dll
.\SurfaceUpdate\CameraSensor8865\pvl_skin_smoothing_denoising64.dll
.\SurfaceUpdate\CameraSupport
.\SurfaceUpdate\CameraSupport\cilkrts20_64.dll
.\SurfaceUpdate\CameraSupport\CSI2HostControllerDriver.sys
.\SurfaceUpdate\CameraSupport\css_fw.bin
.\SurfaceUpdate\CameraSupport\defaultCpff.aiqb
.\SurfaceUpdate\CameraSupport\iacamera64.sys
.\SurfaceUpdate\CameraSupport\iactrllogic64.sys
.\SurfaceUpdate\CameraSupport\iaisp64.cat
.\SurfaceUpdate\CameraSupport\iaisp64.inf
.\SurfaceUpdate\CameraSupport\iaisp64.sys
.\SurfaceUpdate\CameraSupport\Intel OBL Software License Agreement (OEMIHVISV Distribution & Single User) (v. 11.2.2017).txt
.\SurfaceUpdate\CameraSupport\IntelCameraPlugin64.dll
.\SurfaceUpdate\CameraSupport\libia_cp64.dll
.\SurfaceUpdate\CameraSupport\mute.bmp
.\SurfaceUpdate\CameraSupport\ov5693.sys
.\SurfaceUpdate\CameraSupport\OV5693_13P2BA540_SKY.cpf
.\SurfaceUpdate\CameraSupport\OV5693_13P2BA540_SKY_pipeCfg.bin
.\SurfaceUpdate\CameraSupport\OV5693_5BA505T2_SKY.cpf
.\SurfaceUpdate\CameraSupport\OV5693_5BA505T2_SKY_pipeCfg.bin
.\SurfaceUpdate\CameraSupport\OV5693_AM-5C012_SKY.cpf
.\SurfaceUpdate\CameraSupport\OV5693_AM-5C012_SKY_pipeCfg.bin
.\SurfaceUpdate\CameraSupport\OV5693_CJAF513_SKY.cpf
.\SurfaceUpdate\CameraSupport\OV5693_CJAF513_SKY_pipeCfg.bin
.\SurfaceUpdate\CameraSupport\OV5693_MSHW0070_SKY.cpf
.\SurfaceUpdate\CameraSupport\OV5693_MSHW0070_SKY_pipeCfg.bin
.\SurfaceUpdate\CameraSupport\OV5693_MSHW0120_SKY.cpf
.\SurfaceUpdate\CameraSupport\OV5693_MSHW0120_SKY_pipeCfg.bin
.\SurfaceUpdate\CameraSupport\OV5693_MSHW0140_SKY.CPF
.\SurfaceUpdate\CameraSupport\OV5693_MSHW0140_SKY_pipeCfg.bin
.\SurfaceUpdate\CameraSupport\OV5693_MSHW0150_SKY.cpf
.\SurfaceUpdate\CameraSupport\OV5693_MSHW0150_SKY_pipeCfg.bin
.\SurfaceUpdate\CameraSupport\OV5693_YHCU_SKY.cpf
.\SurfaceUpdate\CameraSupport\OV5693_YHCU_SKY_pipeCfg.bin
.\SurfaceUpdate\CameraSupport\ov7251.sys
.\SurfaceUpdate\CameraSupport\OV7251_6SF002T2_SKY.CPF
.\SurfaceUpdate\CameraSupport\OV7251_6SF002T2_SKY_pipeCfg.bin
.\SurfaceUpdate\CameraSupport\OV7251_MSHW0072_SKY.cpf
.\SurfaceUpdate\CameraSupport\OV7251_MSHW0072_SKY_pipeCfg.bin
.\SurfaceUpdate\CameraSupport\OV7251_MSHW0074_SKY.cpf
.\SurfaceUpdate\CameraSupport\OV7251_MSHW0074_SKY_pipeCfg.bin
.\SurfaceUpdate\CameraSupport\OV7251_MSHW0122_SKY.cpf
.\SurfaceUpdate\CameraSupport\OV7251_MSHW0122_SKY_pipeCfg.bin
.\SurfaceUpdate\CameraSupport\OV7251_MSHW0142_SKY.cpf
.\SurfaceUpdate\CameraSupport\OV7251_MSHW0142_SKY_pipeCfg.bin
.\SurfaceUpdate\CameraSupport\OV7251_MSHW0152_SKY.cpf
.\SurfaceUpdate\CameraSupport\OV7251_MSHW0152_SKY_pipeCfg.bin
.\SurfaceUpdate\CameraSupport\OV7251_YHCV_SKY.cpf
.\SurfaceUpdate\CameraSupport\OV7251_YHCV_SKY_pipeCfg.bin
.\SurfaceUpdate\CameraSupport\ov8865.sys
.\SurfaceUpdate\CameraSupport\OV8865_MSHW0071_SKY.cpf
.\SurfaceUpdate\CameraSupport\OV8865_MSHW0071_SKY_pipeCfg.bin
.\SurfaceUpdate\CameraSupport\OV8865_MSHW0121_SKY.cpf
.\SurfaceUpdate\CameraSupport\OV8865_MSHW0121_SKY_pipeCfg.bin
.\SurfaceUpdate\CameraSupport\OV8865_MSHW0141_SKY.cpf
.\SurfaceUpdate\CameraSupport\OV8865_MSHW0141_SKY_pipeCfg.bin
.\SurfaceUpdate\CameraSupport\OV8865_MSHW0151_SKY.cpf
.\SurfaceUpdate\CameraSupport\OV8865_MSHW0151_SKY_pipeCfg.bin
.\SurfaceUpdate\CameraSupport\OV8865_MYCLAA4T_SKY.cpf
.\SurfaceUpdate\CameraSupport\OV8865_MYCLAA4T_SKY_pipeCfg.bin
.\SurfaceUpdate\CameraSupport\OV8865_YHCT_SKY.cpf
.\SurfaceUpdate\CameraSupport\OV8865_YHCT_SKY_pipeCfg.bin
.\SurfaceUpdate\CameraSupport\ov9734.sys
.\SurfaceUpdate\CameraSupport\OV9734_MSHW0073_SKY.cpf
.\SurfaceUpdate\CameraSupport\OV9734_MSHW0073_SKY_pipeCfg.bin
.\SurfaceUpdate\CameraSupport\pvl64.dll
.\SurfaceUpdate\CameraSupport\pvl_perspective_control64.dll
.\SurfaceUpdate\CameraSupport\pvl_skin_smoothing_denoising64.dll
.\SurfaceUpdate\capabilitylicensingsvcclient
.\SurfaceUpdate\capabilitylicensingsvcclient\conf
.\SurfaceUpdate\capabilitylicensingsvcclient\conf\cacert.pem
.\SurfaceUpdate\capabilitylicensingsvcclient\conf\epid2_paramcert.dat
.\SurfaceUpdate\capabilitylicensingsvcclient\conf\EPIDGroupCertLegacy.cer
.\SurfaceUpdate\capabilitylicensingsvcclient\conf\EPIDGroupCertX509.cer
.\SurfaceUpdate\capabilitylicensingsvcclient\conf\epid_paramcert.dat
.\SurfaceUpdate\capabilitylicensingsvcclient\conf\iclsProxy.conf
.\SurfaceUpdate\capabilitylicensingsvcclient\Documents
.\SurfaceUpdate\capabilitylicensingsvcclient\Documents\development_tools.txt
.\SurfaceUpdate\capabilitylicensingsvcclient\Documents\License.txt
.\SurfaceUpdate\capabilitylicensingsvcclient\Documents\Readme.txt
.\SurfaceUpdate\capabilitylicensingsvcclient\Documents\redist.txt
.\SurfaceUpdate\capabilitylicensingsvcclient\Documents\Third Party Licenses.txt
.\SurfaceUpdate\capabilitylicensingsvcclient\lib
.\SurfaceUpdate\capabilitylicensingsvcclient\lib\concrt140.dll
.\SurfaceUpdate\capabilitylicensingsvcclient\lib\iclsClient.dll
.\SurfaceUpdate\capabilitylicensingsvcclient\lib\iclsClientInternal.dll
.\SurfaceUpdate\capabilitylicensingsvcclient\lib\iclsProxy.dll
.\SurfaceUpdate\capabilitylicensingsvcclient\lib\iclsProxyInternal.dll
.\SurfaceUpdate\capabilitylicensingsvcclient\lib\IntelPTTEKRecertification.exe
.\SurfaceUpdate\capabilitylicensingsvcclient\lib\libcrypto-1_1-x64.dll
.\SurfaceUpdate\capabilitylicensingsvcclient\lib\libssl-1_1-x64.dll
.\SurfaceUpdate\capabilitylicensingsvcclient\lib\msvcp140.dll
.\SurfaceUpdate\capabilitylicensingsvcclient\lib\SocketHeciServer.exe
.\SurfaceUpdate\capabilitylicensingsvcclient\lib\TPMProvisioningService.exe
.\SurfaceUpdate\capabilitylicensingsvcclient\lib\vcruntime140.dll
.\SurfaceUpdate\capabilitylicensingsvcclient\lib32
.\SurfaceUpdate\capabilitylicensingsvcclient\lib32\concrt140.dll
.\SurfaceUpdate\capabilitylicensingsvcclient\lib32\iclsClient.dll
.\SurfaceUpdate\capabilitylicensingsvcclient\lib32\iclsClientInternal.dll
.\SurfaceUpdate\capabilitylicensingsvcclient\lib32\iclsProxy.dll
.\SurfaceUpdate\capabilitylicensingsvcclient\lib32\iclsProxyInternal.dll
.\SurfaceUpdate\capabilitylicensingsvcclient\lib32\IntelPTTEKRecertification.exe
.\SurfaceUpdate\capabilitylicensingsvcclient\lib32\libcrypto-1_1.dll
.\SurfaceUpdate\capabilitylicensingsvcclient\lib32\libssl-1_1.dll
.\SurfaceUpdate\capabilitylicensingsvcclient\lib32\msvcp140.dll
.\SurfaceUpdate\capabilitylicensingsvcclient\lib32\SocketHeciServer.exe
.\SurfaceUpdate\capabilitylicensingsvcclient\lib32\TPMProvisioningService.exe
.\SurfaceUpdate\capabilitylicensingsvcclient\lib32\vcruntime140.dll
.\SurfaceUpdate\capabilitylicensingsvcclient\iclsClient.cat
.\SurfaceUpdate\capabilitylicensingsvcclient\iclsClient.inf
.\SurfaceUpdate\Chipset
.\SurfaceUpdate\Chipset\Common.cat
.\SurfaceUpdate\Chipset\commonSystem.inf
.\SurfaceUpdate\DisplayAudio
.\SurfaceUpdate\DisplayAudio\IntcDAud.cat
.\SurfaceUpdate\DisplayAudio\IntcDAud.inf
.\SurfaceUpdate\DisplayAudio\IntcDAud.sys
.\SurfaceUpdate\graphics
.\SurfaceUpdate\graphics\0000.ui.forms
.\SurfaceUpdate\graphics\0000.ui.strings
.\SurfaceUpdate\graphics\0401.ui.forms
.\SurfaceUpdate\graphics\0401.ui.strings
.\SurfaceUpdate\graphics\0404.ui.forms
.\SurfaceUpdate\graphics\0404.ui.strings
.\SurfaceUpdate\graphics\0405.ui.forms
.\SurfaceUpdate\graphics\0405.ui.strings
.\SurfaceUpdate\graphics\0406.ui.forms
.\SurfaceUpdate\graphics\0406.ui.strings
.\SurfaceUpdate\graphics\0407.ui.forms
.\SurfaceUpdate\graphics\0407.ui.strings
.\SurfaceUpdate\graphics\0408.ui.forms
.\SurfaceUpdate\graphics\0408.ui.strings
.\SurfaceUpdate\graphics\0409.ui.forms
.\SurfaceUpdate\graphics\0409.ui.strings
.\SurfaceUpdate\graphics\040a.ui.forms
.\SurfaceUpdate\graphics\040a.ui.strings
.\SurfaceUpdate\graphics\040b.ui.forms
.\SurfaceUpdate\graphics\040b.ui.strings
.\SurfaceUpdate\graphics\040c.ui.forms
.\SurfaceUpdate\graphics\040c.ui.strings
.\SurfaceUpdate\graphics\040d.ui.forms
.\SurfaceUpdate\graphics\040d.ui.strings
.\SurfaceUpdate\graphics\040e.ui.forms
.\SurfaceUpdate\graphics\040e.ui.strings
.\SurfaceUpdate\graphics\0410.ui.forms
.\SurfaceUpdate\graphics\0410.ui.strings
.\SurfaceUpdate\graphics\0411.ui.forms
.\SurfaceUpdate\graphics\0411.ui.strings
.\SurfaceUpdate\graphics\0412.ui.forms
.\SurfaceUpdate\graphics\0412.ui.strings
.\SurfaceUpdate\graphics\0413.ui.forms
.\SurfaceUpdate\graphics\0413.ui.strings
.\SurfaceUpdate\graphics\0414.ui.forms
.\SurfaceUpdate\graphics\0414.ui.strings
.\SurfaceUpdate\graphics\0415.ui.forms
.\SurfaceUpdate\graphics\0415.ui.strings
.\SurfaceUpdate\graphics\0416.ui.forms
.\SurfaceUpdate\graphics\0416.ui.strings
.\SurfaceUpdate\graphics\0419.ui.forms
.\SurfaceUpdate\graphics\0419.ui.strings
.\SurfaceUpdate\graphics\041b.ui.forms
.\SurfaceUpdate\graphics\041b.ui.strings
.\SurfaceUpdate\graphics\041d.ui.forms
.\SurfaceUpdate\graphics\041d.ui.strings
.\SurfaceUpdate\graphics\041e.ui.forms
.\SurfaceUpdate\graphics\041e.ui.strings
.\SurfaceUpdate\graphics\041f.ui.forms
.\SurfaceUpdate\graphics\041f.ui.strings
.\SurfaceUpdate\graphics\0424.ui.forms
.\SurfaceUpdate\graphics\0424.ui.strings
.\SurfaceUpdate\graphics\0804.ui.strings
.\SurfaceUpdate\graphics\0809.ui.strings
.\SurfaceUpdate\graphics\080a.ui.strings
.\SurfaceUpdate\graphics\0816.ui.forms
.\SurfaceUpdate\graphics\0816.ui.strings
.\SurfaceUpdate\graphics\Adjustments.yaml
.\SurfaceUpdate\graphics\Adjustments.yfx
.\SurfaceUpdate\graphics\BlacknWhite.yaml
.\SurfaceUpdate\graphics\BlacknWhite.yfx
.\SurfaceUpdate\graphics\box_checked_disabled.png
.\SurfaceUpdate\graphics\box_checked_enabled.png
.\SurfaceUpdate\graphics\box_partialcheckboxed_enabled.png
.\SurfaceUpdate\graphics\box_unchecked_disabled.png
.\SurfaceUpdate\graphics\box_unchecked_enabled.png
.\SurfaceUpdate\graphics\btn_disable_135.png
.\SurfaceUpdate\graphics\btn_disable_180.png
.\SurfaceUpdate\graphics\btn_disable_90.png
.\SurfaceUpdate\graphics\btn_primary_135.png
.\SurfaceUpdate\graphics\btn_primary_180.png
.\SurfaceUpdate\graphics\btn_primary_90.png
.\SurfaceUpdate\graphics\btn_primary_focus_135.png
.\SurfaceUpdate\graphics\btn_primary_focus_180.png
.\SurfaceUpdate\graphics\btn_primary_focus_90.png
.\SurfaceUpdate\graphics\btn_primary_pressed_135.png
.\SurfaceUpdate\graphics\btn_primary_pressed_180.png
.\SurfaceUpdate\graphics\btn_primary_pressed_90.png
.\SurfaceUpdate\graphics\btn_secondary_135.png
.\SurfaceUpdate\graphics\btn_secondary_180.png
.\SurfaceUpdate\graphics\btn_secondary_90.png
.\SurfaceUpdate\graphics\btn_secondary_focus_135.png
.\SurfaceUpdate\graphics\btn_secondary_focus_180.png
.\SurfaceUpdate\graphics\btn_secondary_focus_90.png
.\SurfaceUpdate\graphics\btn_secondary_pressed_135.png
.\SurfaceUpdate\graphics\btn_secondary_pressed_180.png
.\SurfaceUpdate\graphics\btn_secondary_pressed_90.png
.\SurfaceUpdate\graphics\check.png
.\SurfaceUpdate\graphics\checkmark.png
.\SurfaceUpdate\graphics\circled_checkmark.png
.\SurfaceUpdate\graphics\Color.yaml
.\SurfaceUpdate\graphics\Color.yfx
.\SurfaceUpdate\graphics\Colorblind.yaml
.\SurfaceUpdate\graphics\Colorblind.yfx
.\SurfaceUpdate\graphics\cudnn_infer64_7.dl_
.\SurfaceUpdate\graphics\d3dcompiler_47_32.dll
.\SurfaceUpdate\graphics\d3dcompiler_47_64.dll
.\SurfaceUpdate\graphics\dbInstaller.exe
.\SurfaceUpdate\graphics\Details.yaml
.\SurfaceUpdate\graphics\Details.yfx
.\SurfaceUpdate\graphics\DisplayDriver.nvi
.\SurfaceUpdate\graphics\DisplayDriverExt.dll
.\SurfaceUpdate\graphics\DisplayDriverRAS.dll
.\SurfaceUpdate\graphics\DOF.yaml
.\SurfaceUpdate\graphics\DOF.yfx
.\SurfaceUpdate\graphics\error.png
.\SurfaceUpdate\graphics\EULA.txt
.\SurfaceUpdate\graphics\filternames.cfg
.\SurfaceUpdate\graphics\flxcomm64.dl_
.\SurfaceUpdate\graphics\flxconnect64.dl_
.\SurfaceUpdate\graphics\flxcore64.dl_
.\SurfaceUpdate\graphics\FreqTransfer32.exe
.\SurfaceUpdate\graphics\FreqTransfer64.exe
.\SurfaceUpdate\graphics\fxtools.cfg
.\SurfaceUpdate\graphics\GFExperienceSetupInt.exe
.\SurfaceUpdate\graphics\GreenScreen.yaml
.\SurfaceUpdate\graphics\GreenScreen.yfx
.\SurfaceUpdate\graphics\GreenScreenBG01.jpg
.\SurfaceUpdate\graphics\GreenScreenBG02.jpg
.\SurfaceUpdate\graphics\HDAudio.nvi
.\SurfaceUpdate\graphics\HDAudioExt.dll
.\SurfaceUpdate\graphics\HighresBlender32.exe
.\SurfaceUpdate\graphics\HighresBlender64.exe
.\SurfaceUpdate\graphics\info.png
.\SurfaceUpdate\graphics\install_bg.png
.\SurfaceUpdate\graphics\install_bg_rtl.png
.\SurfaceUpdate\graphics\Interop.dll
.\SurfaceUpdate\graphics\LaunchGFExperience.exe
.\SurfaceUpdate\graphics\LDR_RGB1_18.png
.\SurfaceUpdate\graphics\Letterbox.yaml
.\SurfaceUpdate\graphics\Letterbox.yfx
.\SurfaceUpdate\graphics\license.txt
.\SurfaceUpdate\graphics\logo.png
.\SurfaceUpdate\graphics\mcu.ex_
.\SurfaceUpdate\graphics\NightMode.yaml
.\SurfaceUpdate\graphics\NightMode.yfx
.\SurfaceUpdate\graphics\nv-vk32.json
.\SurfaceUpdate\graphics\nv-vk64.json
.\SurfaceUpdate\graphics\NvAddOnInstaller.exe
.\SurfaceUpdate\graphics\nvapi.dl_
.\SurfaceUpdate\graphics\nvapi64.dl_
.\SurfaceUpdate\graphics\nvapo32v.dll
.\SurfaceUpdate\graphics\nvapo64v.dll
.\SurfaceUpdate\graphics\NvCamera.nvi
.\SurfaceUpdate\graphics\NvCamera32.dll
.\SurfaceUpdate\graphics\NvCamera64.dll
.\SurfaceUpdate\graphics\NvCameraConfiguration.exe
.\SurfaceUpdate\graphics\NvCameraEnable.exe
.\SurfaceUpdate\graphics\NvCameraWhitelisting32.dll
.\SurfaceUpdate\graphics\NvCameraWhitelisting64.dll
.\SurfaceUpdate\graphics\nvcbl64.dl_
.\SurfaceUpdate\graphics\nvcompiler32.dl_
.\SurfaceUpdate\graphics\nvcompiler64.dl_
.\SurfaceUpdate\graphics\NvContainerSetup.exe
.\SurfaceUpdate\graphics\NvCplSetupInt.exe
.\SurfaceUpdate\graphics\nvcuda32.dl_
.\SurfaceUpdate\graphics\nvcuda64.dl_
.\SurfaceUpdate\graphics\nvcuda_loader32.dl_
.\SurfaceUpdate\graphics\nvcuda_loader64.dl_
.\SurfaceUpdate\graphics\nvcuvid32.dl_
.\SurfaceUpdate\graphics\nvcuvid64.dl_
.\SurfaceUpdate\graphics\nvd3d9wrap.dl_
.\SurfaceUpdate\graphics\nvd3d9wrapx.dl_
.\SurfaceUpdate\graphics\nvd3dum.dl_
.\SurfaceUpdate\graphics\nvd3dumx.dl_
.\SurfaceUpdate\graphics\nvd3dumx_cfg.dl_
.\SurfaceUpdate\graphics\nvd3dum_cfg.dl_
.\SurfaceUpdate\graphics\nvdebugdump.ex_
.\SurfaceUpdate\graphics\nvdecmftmjpeg.dl_
.\SurfaceUpdate\graphics\nvdecmftmjpegx.dl_
.\SurfaceUpdate\graphics\nvdet.dl_
.\SurfaceUpdate\graphics\nvdetx.dl_
.\SurfaceUpdate\graphics\nvdispco64.dll
.\SurfaceUpdate\graphics\nvdispgenco64.dll
.\SurfaceUpdate\graphics\nvdlist.dl_
.\SurfaceUpdate\graphics\nvdlistx.dl_
.\SurfaceUpdate\graphics\nvdrsdb.bi_
.\SurfaceUpdate\graphics\nvdxgiwrap.dl_
.\SurfaceUpdate\graphics\nvdxgiwrapx.dl_
.\SurfaceUpdate\graphics\nvencmfth264.dl_
.\SurfaceUpdate\graphics\nvencmfth264x.dl_
.\SurfaceUpdate\graphics\nvencmfthevc.dl_
.\SurfaceUpdate\graphics\nvencmfthevcx.dl_
.\SurfaceUpdate\graphics\nvencodeapi.dl_
.\SurfaceUpdate\graphics\nvencodeapi64.dl_
.\SurfaceUpdate\graphics\nvfbc.dl_
.\SurfaceUpdate\graphics\nvfbc64.dl_
.\SurfaceUpdate\graphics\NvFBCPlugin64.dll
.\SurfaceUpdate\graphics\NVGFExperienceDeployer.nvi
.\SurfaceUpdate\graphics\NVGFExperienceDeployerExt.dll
.\SurfaceUpdate\graphics\nvhda.cat
.\SurfaceUpdate\graphics\nvhda.inf
.\SurfaceUpdate\graphics\nvhda32v.sys
.\SurfaceUpdate\graphics\nvhda64v.sys
.\SurfaceUpdate\graphics\nvhdagenco32.dll
.\SurfaceUpdate\graphics\nvhdagenco64.dll
.\SurfaceUpdate\graphics\nvhdap32.dll
.\SurfaceUpdate\graphics\nvhdap64.dll
.\SurfaceUpdate\graphics\NVI2.dll
.\SurfaceUpdate\graphics\NVI2UI.dll
.\SurfaceUpdate\graphics\nviccadvancedcoloridentity.ic_
.\SurfaceUpdate\graphics\nvidia-smi.ex_
.\SurfaceUpdate\graphics\nView.dll
.\SurfaceUpdate\graphics\NView.nvi
.\SurfaceUpdate\graphics\nView64.dll
.\SurfaceUpdate\graphics\NViewExt.dll
.\SurfaceUpdate\graphics\nViewH.dll
.\SurfaceUpdate\graphics\nViewH64.dll
.\SurfaceUpdate\graphics\nViewMain.exe
.\SurfaceUpdate\graphics\nViewMain64.exe
.\SurfaceUpdate\graphics\nViewPlugin.dll
.\SurfaceUpdate\graphics\nViewUIStrings.dll
.\SurfaceUpdate\graphics\nvifr.dl_
.\SurfaceUpdate\graphics\nvifr64.dl_
.\SurfaceUpdate\graphics\nvifropengl32.dl_
.\SurfaceUpdate\graphics\nvifropengl64.dl_
.\SurfaceUpdate\graphics\NvImageConvert32.exe
.\SurfaceUpdate\graphics\NvImageConvert64.exe
.\SurfaceUpdate\graphics\nvinfo.pb
.\SurfaceUpdate\graphics\nvinit.dl_
.\SurfaceUpdate\graphics\nvinitx.dl_
.\SurfaceUpdate\graphics\NvInstallerUtil.dll
.\SurfaceUpdate\graphics\nvlddmkm.sy_
.\SurfaceUpdate\graphics\nvldumd.dl_
.\SurfaceUpdate\graphics\nvldumdx.dl_
.\SurfaceUpdate\graphics\nvmcumd.dl_
.\SurfaceUpdate\graphics\nvml.dl_
.\SurfaceUpdate\graphics\nvmso.cat
.\SurfaceUpdate\graphics\nvmso.inf
.\SurfaceUpdate\graphics\nvngx.dl_
.\SurfaceUpdate\graphics\nvngx_update.ex_
.\SurfaceUpdate\graphics\NvNotifierWin32.exe
.\SurfaceUpdate\graphics\NvNotifierx64.exe
.\SurfaceUpdate\graphics\nvofapi.dl_
.\SurfaceUpdate\graphics\nvofapi64.dl_
.\SurfaceUpdate\graphics\nvoglshim32.dl_
.\SurfaceUpdate\graphics\nvoglshim64.dl_
.\SurfaceUpdate\graphics\nvoglv32.dl_
.\SurfaceUpdate\graphics\nvoglv64.dl_
.\SurfaceUpdate\graphics\nvopencl32.dl_
.\SurfaceUpdate\graphics\nvopencl64.dl_
.\SurfaceUpdate\graphics\nvoptix.dl_
.\SurfaceUpdate\graphics\nvpcf.cat
.\SurfaceUpdate\graphics\nvpcf.inf
.\SurfaceUpdate\graphics\NVPCF.nvi
.\SurfaceUpdate\graphics\nvpcf.sys
.\SurfaceUpdate\graphics\nvpciflt.sy_
.\SurfaceUpdate\graphics\nvPerfProvider.man
.\SurfaceUpdate\graphics\nvppc.cat
.\SurfaceUpdate\graphics\nvppc.inf
.\SurfaceUpdate\graphics\nvppcgenco64.dll
.\SurfaceUpdate\graphics\NvProfileUpdaterPlugin.dll
.\SurfaceUpdate\graphics\NVPrxy32.dll
.\SurfaceUpdate\graphics\NVPrxy64.dll
.\SurfaceUpdate\graphics\nvptxjitcompiler32.dl_
.\SurfaceUpdate\graphics\nvptxjitcompiler64.dl_
.\SurfaceUpdate\graphics\nvrtum64.dl_
.\SurfaceUpdate\graphics\nvsetup.exe
.\SurfaceUpdate\graphics\nvShell.dll
.\SurfaceUpdate\graphics\NvTelemetry64.dll
.\SurfaceUpdate\graphics\nvumdshim.dl_
.\SurfaceUpdate\graphics\nvumdshimx.dl_
.\SurfaceUpdate\graphics\nvvkwddc32.dl_
.\SurfaceUpdate\graphics\nvvkwddc64.dl_
.\SurfaceUpdate\graphics\nvwdmcpl.dll
.\SurfaceUpdate\graphics\nvwdmcpl.exe
.\SurfaceUpdate\graphics\nvwgf2um.dl_
.\SurfaceUpdate\graphics\nvwgf2umx.dl_
.\SurfaceUpdate\graphics\nvwgf2umx_cfg.dl_
.\SurfaceUpdate\graphics\nvwgf2um_cfg.dl_
.\SurfaceUpdate\graphics\nvWmi.chm
.\SurfaceUpdate\graphics\nvWmi.mof
.\SurfaceUpdate\graphics\NVWmi.nvi
.\SurfaceUpdate\graphics\nvWmi64.exe
.\SurfaceUpdate\graphics\NVWMIExt.dll
.\SurfaceUpdate\graphics\nwiz.exe
.\SurfaceUpdate\graphics\OldFilm.yaml
.\SurfaceUpdate\graphics\OldFilm.yfx
.\SurfaceUpdate\graphics\opencl32.dl_
.\SurfaceUpdate\graphics\opencl64.dl_
.\SurfaceUpdate\graphics\Posterize.fx
.\SurfaceUpdate\graphics\presentations_bg.png
.\SurfaceUpdate\graphics\presentations_bg_rtl.png
.\SurfaceUpdate\graphics\radio_btn_selected.png
.\SurfaceUpdate\graphics\radio_btn_unselected.png
.\SurfaceUpdate\graphics\RemoveHud.yaml
.\SurfaceUpdate\graphics\RemoveHud.yfx
.\SurfaceUpdate\graphics\ReShadeFXC32.exe
.\SurfaceUpdate\graphics\Samples.7z
.\SurfaceUpdate\graphics\scratches.jpg
.\SurfaceUpdate\graphics\setup.cfg
.\SurfaceUpdate\graphics\setup.exe
.\SurfaceUpdate\graphics\Sharpen.yaml
.\SurfaceUpdate\graphics\Sharpen.yfx
.\SurfaceUpdate\graphics\SpecialFX.yaml
.\SurfaceUpdate\graphics\SpecialFX.yfx
.\SurfaceUpdate\graphics\SphericalEquirect32.exe
.\SurfaceUpdate\graphics\SphericalEquirect64.exe
.\SurfaceUpdate\graphics\splash.png
.\SurfaceUpdate\graphics\splash_rtl.png
.\SurfaceUpdate\graphics\Splitscreen.yaml
.\SurfaceUpdate\graphics\Splitscreen.yfx
.\SurfaceUpdate\graphics\Sticker01.png
.\SurfaceUpdate\graphics\Sticker02.png
.\SurfaceUpdate\graphics\Sticker03.png
.\SurfaceUpdate\graphics\Sticker04.png
.\SurfaceUpdate\graphics\Sticker05.png
.\SurfaceUpdate\graphics\Sticker06.png
.\SurfaceUpdate\graphics\Sticker07.png
.\SurfaceUpdate\graphics\Sticker08.png
.\SurfaceUpdate\graphics\Stickers.yaml
.\SurfaceUpdate\graphics\Stickers.yfx
.\SurfaceUpdate\graphics\theme.cfg
.\SurfaceUpdate\graphics\TiltShift.yaml
.\SurfaceUpdate\graphics\TiltShift.yfx
.\SurfaceUpdate\graphics\tools_licenses.txt
.\SurfaceUpdate\graphics\UcmCxUcsiNvppc.sys
.\SurfaceUpdate\graphics\ui.tga
.\SurfaceUpdate\graphics\uninstall_bg.png
.\SurfaceUpdate\graphics\uninstall_bg_rtl.png
.\SurfaceUpdate\graphics\USBC.nvi
.\SurfaceUpdate\graphics\USBCExt.dll
.\SurfaceUpdate\graphics\Vignette.yaml
.\SurfaceUpdate\graphics\Vignette.yfx
.\SurfaceUpdate\graphics\vulkan-1-x64.dl_
.\SurfaceUpdate\graphics\vulkan-1-x86.dl_
.\SurfaceUpdate\graphics\vulkaninfo-x64.ex_
.\SurfaceUpdate\graphics\vulkaninfo-x86.ex_
.\SurfaceUpdate\graphics\warning.png
.\SurfaceUpdate\graphics\YAMLFXC32.exe
.\SurfaceUpdate\GraphicsGH
.\SurfaceUpdate\GraphicsGH\Lang
.\SurfaceUpdate\GraphicsGH\Lang\ar-SA
.\SurfaceUpdate\GraphicsGH\Lang\ar-SA\igxpin.exe.mui
.\SurfaceUpdate\GraphicsGH\Lang\ar-SA\license.txt
.\SurfaceUpdate\GraphicsGH\Lang\bg-BG
.\SurfaceUpdate\GraphicsGH\Lang\bg-BG\igxpin.exe.mui
.\SurfaceUpdate\GraphicsGH\Lang\cs-CZ
.\SurfaceUpdate\GraphicsGH\Lang\cs-CZ\igxpin.exe.mui
.\SurfaceUpdate\GraphicsGH\Lang\cs-CZ\license.txt
.\SurfaceUpdate\GraphicsGH\Lang\da-DK
.\SurfaceUpdate\GraphicsGH\Lang\da-DK\igxpin.exe.mui
.\SurfaceUpdate\GraphicsGH\Lang\da-DK\license.txt
.\SurfaceUpdate\GraphicsGH\Lang\de-DE
.\SurfaceUpdate\GraphicsGH\Lang\de-DE\igxpin.exe.mui
.\SurfaceUpdate\GraphicsGH\Lang\de-DE\license.txt
.\SurfaceUpdate\GraphicsGH\Lang\el-GR
.\SurfaceUpdate\GraphicsGH\Lang\el-GR\igxpin.exe.mui
.\SurfaceUpdate\GraphicsGH\Lang\el-GR\license.txt
.\SurfaceUpdate\GraphicsGH\Lang\en-US
.\SurfaceUpdate\GraphicsGH\Lang\en-US\igxpin.exe.mui
.\SurfaceUpdate\GraphicsGH\Lang\en-US\license.txt
.\SurfaceUpdate\GraphicsGH\Lang\es-ES
.\SurfaceUpdate\GraphicsGH\Lang\es-ES\igxpin.exe.mui
.\SurfaceUpdate\GraphicsGH\Lang\es-ES\license.txt
.\SurfaceUpdate\GraphicsGH\Lang\fi-FI
.\SurfaceUpdate\GraphicsGH\Lang\fi-FI\igxpin.exe.mui
.\SurfaceUpdate\GraphicsGH\Lang\fi-FI\license.txt
.\SurfaceUpdate\GraphicsGH\Lang\fr-FR
.\SurfaceUpdate\GraphicsGH\Lang\fr-FR\igxpin.exe.mui
.\SurfaceUpdate\GraphicsGH\Lang\fr-FR\license.txt
.\SurfaceUpdate\GraphicsGH\Lang\he-IL
.\SurfaceUpdate\GraphicsGH\Lang\he-IL\igxpin.exe.mui
.\SurfaceUpdate\GraphicsGH\Lang\he-IL\license.txt
.\SurfaceUpdate\GraphicsGH\Lang\hr-HR
.\SurfaceUpdate\GraphicsGH\Lang\hr-HR\igxpin.exe.mui
.\SurfaceUpdate\GraphicsGH\Lang\hr-HR\license.txt
.\SurfaceUpdate\GraphicsGH\Lang\hu-HU
.\SurfaceUpdate\GraphicsGH\Lang\hu-HU\igxpin.exe.mui
.\SurfaceUpdate\GraphicsGH\Lang\hu-HU\license.txt
.\SurfaceUpdate\GraphicsGH\Lang\it-IT
.\SurfaceUpdate\GraphicsGH\Lang\it-IT\igxpin.exe.mui
.\SurfaceUpdate\GraphicsGH\Lang\it-IT\license.txt
.\SurfaceUpdate\GraphicsGH\Lang\ja-JP
.\SurfaceUpdate\GraphicsGH\Lang\ja-JP\igxpin.exe.mui
.\SurfaceUpdate\GraphicsGH\Lang\ja-JP\license.txt
.\SurfaceUpdate\GraphicsGH\Lang\ko-KR
.\SurfaceUpdate\GraphicsGH\Lang\ko-KR\igxpin.exe.mui
.\SurfaceUpdate\GraphicsGH\Lang\ko-KR\license.txt
.\SurfaceUpdate\GraphicsGH\Lang\nb-NO
.\SurfaceUpdate\GraphicsGH\Lang\nb-NO\igxpin.exe.mui
.\SurfaceUpdate\GraphicsGH\Lang\nb-NO\license.txt
.\SurfaceUpdate\GraphicsGH\Lang\nl-NL
.\SurfaceUpdate\GraphicsGH\Lang\nl-NL\igxpin.exe.mui
.\SurfaceUpdate\GraphicsGH\Lang\nl-NL\license.txt
.\SurfaceUpdate\GraphicsGH\Lang\pl-PL
.\SurfaceUpdate\GraphicsGH\Lang\pl-PL\igxpin.exe.mui
.\SurfaceUpdate\GraphicsGH\Lang\pl-PL\license.txt
.\SurfaceUpdate\GraphicsGH\Lang\pt-BR
.\SurfaceUpdate\GraphicsGH\Lang\pt-BR\igxpin.exe.mui
.\SurfaceUpdate\GraphicsGH\Lang\pt-BR\license.txt
.\SurfaceUpdate\GraphicsGH\Lang\pt-PT
.\SurfaceUpdate\GraphicsGH\Lang\pt-PT\igxpin.exe.mui
.\SurfaceUpdate\GraphicsGH\Lang\pt-PT\license.txt
.\SurfaceUpdate\GraphicsGH\Lang\ro-RO
.\SurfaceUpdate\GraphicsGH\Lang\ro-RO\igxpin.exe.mui
.\SurfaceUpdate\GraphicsGH\Lang\ro-RO\license.txt
.\SurfaceUpdate\GraphicsGH\Lang\ru-RU
.\SurfaceUpdate\GraphicsGH\Lang\ru-RU\igxpin.exe.mui
.\SurfaceUpdate\GraphicsGH\Lang\ru-RU\license.txt
.\SurfaceUpdate\GraphicsGH\Lang\sk-SK
.\SurfaceUpdate\GraphicsGH\Lang\sk-SK\igxpin.exe.mui
.\SurfaceUpdate\GraphicsGH\Lang\sk-SK\license.txt
.\SurfaceUpdate\GraphicsGH\Lang\sl-SI
.\SurfaceUpdate\GraphicsGH\Lang\sl-SI\igxpin.exe.mui
.\SurfaceUpdate\GraphicsGH\Lang\sl-SI\license.txt
.\SurfaceUpdate\GraphicsGH\Lang\sv-SE
.\SurfaceUpdate\GraphicsGH\Lang\sv-SE\igxpin.exe.mui
.\SurfaceUpdate\GraphicsGH\Lang\sv-SE\license.txt
.\SurfaceUpdate\GraphicsGH\Lang\th-TH
.\SurfaceUpdate\GraphicsGH\Lang\th-TH\igxpin.exe.mui
.\SurfaceUpdate\GraphicsGH\Lang\th-TH\license.txt
.\SurfaceUpdate\GraphicsGH\Lang\tr-TR
.\SurfaceUpdate\GraphicsGH\Lang\tr-TR\igxpin.exe.mui
.\SurfaceUpdate\GraphicsGH\Lang\tr-TR\license.txt
.\SurfaceUpdate\GraphicsGH\Lang\zh-CN
.\SurfaceUpdate\GraphicsGH\Lang\zh-CN\igxpin.exe.mui
.\SurfaceUpdate\GraphicsGH\Lang\zh-CN\license.txt
.\SurfaceUpdate\GraphicsGH\Lang\zh-TW
.\SurfaceUpdate\GraphicsGH\Lang\zh-TW\igxpin.exe.mui
.\SurfaceUpdate\GraphicsGH\Lang\zh-TW\license.txt
.\SurfaceUpdate\GraphicsGH\ocl
.\SurfaceUpdate\GraphicsGH\ocl\bin
.\SurfaceUpdate\GraphicsGH\ocl\bin\common
.\SurfaceUpdate\GraphicsGH\ocl\bin\common\clbltfnshared.rtl
.\SurfaceUpdate\GraphicsGH\ocl\bin\x64
.\SurfaceUpdate\GraphicsGH\ocl\bin\x64\tbb
.\SurfaceUpdate\GraphicsGH\ocl\bin\x64\tbb\ocltbb64.dll
.\SurfaceUpdate\GraphicsGH\ocl\bin\x64\tbb\ocltbbmalloc64.dll
.\SurfaceUpdate\GraphicsGH\ocl\bin\x64\clang_compiler64.dll
.\SurfaceUpdate\GraphicsGH\ocl\bin\x64\clbltfne9.rtl
.\SurfaceUpdate\GraphicsGH\ocl\bin\x64\clbltfne9_img_cbk.o
.\SurfaceUpdate\GraphicsGH\ocl\bin\x64\clbltfne9_img_cbk.rtl
.\SurfaceUpdate\GraphicsGH\ocl\bin\x64\clbltfnh8.rtl
.\SurfaceUpdate\GraphicsGH\ocl\bin\x64\clbltfnh8_img_cbk.o
.\SurfaceUpdate\GraphicsGH\ocl\bin\x64\clbltfnh8_img_cbk.rtl
.\SurfaceUpdate\GraphicsGH\ocl\bin\x64\clbltfnl9.rtl
.\SurfaceUpdate\GraphicsGH\ocl\bin\x64\clbltfnl9_img_cbk.o
.\SurfaceUpdate\GraphicsGH\ocl\bin\x64\clbltfnl9_img_cbk.rtl
.\SurfaceUpdate\GraphicsGH\ocl\bin\x64\clbltfnz0.rtl
.\SurfaceUpdate\GraphicsGH\ocl\bin\x64\clbltfnz0_img_cbk.o
.\SurfaceUpdate\GraphicsGH\ocl\bin\x64\clbltfnz0_img_cbk.rtl
.\SurfaceUpdate\GraphicsGH\ocl\bin\x64\cpu_device64.dll
.\SurfaceUpdate\GraphicsGH\ocl\bin\x64\intelocl64.dll
.\SurfaceUpdate\GraphicsGH\ocl\bin\x64\IntelOpenCL64.dll
.\SurfaceUpdate\GraphicsGH\ocl\bin\x64\OclCpuBackend64.dll
.\SurfaceUpdate\GraphicsGH\ocl\bin\x64\task_executor64.dll
.\SurfaceUpdate\GraphicsGH\ocl\bin\x64\__ocl_svml_e9.dll
.\SurfaceUpdate\GraphicsGH\ocl\bin\x64\__ocl_svml_h8.dll
.\SurfaceUpdate\GraphicsGH\ocl\bin\x64\__ocl_svml_l9.dll
.\SurfaceUpdate\GraphicsGH\ocl\bin\x64\__ocl_svml_z0.dll
.\SurfaceUpdate\GraphicsGH\ocl\bin\x86
.\SurfaceUpdate\GraphicsGH\ocl\bin\x86\tbb
.\SurfaceUpdate\GraphicsGH\ocl\bin\x86\tbb\ocltbb32.dll
.\SurfaceUpdate\GraphicsGH\ocl\bin\x86\tbb\ocltbbmalloc32.dll
.\SurfaceUpdate\GraphicsGH\ocl\bin\x86\clang_compiler32.dll
.\SurfaceUpdate\GraphicsGH\ocl\bin\x86\clbltfng9.rtl
.\SurfaceUpdate\GraphicsGH\ocl\bin\x86\clbltfng9_img_cbk.o
.\SurfaceUpdate\GraphicsGH\ocl\bin\x86\clbltfng9_img_cbk.rtl
.\SurfaceUpdate\GraphicsGH\ocl\bin\x86\clbltfnn8.rtl
.\SurfaceUpdate\GraphicsGH\ocl\bin\x86\clbltfnn8_img_cbk.o
.\SurfaceUpdate\GraphicsGH\ocl\bin\x86\clbltfnn8_img_cbk.rtl
.\SurfaceUpdate\GraphicsGH\ocl\bin\x86\clbltfns9.rtl
.\SurfaceUpdate\GraphicsGH\ocl\bin\x86\clbltfns9_img_cbk.o
.\SurfaceUpdate\GraphicsGH\ocl\bin\x86\clbltfns9_img_cbk.rtl
.\SurfaceUpdate\GraphicsGH\ocl\bin\x86\clbltfnx0.rtl
.\SurfaceUpdate\GraphicsGH\ocl\bin\x86\clbltfnx0_img_cbk.o
.\SurfaceUpdate\GraphicsGH\ocl\bin\x86\clbltfnx0_img_cbk.rtl
.\SurfaceUpdate\GraphicsGH\ocl\bin\x86\cpu_device32.dll
.\SurfaceUpdate\GraphicsGH\ocl\bin\x86\intelocl32.dll
.\SurfaceUpdate\GraphicsGH\ocl\bin\x86\IntelOpenCL32.dll
.\SurfaceUpdate\GraphicsGH\ocl\bin\x86\OclCpuBackend32.dll
.\SurfaceUpdate\GraphicsGH\ocl\bin\x86\task_executor32.dll
.\SurfaceUpdate\GraphicsGH\ocl\bin\x86\__ocl_svml_g9.dll
.\SurfaceUpdate\GraphicsGH\ocl\bin\x86\__ocl_svml_n8.dll
.\SurfaceUpdate\GraphicsGH\ocl\bin\x86\__ocl_svml_s9.dll
.\SurfaceUpdate\GraphicsGH\ocl\bin\x86\__ocl_svml_x0.dll
.\SurfaceUpdate\GraphicsGH\ocl\llvm_release_license.txt
.\SurfaceUpdate\GraphicsGH\ocl\readme.txt
.\SurfaceUpdate\GraphicsGH\ocl\version.ini
.\SurfaceUpdate\GraphicsGH\64gh6293.cat
.\SurfaceUpdate\GraphicsGH\64gh6293.inf
.\SurfaceUpdate\GraphicsGH\64ih6293.cat
.\SurfaceUpdate\GraphicsGH\64ih6293.inf
.\SurfaceUpdate\GraphicsGH\64jp6293.cat
.\SurfaceUpdate\GraphicsGH\64jp6293.inf
.\SurfaceUpdate\GraphicsGH\64kb6293.cat
.\SurfaceUpdate\GraphicsGH\64kb6293.inf
.\SurfaceUpdate\GraphicsGH\64zh6293.cat
.\SurfaceUpdate\GraphicsGH\64zh6293.inf
.\SurfaceUpdate\GraphicsGH\ColorImageEnhancement.wmv
.\SurfaceUpdate\GraphicsGH\common_clang32.dll
.\SurfaceUpdate\GraphicsGH\common_clang64.dll
.\SurfaceUpdate\GraphicsGH\cpa_32.vp
.\SurfaceUpdate\GraphicsGH\cpa_64.vp
.\SurfaceUpdate\GraphicsGH\cp_resources.bin
.\SurfaceUpdate\GraphicsGH\c_32.cpa
.\SurfaceUpdate\GraphicsGH\c_64.cpa
.\SurfaceUpdate\GraphicsGH\dev_32.vp
.\SurfaceUpdate\GraphicsGH\dev_64.vp
.\SurfaceUpdate\GraphicsGH\difx64.dll
.\SurfaceUpdate\GraphicsGH\difx64.exe
.\SurfaceUpdate\GraphicsGH\FilmModeDetection.wmv
.\SurfaceUpdate\GraphicsGH\GfxDownloadWrapper.exe
.\SurfaceUpdate\GraphicsGH\GfxResources.dll
.\SurfaceUpdate\GraphicsGH\GfxUIEx.exe
.\SurfaceUpdate\GraphicsGH\Gfxv4_0.exe
.\SurfaceUpdate\GraphicsGH\h265e_32.vp
.\SurfaceUpdate\GraphicsGH\h265e_64.vp
.\SurfaceUpdate\GraphicsGH\he_32.vp
.\SurfaceUpdate\GraphicsGH\he_64.vp
.\SurfaceUpdate\GraphicsGH\ig10icd32.dll
.\SurfaceUpdate\GraphicsGH\ig10icd64.dll
.\SurfaceUpdate\GraphicsGH\ig9icd32.dll
.\SurfaceUpdate\GraphicsGH\ig9icd64.dll
.\SurfaceUpdate\GraphicsGH\iga32.dll
.\SurfaceUpdate\GraphicsGH\iga64.dll
.\SurfaceUpdate\GraphicsGH\igc32.dll
.\SurfaceUpdate\GraphicsGH\igc64.dll
.\SurfaceUpdate\GraphicsGH\igd10idpp32.dll
.\SurfaceUpdate\GraphicsGH\igd10idpp64.dll
.\SurfaceUpdate\GraphicsGH\igd10iumd32.dll
.\SurfaceUpdate\GraphicsGH\igd10iumd64.dll
.\SurfaceUpdate\GraphicsGH\igd11dxva32.dll
.\SurfaceUpdate\GraphicsGH\igd11dxva64.dll
.\SurfaceUpdate\GraphicsGH\igd12dxva32.dll
.\SurfaceUpdate\GraphicsGH\igd12dxva64.dll
.\SurfaceUpdate\GraphicsGH\igd12umd32.dll
.\SurfaceUpdate\GraphicsGH\igd12umd64.dll
.\SurfaceUpdate\GraphicsGH\igd9dxva32.dll
.\SurfaceUpdate\GraphicsGH\igd9dxva64.dll
.\SurfaceUpdate\GraphicsGH\igdail32.dll
.\SurfaceUpdate\GraphicsGH\igdail64.dll
.\SurfaceUpdate\GraphicsGH\igdde32.dll
.\SurfaceUpdate\GraphicsGH\igdde64.dll
.\SurfaceUpdate\GraphicsGH\igdext32.dll
.\SurfaceUpdate\GraphicsGH\igdext64.dll
.\SurfaceUpdate\GraphicsGH\igdfcl32.dll
.\SurfaceUpdate\GraphicsGH\igdfcl64.dll
.\SurfaceUpdate\GraphicsGH\igdgmm32.dll
.\SurfaceUpdate\GraphicsGH\igdgmm64.dll
.\SurfaceUpdate\GraphicsGH\igdinfo32.dll
.\SurfaceUpdate\GraphicsGH\igdinfo64.dll
.\SurfaceUpdate\GraphicsGH\igdkmd64.sys
.\SurfaceUpdate\GraphicsGH\igdmd32.dll
.\SurfaceUpdate\GraphicsGH\igdmd64.dll
.\SurfaceUpdate\GraphicsGH\igdrcl32.dll
.\SurfaceUpdate\GraphicsGH\igdrcl64.dll
.\SurfaceUpdate\GraphicsGH\igdumdim32.dll
.\SurfaceUpdate\GraphicsGH\igdumdim64.dll
.\SurfaceUpdate\GraphicsGH\igfx11cmrt32.dll
.\SurfaceUpdate\GraphicsGH\igfx11cmrt64.dll
.\SurfaceUpdate\GraphicsGH\igfxcmrt32.dll
.\SurfaceUpdate\GraphicsGH\igfxcmrt64.dll
.\SurfaceUpdate\GraphicsGH\igfxCPL.cpl
.\SurfaceUpdate\GraphicsGH\igfxCUIService.exe
.\SurfaceUpdate\GraphicsGH\igfxCUIServicePS.dll
.\SurfaceUpdate\GraphicsGH\igfxDH.dll
.\SurfaceUpdate\GraphicsGH\igfxDHLib.dll
.\SurfaceUpdate\GraphicsGH\igfxDI.dll
.\SurfaceUpdate\GraphicsGH\igfxDTCM.dll
.\SurfaceUpdate\GraphicsGH\igfxEM.exe
.\SurfaceUpdate\GraphicsGH\igfxexps.dll
.\SurfaceUpdate\GraphicsGH\igfxexps32.dll
.\SurfaceUpdate\GraphicsGH\igfxext.exe
.\SurfaceUpdate\GraphicsGH\igfxLHM.dll
.\SurfaceUpdate\GraphicsGH\igfxLHMLib.dll
.\SurfaceUpdate\GraphicsGH\igfxSDK.exe
.\SurfaceUpdate\GraphicsGH\igfxSDKLib.dll
.\SurfaceUpdate\GraphicsGH\iglhxa64.cpa
.\SurfaceUpdate\GraphicsGH\iglhxa64.vp
.\SurfaceUpdate\GraphicsGH\iglhxc64.vp
.\SurfaceUpdate\GraphicsGH\iglhxc64_dev.vp
.\SurfaceUpdate\GraphicsGH\iglhxg64.vp
.\SurfaceUpdate\GraphicsGH\iglhxg64_dev.vp
.\SurfaceUpdate\GraphicsGH\iglhxo64.vp
.\SurfaceUpdate\GraphicsGH\iglhxo64_dev.vp
.\SurfaceUpdate\GraphicsGH\iglhxs64.vp
.\SurfaceUpdate\GraphicsGH\igvk32.dll
.\SurfaceUpdate\GraphicsGH\igvk32.json
.\SurfaceUpdate\GraphicsGH\igvk64.dll
.\SurfaceUpdate\GraphicsGH\igvk64.json
.\SurfaceUpdate\GraphicsGH\igxpco64.dll
.\SurfaceUpdate\GraphicsGH\igxpun.exe
.\SurfaceUpdate\GraphicsGH\ImageStabilization.wmv
.\SurfaceUpdate\GraphicsGH\intcdaud.cat
.\SurfaceUpdate\GraphicsGH\IntcDAud.inf
.\SurfaceUpdate\GraphicsGH\IntcDAud.sys
.\SurfaceUpdate\GraphicsGH\IntelCpHDCPSvc.exe
.\SurfaceUpdate\GraphicsGH\IntelCpHeciSvc.exe
.\SurfaceUpdate\GraphicsGH\IntelOpenCL32.dll
.\SurfaceUpdate\GraphicsGH\IntelOpenCL64.dll
.\SurfaceUpdate\GraphicsGH\intel_gfx_api-x64.dll
.\SurfaceUpdate\GraphicsGH\intel_gfx_api-x86.dll
.\SurfaceUpdate\GraphicsGH\Intel_OpenCL_ICD32.dll
.\SurfaceUpdate\GraphicsGH\Intel_OpenCL_ICD64.dll
.\SurfaceUpdate\GraphicsGH\libEGL.dll
.\SurfaceUpdate\GraphicsGH\libGLESv1_CM.dll
.\SurfaceUpdate\GraphicsGH\libGLESv2.dll
.\SurfaceUpdate\GraphicsGH\libmfxhw32.dll
.\SurfaceUpdate\GraphicsGH\libmfxhw64.dll
.\SurfaceUpdate\GraphicsGH\media_cp.man
.\SurfaceUpdate\GraphicsGH\MetroIntelGenericUIFramework.dll
.\SurfaceUpdate\GraphicsGH\mfxplugin32_hw.dll
.\SurfaceUpdate\GraphicsGH\mfxplugin64_hw.dll
.\SurfaceUpdate\GraphicsGH\mfx_mft_encrypt_32.dll
.\SurfaceUpdate\GraphicsGH\mfx_mft_encrypt_64.dll
.\SurfaceUpdate\GraphicsGH\mfx_mft_h264ve_32.dll
.\SurfaceUpdate\GraphicsGH\mfx_mft_h264ve_64.dll
.\SurfaceUpdate\GraphicsGH\mfx_mft_h265ve_32.dll
.\SurfaceUpdate\GraphicsGH\mfx_mft_h265ve_64.dll
.\SurfaceUpdate\GraphicsGH\mfx_mft_mjpgvd_32.dll
.\SurfaceUpdate\GraphicsGH\mfx_mft_mjpgvd_64.dll
.\SurfaceUpdate\GraphicsGH\mfx_mft_vp9ve_32.dll
.\SurfaceUpdate\GraphicsGH\mfx_mft_vp9ve_64.dll
.\SurfaceUpdate\GraphicsGH\mj_32.vp
.\SurfaceUpdate\GraphicsGH\mj_64.vp
.\SurfaceUpdate\GraphicsGH\ocl_cpu_clang_compiler32.dll
.\SurfaceUpdate\GraphicsGH\ocl_cpu_clang_compiler64.dll
.\SurfaceUpdate\GraphicsGH\ocl_cpu_clbltfne9.rtl
.\SurfaceUpdate\GraphicsGH\ocl_cpu_clbltfne9_img_cbk.o
.\SurfaceUpdate\GraphicsGH\ocl_cpu_clbltfne9_img_cbk.rtl
.\SurfaceUpdate\GraphicsGH\ocl_cpu_clbltfng9.rtl
.\SurfaceUpdate\GraphicsGH\ocl_cpu_clbltfng9_img_cbk.o
.\SurfaceUpdate\GraphicsGH\ocl_cpu_clbltfng9_img_cbk.rtl
.\SurfaceUpdate\GraphicsGH\ocl_cpu_clbltfnh8.rtl
.\SurfaceUpdate\GraphicsGH\ocl_cpu_clbltfnh8_img_cbk.o
.\SurfaceUpdate\GraphicsGH\ocl_cpu_clbltfnh8_img_cbk.rtl
.\SurfaceUpdate\GraphicsGH\ocl_cpu_clbltfnl9.rtl
.\SurfaceUpdate\GraphicsGH\ocl_cpu_clbltfnl9_img_cbk.o
.\SurfaceUpdate\GraphicsGH\ocl_cpu_clbltfnl9_img_cbk.rtl
.\SurfaceUpdate\GraphicsGH\ocl_cpu_clbltfnn8.rtl
.\SurfaceUpdate\GraphicsGH\ocl_cpu_clbltfnn8_img_cbk.o
.\SurfaceUpdate\GraphicsGH\ocl_cpu_clbltfnn8_img_cbk.rtl
.\SurfaceUpdate\GraphicsGH\ocl_cpu_clbltfns9.rtl
.\SurfaceUpdate\GraphicsGH\ocl_cpu_clbltfns9_img_cbk.o
.\SurfaceUpdate\GraphicsGH\ocl_cpu_clbltfns9_img_cbk.rtl
.\SurfaceUpdate\GraphicsGH\ocl_cpu_clbltfnshared.rtl
.\SurfaceUpdate\GraphicsGH\ocl_cpu_clbltfnx0.rtl
.\SurfaceUpdate\GraphicsGH\ocl_cpu_clbltfnx0_img_cbk.o
.\SurfaceUpdate\GraphicsGH\ocl_cpu_clbltfnx0_img_cbk.rtl
.\SurfaceUpdate\GraphicsGH\ocl_cpu_clbltfnz0.rtl
.\SurfaceUpdate\GraphicsGH\ocl_cpu_clbltfnz0_img_cbk.o
.\SurfaceUpdate\GraphicsGH\ocl_cpu_clbltfnz0_img_cbk.rtl
.\SurfaceUpdate\GraphicsGH\ocl_cpu_cpu_device32.dll
.\SurfaceUpdate\GraphicsGH\ocl_cpu_cpu_device64.dll
.\SurfaceUpdate\GraphicsGH\ocl_cpu_intelocl32.dll
.\SurfaceUpdate\GraphicsGH\ocl_cpu_intelocl64.dll
.\SurfaceUpdate\GraphicsGH\ocl_cpu_IntelOpenCL32.dll
.\SurfaceUpdate\GraphicsGH\ocl_cpu_IntelOpenCL64.dll
.\SurfaceUpdate\GraphicsGH\ocl_cpu_llvm_release_license.txt
.\SurfaceUpdate\GraphicsGH\ocl_cpu_OclCpuBackend32.dll
.\SurfaceUpdate\GraphicsGH\ocl_cpu_OclCpuBackend64.dll
.\SurfaceUpdate\GraphicsGH\ocl_cpu_readme.txt
.\SurfaceUpdate\GraphicsGH\ocl_cpu_task_executor32.dll
.\SurfaceUpdate\GraphicsGH\ocl_cpu_task_executor64.dll
.\SurfaceUpdate\GraphicsGH\ocl_cpu_tbb32.dll
.\SurfaceUpdate\GraphicsGH\ocl_cpu_tbb64.dll
.\SurfaceUpdate\GraphicsGH\ocl_cpu_tbbmalloc32.dll
.\SurfaceUpdate\GraphicsGH\ocl_cpu_tbbmalloc64.dll
.\SurfaceUpdate\GraphicsGH\ocl_cpu_version.ini
.\SurfaceUpdate\GraphicsGH\ocl_cpu___ocl_svml_e9.dll
.\SurfaceUpdate\GraphicsGH\ocl_cpu___ocl_svml_g9.dll
.\SurfaceUpdate\GraphicsGH\ocl_cpu___ocl_svml_h8.dll
.\SurfaceUpdate\GraphicsGH\ocl_cpu___ocl_svml_l9.dll
.\SurfaceUpdate\GraphicsGH\ocl_cpu___ocl_svml_n8.dll
.\SurfaceUpdate\GraphicsGH\ocl_cpu___ocl_svml_s9.dll
.\SurfaceUpdate\GraphicsGH\ocl_cpu___ocl_svml_x0.dll
.\SurfaceUpdate\GraphicsGH\ocl_cpu___ocl_svml_z0.dll
.\SurfaceUpdate\GraphicsGH\OSSCOPYRIGHT
.\SurfaceUpdate\GraphicsGH\UniversalAdapter32.dll
.\SurfaceUpdate\GraphicsGH\UniversalAdapter64.dll
.\SurfaceUpdate\GraphicsGH\vp9e_32.vp
.\SurfaceUpdate\GraphicsGH\vp9e_64.vp
.\SurfaceUpdate\GraphicsGH\vr360sdk32.dll
.\SurfaceUpdate\GraphicsGH\vr360sdk64.dll
.\SurfaceUpdate\GraphicsGH\VulkanRT-EULA.txt
.\SurfaceUpdate\GraphicsGH\VulkanRT-Installer.exe
.\SurfaceUpdate\HDXSSTM
.\SurfaceUpdate\HDXSSTM\DolbyDAX2APOProp.dll
.\SurfaceUpdate\HDXSSTM\DolbyDAX2APOv201.dll
.\SurfaceUpdate\HDXSSTM\HDXRT.CAT
.\SurfaceUpdate\HDXSSTM\HDXSSTM.inf
.\SurfaceUpdate\HDXSSTM\HiFiDAX2API.dll
.\SurfaceUpdate\HDXSSTM\RltkAPO64.dll
.\SurfaceUpdate\HDXSSTM\RTAIODAT.DAT
.\SurfaceUpdate\HDXSSTM\RtCOM64.dll
.\SurfaceUpdate\HDXSSTM\RtkApi64.dll
.\SurfaceUpdate\HDXSSTM\RtkCfg64.dll
.\SurfaceUpdate\HDXSSTM\RTKVHD64.sys
.\SurfaceUpdate\HDXSSTM\RtPgEx64.dll
.\SurfaceUpdate\itouch
.\SurfaceUpdate\itouch\iaPreciseTouch.cat
.\SurfaceUpdate\itouch\iaPreciseTouch.inf
.\SurfaceUpdate\itouch\iaPreciseTouch.sys
.\SurfaceUpdate\managementengineext
.\SurfaceUpdate\managementengineext\OemExtension.cat
.\SurfaceUpdate\managementengineext\OemExtension.inf
.\SurfaceUpdate\SerialIOGPIO
.\SurfaceUpdate\SerialIOGPIO\iaLPSS2_GPIO2.sys
.\SurfaceUpdate\SerialIOGPIO\iaLPSS2_GPIO2_SKL.cat
.\SurfaceUpdate\SerialIOGPIO\iaLPSS2_GPIO2_SKL.inf
.\SurfaceUpdate\SerialIOGPIO\iaLPSS2_I2C.sys
.\SurfaceUpdate\SerialIOGPIO\iaLPSS2_SPI.sys
.\SurfaceUpdate\SerialIOGPIO\iaLPSS2_UART2.sys
.\SurfaceUpdate\SerialIOI2C
.\SurfaceUpdate\SerialIOI2C\iaLPSS2_GPIO2.sys
.\SurfaceUpdate\SerialIOI2C\iaLPSS2_I2C.sys
.\SurfaceUpdate\SerialIOI2C\iaLPSS2_I2C_SKL.cat
.\SurfaceUpdate\SerialIOI2C\iaLPSS2_I2C_SKL.inf
.\SurfaceUpdate\SerialIOI2C\iaLPSS2_SPI.sys
.\SurfaceUpdate\SerialIOI2C\iaLPSS2_UART2.sys
.\SurfaceUpdate\SerialIOSPI
.\SurfaceUpdate\SerialIOSPI\iaLPSS2_GPIO2.sys
.\SurfaceUpdate\SerialIOSPI\iaLPSS2_I2C.sys
.\SurfaceUpdate\SerialIOSPI\iaLPSS2_SPI.sys
.\SurfaceUpdate\SerialIOSPI\iaLPSS2_SPI_SKL.cat
.\SurfaceUpdate\SerialIOSPI\iaLPSS2_SPI_SKL.inf
.\SurfaceUpdate\SerialIOSPI\iaLPSS2_UART2.sys
.\SurfaceUpdate\SerialIOUART
.\SurfaceUpdate\SerialIOUART\iaLPSS2_GPIO2.sys
.\SurfaceUpdate\SerialIOUART\iaLPSS2_I2C.sys
.\SurfaceUpdate\SerialIOUART\iaLPSS2_SPI.sys
.\SurfaceUpdate\SerialIOUART\iaLPSS2_UART2.sys
.\SurfaceUpdate\SerialIOUART\iaLPSS2_UART2_SKL.cat
.\SurfaceUpdate\SerialIOUART\iaLPSS2_UART2_SKL.inf
.\SurfaceUpdate\SkylakeChipset
.\SurfaceUpdate\SkylakeChipset\Skylake.cat
.\SurfaceUpdate\SkylakeChipset\skylakeSystem.inf
.\SurfaceUpdate\SPChipset
.\SurfaceUpdate\SPChipset\SunrisePoint-LP.cat
.\SurfaceUpdate\SPChipset\sunrisepoint-lpSystem.inf
.\SurfaceUpdate\SPChipsetHost
.\SurfaceUpdate\SPChipsetHost\SunrisePoint-LP.cat
.\SurfaceUpdate\SPChipsetHost\sunrisepoint-lpSDHost.inf
.\SurfaceUpdate\SurfaceAccessoryFwUpdate
.\SurfaceUpdate\SurfaceAccessoryFwUpdate\SurfaceAccessoryFwUpdate.cat
.\SurfaceUpdate\SurfaceAccessoryFwUpdate\SurfaceAccessoryFwUpdate.inf
.\SurfaceUpdate\SurfaceACPIBattery
.\SurfaceUpdate\SurfaceACPIBattery\SurfaceACPIBattery.cat
.\SurfaceUpdate\SurfaceACPIBattery\SurfaceACPIBattery.inf
.\SurfaceUpdate\SurfaceBaseFwUpdate
.\SurfaceUpdate\SurfaceBaseFwUpdate\SurfaceBaseFwUpdate.cat
.\SurfaceUpdate\SurfaceBaseFwUpdate\SurfaceBaseFwUpdate.dll
.\SurfaceUpdate\SurfaceBaseFwUpdate\SurfaceBaseFwUpdate.inf
.\SurfaceUpdate\surfacebaseintegration
.\SurfaceUpdate\surfacebaseintegration\SurfaceBaseIntegration.cat
.\SurfaceUpdate\surfacebaseintegration\SurfaceBaseIntegration.inf
.\SurfaceUpdate\surfacebaseintegration\SurfaceBaseIntegration.sys
.\SurfaceUpdate\SurfaceCameraWindowsHello
.\SurfaceUpdate\SurfaceCameraWindowsHello\FaceMF.Provider.dll
.\SurfaceUpdate\SurfaceCameraWindowsHello\SurfaceCameraWindowsHello.cat
.\SurfaceUpdate\SurfaceCameraWindowsHello\SurfaceCameraWindowsHello.inf
.\SurfaceUpdate\SurfaceDialDetection
.\SurfaceUpdate\SurfaceDialDetection\SurfaceDialDetection.cat
.\SurfaceUpdate\SurfaceDialDetection\SurfaceDialDetection.dll
.\SurfaceUpdate\SurfaceDialDetection\SurfaceDialDetection.inf
.\SurfaceUpdate\SurfaceDialDetection\WUDFCoinstaller.dll
.\SurfaceUpdate\SurfaceDialFilter
.\SurfaceUpdate\SurfaceDialFilter\SurfaceDialFilter.cat
.\SurfaceUpdate\SurfaceDialFilter\SurfaceDialFilter.inf
.\SurfaceUpdate\SurfaceDialFilter\SurfaceDialFilter.sys
.\SurfaceUpdate\SurfaceDigitizerIntegration
.\SurfaceUpdate\SurfaceDigitizerIntegration\SurfaceDigitizerIntegration.cat
.\SurfaceUpdate\SurfaceDigitizerIntegration\SurfaceDigitizerIntegration.inf
.\SurfaceUpdate\SurfaceDigitizerIntegration\SurfaceDigitizerIntegration.sys
.\SurfaceUpdate\SurfaceDisplay
.\SurfaceUpdate\SurfaceDisplay\SurfaceDisplay.cat
.\SurfaceUpdate\SurfaceDisplay\SurfaceDisplay.inf
.\SurfaceUpdate\SurfaceDisplayCalibration
.\SurfaceUpdate\SurfaceDisplayCalibration\SurfaceDisplayCalibration.cat
.\SurfaceUpdate\SurfaceDisplayCalibration\SurfaceDisplayCalibration.inf
.\SurfaceUpdate\SurfaceDisplayCalibration\SurfaceDisplayCalibration.sys
.\SurfaceUpdate\SurfaceDockFwUpdate
.\SurfaceUpdate\SurfaceDockFwUpdate\surfacedockfwupdate.cat
.\SurfaceUpdate\SurfaceDockFwUpdate\SurfaceDockFwUpdate.dll
.\SurfaceUpdate\SurfaceDockFwUpdate\SurfaceDockFwUpdate.inf
.\SurfaceUpdate\SurfaceDTX
.\SurfaceUpdate\SurfaceDTX\SurfaceDTX.cs-cz.resources.dll
.\SurfaceUpdate\SurfaceDTX\SurfaceDTX.da-dk.resources.dll
.\SurfaceUpdate\SurfaceDTX\SurfaceDTX.de-de.resources.dll
.\SurfaceUpdate\SurfaceDTX\SurfaceDTX.en-au.resources.dll
.\SurfaceUpdate\SurfaceDTX\SurfaceDTX.en-gb.resources.dll
.\SurfaceUpdate\SurfaceDTX\SurfaceDTX.en-sg.resources.dll
.\SurfaceUpdate\SurfaceDTX\SurfaceDTX.es-es.resources.dll
.\SurfaceUpdate\SurfaceDTX\SurfaceDTX.es-mx.resources.dll
.\SurfaceUpdate\SurfaceDTX\SurfaceDTX.exe
.\SurfaceUpdate\SurfaceDTX\SurfaceDTX.fi-fi.resources.dll
.\SurfaceUpdate\SurfaceDTX\SurfaceDTX.fr-ca.resources.dll
.\SurfaceUpdate\SurfaceDTX\SurfaceDTX.fr-fr.resources.dll
.\SurfaceUpdate\SurfaceDTX\SurfaceDTX.id-id.resources.dll
.\SurfaceUpdate\SurfaceDTX\SurfaceDTX.it-it.resources.dll
.\SurfaceUpdate\SurfaceDTX\SurfaceDTX.ja-jp.resources.dll
.\SurfaceUpdate\SurfaceDTX\SurfaceDTX.ko-kr.resources.dll
.\SurfaceUpdate\SurfaceDTX\SurfaceDTX.nb-no.resources.dll
.\SurfaceUpdate\SurfaceDTX\SurfaceDTX.nl-nl.resources.dll
.\SurfaceUpdate\SurfaceDTX\SurfaceDTX.pl-pl.resources.dll
.\SurfaceUpdate\SurfaceDTX\SurfaceDTX.pt-pt.resources.dll
.\SurfaceUpdate\SurfaceDTX\SurfaceDTX.ru-ru.resources.dll
.\SurfaceUpdate\SurfaceDTX\SurfaceDTX.sk-sk.resources.dll
.\SurfaceUpdate\SurfaceDTX\SurfaceDTX.sv-se.resources.dll
.\SurfaceUpdate\SurfaceDTX\SurfaceDTX.th-th.resources.dll
.\SurfaceUpdate\SurfaceDTX\SurfaceDTX.tr-tr.resources.dll
.\SurfaceUpdate\SurfaceDTX\SurfaceDTX.zh-cn.resources.dll
.\SurfaceUpdate\SurfaceDTX\SurfaceDTX.zh-hk.resources.dll
.\SurfaceUpdate\SurfaceDTX\SurfaceDTX.zh-sg.resources.dll
.\SurfaceUpdate\SurfaceDTX\SurfaceDTX.zh-tw.resources.dll
.\SurfaceUpdate\SurfaceDTX\SurfaceDTXDriver.cat
.\SurfaceUpdate\SurfaceDTX\SurfaceDtxDriver.dll
.\SurfaceUpdate\SurfaceDTX\SurfaceDTXDriver.inf
.\SurfaceUpdate\SurfaceDTX\SurfaceDtxService.exe
.\SurfaceUpdate\surfaceec
.\SurfaceUpdate\surfaceec\SurfaceEC.cat
.\SurfaceUpdate\surfaceec\SurfaceEC.inf
.\SurfaceUpdate\surfaceec\SurfaceEC_90.2226.256.bin
.\SurfaceUpdate\SurfaceKeyboardBacklight
.\SurfaceUpdate\SurfaceKeyboardBacklight\SurfaceKeyboardBacklight.cat
.\SurfaceUpdate\SurfaceKeyboardBacklight\SurfaceKeyboardBacklight.dll
.\SurfaceUpdate\SurfaceKeyboardBacklight\SurfaceKeyboardBacklight.inf
.\SurfaceUpdate\SurfaceKeyboardBacklight\WUDFCoinstaller.dll
.\SurfaceUpdate\surfaceme
.\SurfaceUpdate\surfaceme\SurfaceME.cat
.\SurfaceUpdate\surfaceme\SurfaceME.inf
.\SurfaceUpdate\surfaceme\SurfaceME_11.8.86.3877.bin
.\SurfaceUpdate\SurfaceNVMExpressController
.\SurfaceUpdate\SurfaceNVMExpressController\SurfaceNVMExpressController.cat
.\SurfaceUpdate\SurfaceNVMExpressController\SurfaceNVMExpressController.inf
.\SurfaceUpdate\SurfacePen
.\SurfaceUpdate\SurfacePen\SurfacePen.cat
.\SurfaceUpdate\SurfacePen\SurfacePen.inf
.\SurfaceUpdate\SurfacePen_0
.\SurfaceUpdate\SurfacePen_0\SurfacePenDriver.cat
.\SurfaceUpdate\SurfacePen_0\SurfacePenDriver.inf
.\SurfaceUpdate\SurfacePen_0\SurfacePenDriver.sys
.\SurfaceUpdate\SurfacePen_0\WdfCoinstaller01011.dll
.\SurfaceUpdate\SurfacePenClickFilter
.\SurfaceUpdate\SurfacePenClickFilter\SurfacePenClickFilter.cat
.\SurfaceUpdate\SurfacePenClickFilter\SurfacePenClickFilter.inf
.\SurfaceUpdate\SurfacePenClickFilter\SurfacePenClickFilter.sys
.\SurfaceUpdate\SurfacePenIntegration
.\SurfaceUpdate\SurfacePenIntegration\SurfacePenIntegration.cat
.\SurfaceUpdate\SurfacePenIntegration\SurfacePenIntegration.inf
.\SurfaceUpdate\SurfacePenIntegration\SurfacePenIntegration.sys
.\SurfaceUpdate\SurfacePenPairing
.\SurfaceUpdate\SurfacePenPairing\SurfacePenPairing.cat
.\SurfaceUpdate\SurfacePenPairing\SurfacePenPairing.dll
.\SurfaceUpdate\SurfacePenPairing\SurfacePenPairing.inf
.\SurfaceUpdate\SurfacePowerMeter
.\SurfaceUpdate\SurfacePowerMeter\SurfacePowerMeter.cat
.\SurfaceUpdate\SurfacePowerMeter\SurfacePowerMeter.inf
.\SurfaceUpdate\SurfaceSAM
.\SurfaceUpdate\SurfaceSAM\SurfaceSAM.cat
.\SurfaceUpdate\SurfaceSAM\SurfaceSAM.inf
.\SurfaceUpdate\SurfaceSAM\SurfaceSAM_90.1837.256.bin
.\SurfaceUpdate\SurfaceService
.\SurfaceUpdate\SurfaceService\SurfaceIntegrationServiceDriver.cat
.\SurfaceUpdate\SurfaceService\SurfaceService.exe
.\SurfaceUpdate\SurfaceService\SurfaceServiceNullDriver.inf
.\SurfaceUpdate\SurfaceSoftwareServicing
.\SurfaceUpdate\SurfaceSoftwareServicing\SurfaceSoftwareServicingDriver.cat
.\SurfaceUpdate\SurfaceSoftwareServicing\SurfaceSoftwareServicingDriver.inf
.\SurfaceUpdate\SurfaceSoftwareServicing\SurfaceSoftwareServicingDriver.sys
.\SurfaceUpdate\SurfaceStorageFwUpdate
.\SurfaceUpdate\SurfaceStorageFwUpdate\SurfaceStorageFwUpdate.cat
.\SurfaceUpdate\SurfaceStorageFwUpdate\SurfaceStorageFwUpdate.inf
.\SurfaceUpdate\SurfaceStorageFwUpdate\SurfaceStorageFwUpdate.sys
.\SurfaceUpdate\SurfaceSystemTelemetry
.\SurfaceUpdate\SurfaceSystemTelemetry\SurfaceSystemTelemetryDriver.cat
.\SurfaceUpdate\SurfaceSystemTelemetry\SurfaceSystemTelemetryDriver.inf
.\SurfaceUpdate\SurfaceTouch
.\SurfaceUpdate\SurfaceTouch\SurfaceTouch.cat
.\SurfaceUpdate\SurfaceTouch\surfacetouch.inf
.\SurfaceUpdate\SurfaceTouch\SurfaceTouch_1.107.3.94.25.3.bin
.\SurfaceUpdate\SurfaceTouchServicingML
.\SurfaceUpdate\SurfaceTouchServicingML\SurfaceTouchServicingDescriptorMSHW0076.bin
.\SurfaceUpdate\SurfaceTouchServicingML\SurfaceTouchServicingDescriptorMSHW0078.bin
.\SurfaceUpdate\SurfaceTouchServicingML\SurfaceTouchServicingDescriptorMSHW0079.bin
.\SurfaceUpdate\SurfaceTouchServicingML\SurfaceTouchServicingDescriptorMSHW0101.bin
.\SurfaceUpdate\SurfaceTouchServicingML\SurfaceTouchServicingDescriptorMSHW0102.bin
.\SurfaceUpdate\SurfaceTouchServicingML\SurfaceTouchServicingDescriptorMSHW0103.bin
.\SurfaceUpdate\SurfaceTouchServicingML\SurfaceTouchServicingDescriptorMSHW0137.bin
.\SurfaceUpdate\SurfaceTouchServicingML\SurfaceTouchServicingKernelMSHW0079.bin
.\SurfaceUpdate\SurfaceTouchServicingML\SurfaceTouchServicingKernelMSHW0079.bin.sig
.\SurfaceUpdate\SurfaceTouchServicingML\SurfaceTouchServicingKernelMSHW0101.bin
.\SurfaceUpdate\SurfaceTouchServicingML\SurfaceTouchServicingKernelMSHW0101.bin.sig
.\SurfaceUpdate\SurfaceTouchServicingML\SurfaceTouchServicingKernelMSHW0102.bin
.\SurfaceUpdate\SurfaceTouchServicingML\SurfaceTouchServicingKernelMSHW0102.bin.sig
.\SurfaceUpdate\SurfaceTouchServicingML\SurfaceTouchServicingKernelMSHW0137.bin
.\SurfaceUpdate\SurfaceTouchServicingML\SurfaceTouchServicingKernelMSHW0137.bin.sig
.\SurfaceUpdate\SurfaceTouchServicingML\SurfaceTouchServicingKernelSKLMSHW0076.bin
.\SurfaceUpdate\SurfaceTouchServicingML\SurfaceTouchServicingKernelSKLMSHW0078.bin
.\SurfaceUpdate\SurfaceTouchServicingML\SurfaceTouchServicingKernelSKLMSHW0103.bin
.\SurfaceUpdate\SurfaceTouchServicingML\SurfaceTouchServicingML.cat
.\SurfaceUpdate\SurfaceTouchServicingML\SurfaceTouchServicingML.inf
.\SurfaceUpdate\SurfaceTouchServicingML\SurfaceTouchServicingML.sys
.\SurfaceUpdate\SurfaceTouchServicingML\SurfaceTouchServicingSFTConfigMSHW0076.bin
.\SurfaceUpdate\SurfaceTouchServicingML\SurfaceTouchServicingSFTConfigMSHW0078.bin
.\SurfaceUpdate\SurfaceTouchServicingML\SurfaceTouchServicingSFTConfigMSHW0079.bin
.\SurfaceUpdate\SurfaceTouchServicingML\SurfaceTouchServicingSFTConfigMSHW0101.bin
.\SurfaceUpdate\SurfaceTouchServicingML\SurfaceTouchServicingSFTConfigMSHW0102.bin
.\SurfaceUpdate\SurfaceTouchServicingML\SurfaceTouchServicingSFTConfigMSHW0103.bin
.\SurfaceUpdate\SurfaceTouchServicingML\SurfaceTouchServicingSFTConfigMSHW0137.bin
.\SurfaceUpdate\SurfaceTouchServicingML\SurfaceTouchServicingTouchBlobMSHW0076.bin
.\SurfaceUpdate\SurfaceTouchServicingML\SurfaceTouchServicingTouchBlobMSHW0078.bin
.\SurfaceUpdate\SurfaceTouchServicingML\SurfaceTouchServicingTouchBlobMSHW0079.bin
.\SurfaceUpdate\SurfaceTouchServicingML\SurfaceTouchServicingTouchBlobMSHW0101.bin
.\SurfaceUpdate\SurfaceTouchServicingML\SurfaceTouchServicingTouchBlobMSHW0102.bin
.\SurfaceUpdate\SurfaceTouchServicingML\SurfaceTouchServicingTouchBlobMSHW0103.bin
.\SurfaceUpdate\SurfaceTouchServicingML\SurfaceTouchServicingTouchBlobMSHW0137.bin
.\SurfaceUpdate\surfacetpm
.\SurfaceUpdate\surfacetpm\SurfaceTPM.cat
.\SurfaceUpdate\surfacetpm\SurfaceTPM.inf
.\SurfaceUpdate\surfacetpm\SurfaceTPM_5.62.3126.2.bin
.\SurfaceUpdate\surfaceuefi
.\SurfaceUpdate\surfaceuefi\SurfaceUEFI.cat
.\SurfaceUpdate\surfaceuefi\SurfaceUEFI.inf
.\SurfaceUpdate\surfaceuefi\SurfaceUEFI_92.3748.768.bin
.\SurfaceUpdate\SurfaceUsbHubFwUpdate
.\SurfaceUpdate\SurfaceUsbHubFwUpdate\SurfaceUsbHubFwUpdate.cat
.\SurfaceUpdate\SurfaceUsbHubFwUpdate\SurfaceUsbHubFwUpdate.inf
.\SurfaceUpdate\SurfaceUsbHubFwUpdate\SurfaceUsbHubFwUpdate.sys
.\SurfaceUpdate\SurfaceUsbHubFwUpdate\SurfaceUsbHubFwUpdateService.exe
**********************
Captured Folders:
managementengine
SurfaceButton
SurfaceDockIntegration
SurfaceIntegration
**********************
End time: 20241018124219