**********************
Windows PowerShell transcript start
Start time: 20250124143132
Username: AzureAD\DavidSegura
RunAs User: AzureAD\DavidSegura
Configuration Name: 
Machine: HPFIREFLY16P (Microsoft Windows NT 10.0.26100.0)
Host Application: C:\WINDOWS\System32\WindowsPowerShell\v1.0\powershell.exe
Process ID: 13244
PSVersion: 5.1.26100.2161
PSEdition: Desktop
PSCompatibleVersions: 1.0, 2.0, 3.0, 4.0, 5.0, 5.1.26100.2161
BuildVersion: 10.0.26100.2161
CLRVersion: 4.0.30319.42000
WSManStackVersion: 3.0
PSRemotingProtocolVersion: 2.3
SerializationVersion: 1.1.0.1
**********************
Transcript started, output file is C:\DATA\OSDHome\BootImage-Drivers\amd64\Microsoft-SurfacePro9\2025-01-24-Build.log
[14:31:32] Expanding the contents of  to C:\DATA\OSDHome\BootImage-Drivers\amd64\Microsoft-SurfacePro9
[14:32:49] Removed C:\DATA\OSDHome\BootImage-Drivers\amd64\Microsoft-SurfacePro9\SurfacePro9_Win11_22621_24.121.7541.0.msi
[14:32:49] Removed SurfaceUpdate content
AudioSST
AudioSSTBus
AudioUSB
bluetooth
BxtAudio
cameras
camerasext
capabilitylicensingsvcclient
dax3aposvc
dax3extrtk
dax3swchsa
devicestelemetryservicedriver
ehdxsstmd3a4
fingerprint
graphicsbase
icpscomponent
iigdextzc
netwtw6e
RealtekAPO
realtekapoext
surfaceaccessoryfwupdate
surfaceapoextension
surfaceaposwcinstaller
Surfaceappcompanionextensionpackage
surfacecaptureapoextension
surfacecaptureaposwcinstaller
surfacecfuoverhid
surfacedock2fwupdate
surfacedspextension
surfaceeeprom
Surfacehidclasssettingsextensionpackage
surfaceihvcpusmfclient
surfacemachinelearningservicenull
surfaceme
surfaceoempanel
surfaceoempanelcustomization
Surfaceoobpairingoptinpackage
surfacepd
surfacepen0953cfuoverblelcextnpackage
surfacepen0953firmwareupdate
surfacepen0c0fcfuoverblelcextnpackage
surfacepen0c0ffirmwareupdate
surfacepen217fwupdate
Surfacepenblelcaddradaptation
surfacepencfuoverblelc
surfacepowermeter
surfacepowerstate
surfacepowertrackercore
surfaceretimer
surfacesam
surfacesmfix
surfacesmfsensorclient
surfacestoragefwupdateenum
surfacestoragefwupdatehfm001td3gx013n
surfacestoragefwupdatehfm128gd3gx013n
surfacestoragefwupdatehfm256gd3gx013n
surfacestoragefwupdatehfm512gd3gx013n
surfacestoragefwupdatekbg40zns256gpackage
surfacestoragefwupdatekbg50zns1t
surfacestoragefwupdatekbg50zns256g
surfacestoragefwupdatekbg50zns512g
surfacestoragefwupdatemz9l4128hchq00bmv
surfacestoragefwupdatemz9l41t0hblb00bmv
surfacestoragefwupdatemz9l4256hcjq00bmv
surfacestoragefwupdatemz9l4512hblu00bmv
surfacesystemmanagementframework
surfacesystemtelemetry
surfacetconcapsuleANX
surfacetconcapsuleANXLucca
surfacetconcapsuleNVT
surfacethermalpolicy
surfacethunderbolt4dockfwupdate
surfacetouchg6fwupdateextnpackage
Surfacetouchpadg7cfuoverhidextnpackage
Surfacetouchpadsettingsextensionpackage
surfacetouchpenprocessorupdate
surfacetpm_NationZ
surfacetpm_Nuvoton
surfacetypecoverv7fwupdate
surfaceuefi
wifidrv10customizations
[14:32:50] Remaining SurfaceUpdate content:
adlserial
alderlakepchpsystem
alderlakesystem
gna
Integration
intelprecisetouch
managementengine
msu53cx22x64sta
msu56cx22x64sta
surfaceacpiplatformextension
surfacebattery
surfacebutton
surfacecoverclick
surfacedockintegration
surfaceethernetadapter
surfacehidfriendlynames
surfacehidmini
surfacehotplug
surfacepen217integration
surfacepenwirelesschargerhotkey
surfacesarmanager
surfaceserialhubdriver
surfaceservicenulldriver
surfacesmfclient
surfacesmfdisplayclient
surfacetimealarmacpifilter
surfacetypecoverv7fprudedriver
surfaceucmucsihidclient
**********************
Windows PowerShell transcript end
End time: 20250124143250
**********************
