**********************
PowerShell transcript start
Start time: 20241018115937
Username: AzureAD\DavidSegura
RunAs User: AzureAD\DavidSegura
Configuration Name: 
Machine: HPFIREFLY16P (Microsoft Windows NT 10.0.26100.0)
Host Application: C:\Program Files\PowerShell\7\pwsh.dll
Process ID: 28232
PSVersion: 7.4.5
PSEdition: Core
GitCommitId: 7.4.5
OS: Microsoft Windows 10.0.26100
Platform: Win32NT
PSCompatibleVersions: 1.0, 2.0, 3.0, 4.0, 5.0, 5.1, 6.0, 7.0
PSRemotingProtocolVersion: 2.3
SerializationVersion: 1.1.0.1
WSManStackVersion: 3.0
**********************
Transcript started, output file is C:\Temp\SurfacePro11\Build.log
DriverPack: C:\DATA\Surface\SurfacePro11_Win11_26100_24.091.12892.0.msi
Removed Content:
SurfacePro11\SurfaceUpdate\5gnrcoexmgr
SurfacePro11\SurfaceUpdate\5gnrcoexmgr\qc5gnrcoexmgr.dll
SurfacePro11\SurfaceUpdate\5gnrcoexmgr\surface_5gnrcoexmgr.cat
SurfacePro11\SurfaceUpdate\5gnrcoexmgr\surface_5gnrcoexmgr.inf
SurfacePro11\SurfaceUpdate\5gnrcoexmgrext
SurfacePro11\SurfaceUpdate\5gnrcoexmgrext\surface_5gnrcoexmgr_ext.cat
SurfacePro11\SurfaceUpdate\5gnrcoexmgrext\surface_5gnrcoexmgr_ext.inf
SurfacePro11\SurfaceUpdate\acsp
SurfacePro11\SurfaceUpdate\acsp\REV_0A
SurfacePro11\SurfaceUpdate\acsp\REV_0A\acdb_cal_0A.acdb
SurfacePro11\SurfaceUpdate\acsp\REV_0A\workspaceFile_0A.qwsp
SurfacePro11\SurfaceUpdate\acsp\REV_0B
SurfacePro11\SurfaceUpdate\acsp\REV_0B\acdb_cal_0B.acdb
SurfacePro11\SurfaceUpdate\acsp\REV_0B\workspaceFile_0B.qwsp
SurfacePro11\SurfaceUpdate\acsp\REV_0C
SurfacePro11\SurfaceUpdate\acsp\REV_0C\acdb_cal_0C.acdb
SurfacePro11\SurfaceUpdate\acsp\REV_0C\workspaceFile_0C.qwsp
SurfacePro11\SurfaceUpdate\acsp\REV_0D
SurfacePro11\SurfaceUpdate\acsp\REV_0D\acdb_cal_0D.acdb
SurfacePro11\SurfaceUpdate\acsp\REV_0D\workspaceFile_0D.qwsp
SurfacePro11\SurfaceUpdate\acsp\ADCMResources.bin
SurfacePro11\SurfaceUpdate\acsp\fai__2.9.0_1.0__3.0.0_0.0__3.1.2_0.0__3.2.0_0.1__eai_2.25.pmd
SurfacePro11\SurfaceUpdate\acsp\fai__2.9.4_0.0__3.0.0_0.0__3.1.2_0.0__3.2.0_0.1__eai_2.25.pmd
SurfacePro11\SurfaceUpdate\acsp\fai__3.0.0_0.0__eai_2.10_enpuv3.pmd
SurfacePro11\SurfaceUpdate\acsp\fai__4.8.14_0.0__3.0.0_0.0__3.1.2_0.0__3.2.0_0.1__eai_2.25.pmd
SurfacePro11\SurfaceUpdate\acsp\fai__4.8.5_1.0__3.0.0_0.0__3.1.2_0.0__3.2.0_0.1__eai_2.25.pmd
SurfacePro11\SurfaceUpdate\acsp\ffv__5.0.1_0.1__eai_2.21_enpu3.pmd
SurfacePro11\SurfaceUpdate\acsp\surface_acsp8380.cat
SurfacePro11\SurfaceUpdate\acsp\surface_acsp8380.inf
SurfacePro11\SurfaceUpdate\apoextension
SurfacePro11\SurfaceUpdate\apoextension\SurfaceAPOExtension.cat
SurfacePro11\SurfaceUpdate\apoextension\SurfaceAPOExtension.inf
SurfacePro11\SurfaceUpdate\apoextension\SurfaceAPO_0A.json
SurfacePro11\SurfaceUpdate\apoextension\SurfaceAPO_0B.json
SurfacePro11\SurfaceUpdate\apoextension\SurfaceAPO_0C.json
SurfacePro11\SurfaceUpdate\apoextension\SurfaceAPO_0D.json
SurfacePro11\SurfaceUpdate\aposwcinstaller
SurfacePro11\SurfaceUpdate\aposwcinstaller\NOTICE.txt
SurfacePro11\SurfaceUpdate\aposwcinstaller\SurfaceAPO.dll
SurfacePro11\SurfaceUpdate\aposwcinstaller\SurfaceAPOSwcInstaller.cat
SurfacePro11\SurfaceUpdate\aposwcinstaller\SurfaceAPOSwcInstaller.inf
SurfacePro11\SurfaceUpdate\appcompanionextensionpackage
SurfacePro11\SurfaceUpdate\appcompanionextensionpackage\SurfaceAppCompanionExtensionPackage.cat
SurfacePro11\SurfaceUpdate\appcompanionextensionpackage\SurfaceAppCompanionExtensionPackage.inf
SurfacePro11\SurfaceUpdate\asdext
SurfacePro11\SurfaceUpdate\asdext\surface_asdext8380.cat
SurfacePro11\SurfaceUpdate\asdext\surface_asdext8380.inf
SurfacePro11\SurfaceUpdate\aucdext
SurfacePro11\SurfaceUpdate\aucdext\ACDResources.bin
SurfacePro11\SurfaceUpdate\aucdext\surface_aucdext8380.cat
SurfacePro11\SurfaceUpdate\aucdext\surface_aucdext8380.inf
SurfacePro11\SurfaceUpdate\audiominiext
SurfacePro11\SurfaceUpdate\audiominiext\surface_audiominiext8380.cat
SurfacePro11\SurfaceUpdate\audiominiext\surface_audiominiext8380.inf
SurfacePro11\SurfaceUpdate\button
SurfacePro11\SurfaceUpdate\button\SurfaceButton.cat
SurfacePro11\SurfaceUpdate\button\SurfaceButton.inf
SurfacePro11\SurfaceUpdate\button\SurfaceButton.sys
SurfacePro11\SurfaceUpdate\camauxsensor
SurfacePro11\SurfaceUpdate\camauxsensor\surfacecamauxsensor8380.cat
SurfacePro11\SurfaceUpdate\camauxsensor\surfacecamauxsensor8380.inf
SurfacePro11\SurfaceUpdate\camauxsensor\surfacecamauxsensor8380.sys
SurfacePro11\SurfaceUpdate\camauxsensorextension
SurfacePro11\SurfaceUpdate\camauxsensorextension\CAMI_RES_MSHW0472.bin
SurfacePro11\SurfaceUpdate\camauxsensorextension\CAMI_RES_MSHW0492.bin
SurfacePro11\SurfaceUpdate\camauxsensorextension\CAMI_RES_MSHW0562.bin
SurfacePro11\SurfaceUpdate\camauxsensorextension\com.qti.sensormodule.tpg.bin
SurfacePro11\SurfaceUpdate\camauxsensorextension\com.qti.tuned.default.bin
SurfacePro11\SurfaceUpdate\camauxsensorextension\com.surface.sensormodule.aux_vd55g0_MSHW0472.bin
SurfacePro11\SurfaceUpdate\camauxsensorextension\com.surface.sensormodule.aux_vd55g0_MSHW0492.bin
SurfacePro11\SurfaceUpdate\camauxsensorextension\com.surface.sensormodule.aux_vd55g1.bin
SurfacePro11\SurfaceUpdate\camauxsensorextension\com.surface.tuned.aux_vd55g0_MSHW0472.bin
SurfacePro11\SurfaceUpdate\camauxsensorextension\com.surface.tuned.aux_vd55g0_MSHW0492.bin
SurfacePro11\SurfaceUpdate\camauxsensorextension\com.surface.tuned.aux_vd55g1.bin
SurfacePro11\SurfaceUpdate\camauxsensorextension\SCFG_AUX_MSHW0472.bin
SurfacePro11\SurfaceUpdate\camauxsensorextension\SCFG_AUX_MSHW0492.bin
SurfacePro11\SurfaceUpdate\camauxsensorextension\SCFG_AUX_MSHW0562.bin
SurfacePro11\SurfaceUpdate\camauxsensorextension\surfacecamauxsensor_extension8380.cat
SurfacePro11\SurfaceUpdate\camauxsensorextension\surfacecamauxsensor_extension8380.inf
SurfacePro11\SurfaceUpdate\camavs
SurfacePro11\SurfaceUpdate\camavs\eva.dll
SurfacePro11\SurfaceUpdate\camavs\QcDeviceMFT8380.dll
SurfacePro11\SurfaceUpdate\camavs\surfacecamavs8380.cat
SurfacePro11\SurfaceUpdate\camavs\surfacecamavs8380.inf
SurfacePro11\SurfaceUpdate\camavs\surfacecamavs8380.sys
SurfacePro11\SurfaceUpdate\camavsproext
SurfacePro11\SurfaceUpdate\camavsproext\IMX681DeLoB35P3A5.json
SurfacePro11\SurfaceUpdate\camavsproext\LensDistortionCorrection.dll
SurfacePro11\SurfaceUpdate\camavsproext\SIMDLib.dll
SurfacePro11\SurfaceUpdate\camavsproext\surfacecamavspro_ext8380.cat
SurfacePro11\SurfaceUpdate\camavsproext\surfacecamavspro_ext8380.inf
SurfacePro11\SurfaceUpdate\camfrontsensor
SurfacePro11\SurfaceUpdate\camfrontsensor\surfacecamfrontsensor8380.cat
SurfacePro11\SurfaceUpdate\camfrontsensor\surfacecamfrontsensor8380.inf
SurfacePro11\SurfaceUpdate\camfrontsensor\surfacecamfrontsensor8380.sys
SurfacePro11\SurfaceUpdate\camfrontsensorextension
SurfacePro11\SurfaceUpdate\camfrontsensorextension\CAMF_RES_MSHW0470.bin
SurfacePro11\SurfaceUpdate\camfrontsensorextension\CAMF_RES_MSHW0490.bin
SurfacePro11\SurfaceUpdate\camfrontsensorextension\CAMF_RES_MSHW0540.bin
SurfacePro11\SurfaceUpdate\camfrontsensorextension\CAMF_RES_MSHW0560.bin
SurfacePro11\SurfaceUpdate\camfrontsensorextension\com.qti.sensormodule.tpg.bin
SurfacePro11\SurfaceUpdate\camfrontsensorextension\com.qti.tuned.default.bin
SurfacePro11\SurfaceUpdate\camfrontsensorextension\com.surface.sensormodule.ffc_imx681.bin
SurfacePro11\SurfaceUpdate\camfrontsensorextension\com.surface.sensormodule.ffc_ov02c10.bin
SurfacePro11\SurfaceUpdate\camfrontsensorextension\com.surface.sensormodule.ffc_ov02c10_MSHW0560.bin
SurfacePro11\SurfaceUpdate\camfrontsensorextension\com.surface.tuned.ffc_imx681.bin
SurfacePro11\SurfaceUpdate\camfrontsensorextension\com.surface.tuned.ffc_ov02c10.bin
SurfacePro11\SurfaceUpdate\camfrontsensorextension\com.surface.tuned.ffc_ov02c10_MSHW0560.bin
SurfacePro11\SurfaceUpdate\camfrontsensorextension\SCFG_FRONT_MSHW0470.bin
SurfacePro11\SurfaceUpdate\camfrontsensorextension\SCFG_FRONT_MSHW0490.bin
SurfacePro11\SurfaceUpdate\camfrontsensorextension\SCFG_FRONT_MSHW0540.bin
SurfacePro11\SurfaceUpdate\camfrontsensorextension\SCFG_FRONT_MSHW0560.bin
SurfacePro11\SurfaceUpdate\camfrontsensorextension\surfacecamfrontsensor_extension8380.cat
SurfacePro11\SurfaceUpdate\camfrontsensorextension\surfacecamfrontsensor_extension8380.inf
SurfacePro11\SurfaceUpdate\camplatformext
SurfacePro11\SurfaceUpdate\camplatformext\CAMP_PCFG_MSHW0475.bin
SurfacePro11\SurfaceUpdate\camplatformext\CAMP_PCFG_MSHW0495.bin
SurfacePro11\SurfaceUpdate\camplatformext\CAMP_PCFG_MSHW0545.bin
SurfacePro11\SurfaceUpdate\camplatformext\CAMP_PCFG_MSHW0565.bin
SurfacePro11\SurfaceUpdate\camplatformext\CAMP_PERF_MSHW0475.bin
SurfacePro11\SurfaceUpdate\camplatformext\CAMP_PERF_MSHW0495.bin
SurfacePro11\SurfaceUpdate\camplatformext\CAMP_PERF_MSHW0545.bin
SurfacePro11\SurfaceUpdate\camplatformext\CAMP_PERF_MSHW0565.bin
SurfacePro11\SurfaceUpdate\camplatformext\CAMP_PRLD_MSHW0475.bin
SurfacePro11\SurfaceUpdate\camplatformext\CAMP_PRLD_MSHW0495.bin
SurfacePro11\SurfaceUpdate\camplatformext\CAMP_PRLD_MSHW0545.bin
SurfacePro11\SurfaceUpdate\camplatformext\CAMP_PRLD_MSHW0565.bin
SurfacePro11\SurfaceUpdate\camplatformext\CAMP_RES_MSHW0475.bin
SurfacePro11\SurfaceUpdate\camplatformext\CAMP_RES_MSHW0495.bin
SurfacePro11\SurfaceUpdate\camplatformext\CAMP_RES_MSHW0545.bin
SurfacePro11\SurfaceUpdate\camplatformext\CAMP_RES_MSHW0565.bin
SurfacePro11\SurfaceUpdate\camplatformext\surfacecamplatform_ext8380.cat
SurfacePro11\SurfaceUpdate\camplatformext\surfacecamplatform_ext8380.inf
SurfacePro11\SurfaceUpdate\camrearsensor
SurfacePro11\SurfaceUpdate\camrearsensor\surfacecamrearsensor8380.cat
SurfacePro11\SurfaceUpdate\camrearsensor\surfacecamrearsensor8380.inf
SurfacePro11\SurfaceUpdate\camrearsensor\surfacecamrearsensor8380.sys
SurfacePro11\SurfaceUpdate\camrearsensorextension
SurfacePro11\SurfaceUpdate\camrearsensorextension\CAMS_RES_MSHW0491.bin
SurfacePro11\SurfaceUpdate\camrearsensorextension\CAMS_RES_MSHW0561.bin
SurfacePro11\SurfaceUpdate\camrearsensorextension\com.qti.sensormodule.tpg.bin
SurfacePro11\SurfaceUpdate\camrearsensorextension\com.qti.tuned.default.bin
SurfacePro11\SurfaceUpdate\camrearsensorextension\com.surface.sensormodule.rfc_ov13858.bin
SurfacePro11\SurfaceUpdate\camrearsensorextension\com.surface.tuned.rfc_ov13858.bin
SurfacePro11\SurfaceUpdate\camrearsensorextension\SCFG_REAR_MSHW0491.bin
SurfacePro11\SurfaceUpdate\camrearsensorextension\SCFG_REAR_MSHW0561.bin
SurfacePro11\SurfaceUpdate\camrearsensorextension\surfacecamrearsensor_extension8380.cat
SurfacePro11\SurfaceUpdate\camrearsensorextension\surfacecamrearsensor_extension8380.inf
SurfacePro11\SurfaceUpdate\cfuoverhid
SurfacePro11\SurfaceUpdate\cfuoverhid\SurfaceCFUOverHid.cat
SurfacePro11\SurfaceUpdate\cfuoverhid\SurfaceCFUOverHid.dll
SurfacePro11\SurfaceUpdate\cfuoverhid\SurfaceCFUOverHid.inf
SurfacePro11\SurfaceUpdate\dax3extqc
SurfacePro11\SurfaceUpdate\dax3extqc\AUCD_DEV_0629_SUBSYS_MSHW0276_ADCM_SUBSYS_MSHW0276.xml
SurfacePro11\SurfaceUpdate\dax3extqc\AUCD_DEV_0629_SUBSYS_MSHW0276_ADCM_SUBSYS_MSHW0276_settings.xml
SurfacePro11\SurfaceUpdate\dax3extqc\AUCD_DEV_0C29_SUBSYS_MSHW0462_REV_0A_ADCM_SUBSYS_MSHW0462.xml
SurfacePro11\SurfaceUpdate\dax3extqc\AUCD_DEV_0C29_SUBSYS_MSHW0462_REV_0B_ADCM_SUBSYS_MSHW0462.xml
SurfacePro11\SurfaceUpdate\dax3extqc\AUCD_DEV_0C29_SUBSYS_MSHW0486_REV_0C_ADCM_SUBSYS_MSHW0486.xml
SurfacePro11\SurfaceUpdate\dax3extqc\AUCD_DEV_0C29_SUBSYS_MSHW0486_REV_0D_ADCM_SUBSYS_MSHW0486.xml
SurfacePro11\SurfaceUpdate\dax3extqc\dax3_ext_qc.cat
SurfacePro11\SurfaceUpdate\dax3extqc\dax3_ext_qc.inf
SurfacePro11\SurfaceUpdate\dax3extqc\Headphone_Default_Generic_Default_Atmos3.7.xml
SurfacePro11\SurfaceUpdate\dax3extqc\operator_DolbyAudioPremium_settings.xml
SurfacePro11\SurfaceUpdate\dax3extqc\operator_settings.xml
SurfacePro11\SurfaceUpdate\dax3extqc\operator_settings_msft_atmos.json
SurfacePro11\SurfaceUpdate\dax3extqc\operator_settings_msft_audiopremium.json
SurfacePro11\SurfaceUpdate\dax3extqc\settings_msft_atmos_capture_off.json
SurfacePro11\SurfaceUpdate\dax3extqc\settings_msft_atmos_capture_off_multi_stream.json
SurfacePro11\SurfaceUpdate\dax3extqc\settings_msft_atmos_feedback_off.json
SurfacePro11\SurfaceUpdate\dax3extqc\settings_msft_atmos_multi_stream.json
SurfacePro11\SurfaceUpdate\dax3extqc\settings_msft_audiopremium_feedback_off.json
SurfacePro11\SurfaceUpdate\dax3swcaposvcsdw
SurfacePro11\SurfaceUpdate\dax3swcaposvcsdw\CaptureStreamMonitor.dll
SurfacePro11\SurfaceUpdate\dax3swcaposvcsdw\DAX3API.exe
SurfacePro11\SurfaceUpdate\dax3swcaposvcsdw\Dax3DapControl.dll
SurfacePro11\SurfaceUpdate\dax3swcaposvcsdw\Dax3Ref.dll
SurfacePro11\SurfaceUpdate\dax3swcaposvcsdw\dax3_swc_aposvc_sdw_arm64.cat
SurfacePro11\SurfaceUpdate\dax3swcaposvcsdw\dax3_swc_aposvc_sdw_arm64.inf
SurfacePro11\SurfaceUpdate\dax3swcaposvcsdw\DAXSSID.dll
SurfacePro11\SurfaceUpdate\dax3swcaposvcsdw\default_settings.json
SurfacePro11\SurfaceUpdate\dax3swcaposvcsdw\DolbyAPOv2100.dll
SurfacePro11\SurfaceUpdate\dax3swcaposvcsdw\DolbyAPOv251.dll
SurfacePro11\SurfaceUpdate\dax3swcaposvcsdw\DolbyAPOvlldp.dll
SurfacePro11\SurfaceUpdate\dax3swcaposvcsdw\DolbyAPOvlldp120.dll
SurfacePro11\SurfaceUpdate\dax3swcaposvcsdw\DolbyAPOvlldp130.dll
SurfacePro11\SurfaceUpdate\dax3swcaposvcsdw\DolbyAPOvlldp140.dll
SurfacePro11\SurfaceUpdate\dax3swcaposvcsdw\DolbyAPOvlldp150.dll
SurfacePro11\SurfaceUpdate\dax3swcaposvcsdw\DolbyAPOVR.dll
SurfacePro11\SurfaceUpdate\dax3swcaposvcsdw\DolbyDax3Apo.dll
SurfacePro11\SurfaceUpdate\dax3swchsaarm64
SurfacePro11\SurfaceUpdate\dax3swchsaarm64\dax3_swc_hsa_arm64.cat
SurfacePro11\SurfaceUpdate\dax3swchsaarm64\dax3_swc_hsa_arm64.inf
SurfacePro11\SurfaceUpdate\devicestelemetryservicedriver
SurfacePro11\SurfaceUpdate\devicestelemetryservicedriver\AppLauncher.exe
SurfacePro11\SurfaceUpdate\devicestelemetryservicedriver\DevicesTelemetryService.exe
SurfacePro11\SurfaceUpdate\devicestelemetryservicedriver\DevicesTelemetryServiceDriver.cat
SurfacePro11\SurfaceUpdate\devicestelemetryservicedriver\DevicesTelemetryServiceDriver.inf
SurfacePro11\SurfaceUpdate\digitizerwotextnpackage
SurfacePro11\SurfaceUpdate\digitizerwotextnpackage\SurfaceDigitizerWoTExtnPackage.cat
SurfacePro11\SurfaceUpdate\digitizerwotextnpackage\SurfaceDigitizerWoTExtnPackage.inf
SurfacePro11\SurfaceUpdate\displayhardware
SurfacePro11\SurfaceUpdate\displayhardware\SurfaceDisplayHardwareDriver.cat
SurfacePro11\SurfaceUpdate\displayhardware\SurfaceDisplayHardwareDriver.dll
SurfacePro11\SurfaceUpdate\displayhardware\SurfaceDisplayHardwareDriver.inf
SurfacePro11\SurfaceUpdate\dppsext
SurfacePro11\SurfaceUpdate\dppsext\SurfaceLTMConfig.xml
SurfacePro11\SurfaceUpdate\dppsext\surface_dppsext_8380.cat
SurfacePro11\SurfaceUpdate\dppsext\surface_dppsext_8380.inf
SurfacePro11\SurfaceUpdate\dxext
SurfacePro11\SurfaceUpdate\dxext\qcdxkmext8380_Dencrd.bin
SurfacePro11\SurfaceUpdate\dxext\qcdxkmext8380_Denidp.bin
SurfacePro11\SurfaceUpdate\dxext\surface_dxext_8380.cat
SurfacePro11\SurfaceUpdate\dxext\surface_dxext_8380.inf
SurfacePro11\SurfaceUpdate\gnss
SurfacePro11\SurfaceUpdate\gnss\qcgnss.dll
SurfacePro11\SurfaceUpdate\gnss\surface_gnss.cat
SurfacePro11\SurfaceUpdate\gnss\surface_gnss.inf
SurfacePro11\SurfaceUpdate\gtopatchdrvumdfext
SurfacePro11\SurfaceUpdate\gtopatchdrvumdfext\ppkg_xml
SurfacePro11\SurfaceUpdate\gtopatchdrvumdfext\ppkg_xml\customizations_esim_name.xml
SurfacePro11\SurfaceUpdate\gtopatchdrvumdfext\GtoPatchDrvUMDF_ext.cat
SurfacePro11\SurfaceUpdate\gtopatchdrvumdfext\GtoPatchDrvUMDF_ext.inf
SurfacePro11\SurfaceUpdate\gtopatchdrvumdfext\surface_esim.ppkg
SurfacePro11\SurfaceUpdate\hidclasssettingsextensionpackage
SurfacePro11\SurfaceUpdate\hidclasssettingsextensionpackage\SurfaceHidClassSettingsExtensionPackage.cat
SurfacePro11\SurfaceUpdate\hidclasssettingsextensionpackage\SurfaceHidClassSettingsExtensionPackage.inf
SurfacePro11\SurfaceUpdate\hidfriendlynames
SurfacePro11\SurfaceUpdate\hidfriendlynames\SurfaceHIDFriendlyNames.cat
SurfacePro11\SurfaceUpdate\hidfriendlynames\SurfaceHIDFriendlyNames.inf
SurfacePro11\SurfaceUpdate\ihvaudiofilter
SurfacePro11\SurfaceUpdate\ihvaudiofilter\SurfaceIhvAudioFilterDriver.cat
SurfacePro11\SurfaceUpdate\ihvaudiofilter\SurfaceIhvAudioFilterDriver.inf
SurfacePro11\SurfaceUpdate\ihvaudiofilter\SurfaceIhvAudioFilterDriver.sys
SurfacePro11\SurfaceUpdate\ihvcpusmfclient
SurfacePro11\SurfaceUpdate\ihvcpusmfclient\SurfaceIhvCpuSmfClient.cat
SurfacePro11\SurfaceUpdate\ihvcpusmfclient\SurfaceIhvCpuSmfClient.inf
SurfacePro11\SurfaceUpdate\ihvcpusmfclient\SurfaceIhvCpuSmfClient.sys
SurfacePro11\SurfaceUpdate\machinelearningservicenull
SurfacePro11\SurfaceUpdate\machinelearningservicenull\SurfaceMachineLearningServiceDriver.cat
SurfacePro11\SurfaceUpdate\machinelearningservicenull\SurfaceMachineLearningServiceNullDriver.inf
SurfacePro11\SurfaceUpdate\machinelearningservicenull\SurfaceMLService.exe
SurfacePro11\SurfaceUpdate\mbbfwupdate
SurfacePro11\SurfaceUpdate\mbbfwupdate\FwVersions.txt
SurfacePro11\SurfaceUpdate\mbbfwupdate\QcMbbFWUpdateDriver.dll
SurfacePro11\SurfaceUpdate\mbbfwupdate\surface_MbbFWUpdateDriver.cat
SurfacePro11\SurfaceUpdate\mbbfwupdate\surface_MbbFWUpdateDriver.inf
SurfacePro11\SurfaceUpdate\mbbfwupdate\update.zip
SurfacePro11\SurfaceUpdate\mbbnetadapter
SurfacePro11\SurfaceUpdate\mbbnetadapter\qcmbbnetadapter.sys
SurfacePro11\SurfaceUpdate\mbbnetadapter\qcmbbnetadapterfilter.sys
SurfacePro11\SurfaceUpdate\mbbnetadapter\surface_mbbnetadapter.cat
SurfacePro11\SurfaceUpdate\mbbnetadapter\surface_mbbnetadapter.inf
SurfacePro11\SurfaceUpdate\mepaudiocomponent
SurfacePro11\SurfaceUpdate\mepaudiocomponent\mep_audio_component.cat
SurfacePro11\SurfaceUpdate\mepaudiocomponent\mep_audio_component.inf
SurfacePro11\SurfaceUpdate\mepaudiocomponent\voiceclarityapo.dll
SurfacePro11\SurfaceUpdate\mepcameracomponent
SurfacePro11\SurfaceUpdate\mepcameracomponent\mep_camera_component.cat
SurfacePro11\SurfaceUpdate\mepcameracomponent\mep_camera_component.inf
SurfacePro11\SurfaceUpdate\mepcameracomponent\WindowsEffectsCameraMediaSource.dll
SurfacePro11\SurfaceUpdate\mhihost
SurfacePro11\SurfaceUpdate\mhihost\MhiHost.sys
SurfacePro11\SurfaceUpdate\mhihost\surface_mhihost.cat
SurfacePro11\SurfaceUpdate\mhihost\surface_mhihost.inf
SurfacePro11\SurfaceUpdate\microsofteffectpackextension
SurfacePro11\SurfaceUpdate\microsofteffectpackextension\libSnpeHtpV73Skel.so
SurfacePro11\SurfaceUpdate\microsofteffectpackextension\MicrosoftEffectPack_ext.cat
SurfacePro11\SurfaceUpdate\microsofteffectpackextension\MicrosoftEffectPack_extension.inf
SurfacePro11\SurfaceUpdate\microsofteffectpackextension\PerceptionCore.dll
SurfacePro11\SurfaceUpdate\microsofteffectpackextension\PerceptionCoreResources.dll
SurfacePro11\SurfaceUpdate\microsofteffectpackextension\SNPE.dll
SurfacePro11\SurfaceUpdate\microsofteffectpackextension\SnpeHtpV73Stub.dll
SurfacePro11\SurfaceUpdate\miscbtext
SurfacePro11\SurfaceUpdate\miscbtext\miscBtExt.inf
SurfacePro11\SurfaceUpdate\miscbtext\miscBtInf.cat
SurfacePro11\SurfaceUpdate\miscwlanext
SurfacePro11\SurfaceUpdate\miscwlanext\miscWlanExt.cat
SurfacePro11\SurfaceUpdate\miscwlanext\miscWlanExt.inf
SurfacePro11\SurfaceUpdate\msu53cx22arm64sta
SurfacePro11\SurfaceUpdate\msu53cx22arm64sta\msu53cx22arm64.cat
SurfacePro11\SurfaceUpdate\msu53cx22arm64sta\msu53cx22arm64.sys
SurfacePro11\SurfaceUpdate\msu53cx22arm64sta\msu53cx22arm64sta.INF
SurfacePro11\SurfaceUpdate\msu56cx22arm64sta
SurfacePro11\SurfaceUpdate\msu56cx22arm64sta\msu56cx22arm64.cat
SurfacePro11\SurfaceUpdate\msu56cx22arm64sta\msu56cx22arm64.sys
SurfacePro11\SurfaceUpdate\msu56cx22arm64sta\msu56cx22arm64sta.INF
SurfacePro11\SurfaceUpdate\nfcclient
SurfacePro11\SurfaceUpdate\nfcclient\NxpNfcClientDriver.cat
SurfacePro11\SurfaceUpdate\nfcclient\NxpNfcClientDriver.dll
SurfacePro11\SurfaceUpdate\nfcclient\NxpNfcClientDriver.inf
SurfacePro11\SurfaceUpdate\nfcclient\NXPPN560FW.DAT
SurfacePro11\SurfaceUpdate\null
SurfacePro11\SurfaceUpdate\null\SurfaceNullDriver.cat
SurfacePro11\SurfaceUpdate\null\SurfaceNullDriver.inf
SurfacePro11\SurfaceUpdate\nullcapsule
SurfacePro11\SurfaceUpdate\nullcapsule\SurfaceNullCapsule.cat
SurfacePro11\SurfaceUpdate\nullcapsule\SurfaceNullCapsule.inf
SurfacePro11\SurfaceUpdate\nxpnfcclientdriverext
SurfacePro11\SurfaceUpdate\nxpnfcclientdriverext\NxpNfcClientDriverExt.cat
SurfacePro11\SurfaceUpdate\nxpnfcclientdriverext\NxpNfcClientDriverExt.inf
SurfacePro11\SurfaceUpdate\oempanelcustomizationlcd
SurfacePro11\SurfaceUpdate\oempanelcustomizationlcd\DisplayCalibrationConfig.bin
SurfacePro11\SurfaceUpdate\oempanelcustomizationlcd\DisplayCalibrationMeasurements.bin
SurfacePro11\SurfaceUpdate\oempanelcustomizationlcd\PQConfig.dv
SurfacePro11\SurfaceUpdate\oempanelcustomizationlcd\SurfaceHDR-AcOff.icm
SurfacePro11\SurfaceUpdate\oempanelcustomizationlcd\SurfaceHDR.icm
SurfacePro11\SurfaceUpdate\oempanelcustomizationlcd\SurfaceOemPanelCustomizationLcd.cat
SurfacePro11\SurfaceUpdate\oempanelcustomizationlcd\SurfaceOemPanelCustomizationLcd.inf
SurfacePro11\SurfaceUpdate\oempanelcustomizationlcd\SurfacesRGB-AcOff.icm
SurfacePro11\SurfaceUpdate\oempanelcustomizationlcd\SurfacesRGB.icm
SurfacePro11\SurfaceUpdate\oempanelcustomizationlcd\SurfaceVivid-AcOff.icm
SurfacePro11\SurfaceUpdate\oempanelcustomizationlcd\SurfaceVivid.icm
SurfacePro11\SurfaceUpdate\oempanelcustomizationoled
SurfacePro11\SurfaceUpdate\oempanelcustomizationoled\DisplayCalibrationConfig.bin
SurfacePro11\SurfaceUpdate\oempanelcustomizationoled\DisplayCalibrationMeasurements.bin
SurfacePro11\SurfaceUpdate\oempanelcustomizationoled\PQConfig.dv
SurfacePro11\SurfaceUpdate\oempanelcustomizationoled\SurfaceHDR-AcOff.icm
SurfacePro11\SurfaceUpdate\oempanelcustomizationoled\SurfaceHDR.icm
SurfacePro11\SurfaceUpdate\oempanelcustomizationoled\SurfaceOemPanelCustomizationOled.cat
SurfacePro11\SurfaceUpdate\oempanelcustomizationoled\SurfaceOemPanelCustomizationOled.inf
SurfacePro11\SurfaceUpdate\oempanelcustomizationoled\SurfacesRGB-AcOff.icm
SurfacePro11\SurfaceUpdate\oempanelcustomizationoled\SurfacesRGB.icm
SurfacePro11\SurfaceUpdate\oempanelcustomizationoled\SurfaceVivid-AcOff.icm
SurfacePro11\SurfaceUpdate\oempanelcustomizationoled\SurfaceVivid.icm
SurfacePro11\SurfaceUpdate\oobpairingoptinextensionpackage
SurfacePro11\SurfaceUpdate\oobpairingoptinextensionpackage\SurfaceOobPairingOptInExtensionPackage.cat
SurfacePro11\SurfaceUpdate\oobpairingoptinextensionpackage\SurfaceOobPairingOptInExtensionPackage.inf
SurfacePro11\SurfaceUpdate\pen0c0ffirmwareupdate
SurfacePro11\SurfaceUpdate\pen0c0ffirmwareupdate\SurfacePen0C0FFirmwareUpdate.cat
SurfacePro11\SurfaceUpdate\pen0c0ffirmwareupdate\SurfacePen0C0FFirmwareUpdate.inf
SurfacePro11\SurfaceUpdate\pen0c0ffirmwareupdate\SurfacePen0C0F_BLE-HI.offer.bin
SurfacePro11\SurfaceUpdate\pen0c0ffirmwareupdate\SurfacePen0C0F_BLE-HI.payload.bin
SurfacePro11\SurfaceUpdate\pen0c0ffirmwareupdate\SurfacePen0C0F_BLE-LO.offer.bin
SurfacePro11\SurfaceUpdate\pen0c0ffirmwareupdate\SurfacePen0C0F_BLE-LO.payload.bin
SurfacePro11\SurfaceUpdate\pen0c0ffirmwareupdate\SurfacePen0C0F_HAPTIC.offer.bin
SurfacePro11\SurfaceUpdate\pen0c0ffirmwareupdate\SurfacePen0C0F_HAPTIC.payload.bin
SurfacePro11\SurfaceUpdate\pen0c0ffirmwareupdate\SurfacePen0C0F_MCU-B0.offer.bin
SurfacePro11\SurfaceUpdate\pen0c0ffirmwareupdate\SurfacePen0C0F_MCU-B0.payload.bin
SurfacePro11\SurfaceUpdate\penblelcaddradaptation
SurfacePro11\SurfaceUpdate\penblelcaddradaptation\SurfacePenBleLcAddrAdaptationDriver.cat
SurfacePro11\SurfaceUpdate\penblelcaddradaptation\SurfacePenBleLcAddrAdaptationDriver.inf
SurfacePro11\SurfaceUpdate\penblelcaddradaptation\SurfacePenBleLcAddrAdaptationDriver.sys
SurfacePro11\SurfaceUpdate\powermeter
SurfacePro11\SurfaceUpdate\powermeter\SurfacePowerMeterDriver.cat
SurfacePro11\SurfaceUpdate\powermeter\SurfacePowerMeterDriver.inf
SurfacePro11\SurfaceUpdate\powermeter\SurfacePowerMeterDriver.sys
SurfacePro11\SurfaceUpdate\powerstate
SurfacePro11\SurfaceUpdate\powerstate\SurfacePowerState.inf
SurfacePro11\SurfaceUpdate\powerstate\SurfacePowerStateDriver.cat
SurfacePro11\SurfaceUpdate\powerstate\SurfacePowerStateDriver.sys
SurfacePro11\SurfaceUpdate\powertrackercore
SurfacePro11\SurfaceUpdate\powertrackercore\SurfacePowerTrackerCore.cat
SurfacePro11\SurfaceUpdate\powertrackercore\SurfacePowerTrackerCore.inf
SurfacePro11\SurfaceUpdate\powertrackercore\SurfacePowerTrackerCore.sys
SurfacePro11\SurfaceUpdate\proextadsp
SurfacePro11\SurfaceUpdate\proextadsp\ADSP
SurfacePro11\SurfaceUpdate\proextadsp\ADSP\aac_dec_module.so.1
SurfacePro11\SurfaceUpdate\proextadsp\ADSP\aac_enc_etsi_module.so.1
SurfacePro11\SurfaceUpdate\proextadsp\ADSP\alac_dec_module.so.1
SurfacePro11\SurfaceUpdate\proextadsp\ADSP\amrwbplus_dec_module.so.1
SurfacePro11\SurfaceUpdate\proextadsp\ADSP\ans_module.so.1
SurfacePro11\SurfaceUpdate\proextadsp\ADSP\ape_dec_module.so.1
SurfacePro11\SurfaceUpdate\proextadsp\ADSP\aptx_adaptive_enc_module.so.1
SurfacePro11\SurfaceUpdate\proextadsp\ADSP\aptx_adaptive_speech_dec_module.1
SurfacePro11\SurfaceUpdate\proextadsp\ADSP\aptx_adaptive_speech_enc_module.2
SurfacePro11\SurfaceUpdate\proextadsp\ADSP\aptx_classic_enc_module.so.1
SurfacePro11\SurfaceUpdate\proextadsp\ADSP\aptx_hd_enc_module.so.1
SurfacePro11\SurfaceUpdate\proextadsp\ADSP\AudioSphereModule.so.1
SurfacePro11\SurfaceUpdate\proextadsp\ADSP\celt_enc_module.so.1
SurfacePro11\SurfaceUpdate\proextadsp\ADSP\CFCM.so.1
SurfacePro11\SurfaceUpdate\proextadsp\ADSP\fastrpc_shell_0
SurfacePro11\SurfaceUpdate\proextadsp\ADSP\ffecns_module_VUI_viii.so.1
SurfacePro11\SurfaceUpdate\proextadsp\ADSP\flac_dec_module.so.1
SurfacePro11\SurfaceUpdate\proextadsp\ADSP\fluence_bs_module_fvxiii.so.1
SurfacePro11\SurfaceUpdate\proextadsp\ADSP\fluence_ef_module_fvxiii.so.1
SurfacePro11\SurfaceUpdate\proextadsp\ADSP\fluence_nn_module_fvxiii.so.1
SurfacePro11\SurfaceUpdate\proextadsp\ADSP\fluence_pro_vc_module_fvxiii.so.1
SurfacePro11\SurfaceUpdate\proextadsp\ADSP\fluence_pro_vr_module_fvxiii.so.1
SurfacePro11\SurfaceUpdate\proextadsp\ADSP\hdr_module.so.1
SurfacePro11\SurfaceUpdate\proextadsp\ADSP\lc3_dec_module.so.1
SurfacePro11\SurfaceUpdate\proextadsp\ADSP\lc3_enc_module.so.1
SurfacePro11\SurfaceUpdate\proextadsp\ADSP\ldac_enc_module.so.1
SurfacePro11\SurfaceUpdate\proextadsp\ADSP\libaptXAdaptiveEnc.so
SurfacePro11\SurfaceUpdate\proextadsp\ADSP\libaptXAdaptiveEnc3.so
SurfacePro11\SurfaceUpdate\proextadsp\ADSP\libc++.so.1
SurfacePro11\SurfaceUpdate\proextadsp\ADSP\libc++abi.so.1
SurfacePro11\SurfaceUpdate\proextadsp\ADSP\liblc3qDec.so
SurfacePro11\SurfaceUpdate\proextadsp\ADSP\libsns_device_mode_skel.so
SurfacePro11\SurfaceUpdate\proextadsp\ADSP\libsns_dynamic_loader_skel.so
SurfacePro11\SurfaceUpdate\proextadsp\ADSP\libsns_remote_proc_state_skel.so
SurfacePro11\SurfaceUpdate\proextadsp\ADSP\libstabilitydomain_skel.so
SurfacePro11\SurfaceUpdate\proextadsp\ADSP\libsysmondomain_skel.so
SurfacePro11\SurfaceUpdate\proextadsp\ADSP\libsysmonquery_skel.so
SurfacePro11\SurfaceUpdate\proextadsp\ADSP\libsysmon_skel.so
SurfacePro11\SurfaceUpdate\proextadsp\ADSP\mm_fluence_sb_module_fvxiii.so.1
SurfacePro11\SurfaceUpdate\proextadsp\ADSP\SAPlusCmnModule.so.1
SurfacePro11\SurfaceUpdate\proextadsp\ADSP\sbc_dec_module.so.1
SurfacePro11\SurfaceUpdate\proextadsp\ADSP\sbc_enc_module.so.1
SurfacePro11\SurfaceUpdate\proextadsp\ADSP\sdd_module.so.1
SurfacePro11\SurfaceUpdate\proextadsp\ADSP\smecns_v2_module_fvxiii.so.1
SurfacePro11\SurfaceUpdate\proextadsp\ADSP\sm_fluence_sb_module_fvxiii.so.1
SurfacePro11\SurfaceUpdate\proextadsp\ADSP\sns_tppe.so
SurfacePro11\SurfaceUpdate\proextadsp\ADSP\vorbis_dec_module.so.1
SurfacePro11\SurfaceUpdate\proextadsp\ADSP\wmapro_dec_module.so.1
SurfacePro11\SurfaceUpdate\proextadsp\ADSP\wmastd_dec_module.so.1
SurfacePro11\SurfaceUpdate\proextadsp\adspr.jsn
SurfacePro11\SurfaceUpdate\proextadsp\adsps.jsn
SurfacePro11\SurfaceUpdate\proextadsp\adspua.jsn
SurfacePro11\SurfaceUpdate\proextadsp\adsp_dtbs.elf
SurfacePro11\SurfaceUpdate\proextadsp\battmgr.jsn
SurfacePro11\SurfaceUpdate\proextadsp\qcadsp8380.mbn
SurfacePro11\SurfaceUpdate\proextadsp\RADS.bin
SurfacePro11\SurfaceUpdate\proextadsp\surfacepro_ext_adsp8380.cat
SurfacePro11\SurfaceUpdate\proextadsp\surfacepro_ext_adsp8380.inf
SurfacePro11\SurfaceUpdate\prosnscfgcrd
SurfacePro11\SurfaceUpdate\prosnscfgcrd\8380_crd_ak991x_display.json
SurfacePro11\SurfaceUpdate\prosnscfgcrd\8380_crd_ak991x_keyboard.json
SurfacePro11\SurfaceUpdate\prosnscfgcrd\8380_crd_lsm6dsv_display.json
SurfacePro11\SurfaceUpdate\prosnscfgcrd\8380_crd_lsm6dsv_keyboard.json
SurfacePro11\SurfaceUpdate\prosnscfgcrd\8380_crd_tcs3430_0.json
SurfacePro11\SurfaceUpdate\prosnscfgcrd\8380_crd_tmd2755.json
SurfacePro11\SurfaceUpdate\prosnscfgcrd\8380_dynamic_sensors.json
SurfacePro11\SurfaceUpdate\prosnscfgcrd\8380_idp_ak991x_0.json
SurfacePro11\SurfaceUpdate\prosnscfgcrd\8380_idp_ak991x_1.json
SurfacePro11\SurfaceUpdate\prosnscfgcrd\8380_idp_lsm6dsv_0.json
SurfacePro11\SurfaceUpdate\prosnscfgcrd\8380_idp_lsm6dsv_1.json
SurfacePro11\SurfaceUpdate\prosnscfgcrd\8380_idp_tcs3430_0.json
SurfacePro11\SurfaceUpdate\prosnscfgcrd\8380_idp_tmd2755.json
SurfacePro11\SurfaceUpdate\prosnscfgcrd\8380_irq.json
SurfacePro11\SurfaceUpdate\prosnscfgcrd\8380_lps22df_0.json
SurfacePro11\SurfaceUpdate\prosnscfgcrd\8380_power_0.json
SurfacePro11\SurfaceUpdate\prosnscfgcrd\8380_qsh_ble_0.json
SurfacePro11\SurfaceUpdate\prosnscfgcrd\ak991x_dri_0.json
SurfacePro11\SurfaceUpdate\prosnscfgcrd\ak991x_dri_1.json
SurfacePro11\SurfaceUpdate\prosnscfgcrd\default_sensors.json
SurfacePro11\SurfaceUpdate\prosnscfgcrd\disable_mdsp_clients_cm.json
SurfacePro11\SurfaceUpdate\prosnscfgcrd\golden_color_calibration.bin
SurfacePro11\SurfaceUpdate\prosnscfgcrd\hw_platform
SurfacePro11\SurfaceUpdate\prosnscfgcrd\imx688_2.pb
SurfacePro11\SurfaceUpdate\prosnscfgcrd\json.lst
SurfacePro11\SurfaceUpdate\prosnscfgcrd\lsm6dso_0.json
SurfacePro11\SurfaceUpdate\prosnscfgcrd\lsm6dsv_0.json
SurfacePro11\SurfaceUpdate\prosnscfgcrd\lsm6dsv_0_16g.json
SurfacePro11\SurfaceUpdate\prosnscfgcrd\lsm6dsv_1.json
SurfacePro11\SurfaceUpdate\prosnscfgcrd\lsm6dsv_1_16g.json
SurfacePro11\SurfaceUpdate\prosnscfgcrd\mmc56x3x_0.json
SurfacePro11\SurfaceUpdate\prosnscfgcrd\ov08x_2.pb
SurfacePro11\SurfaceUpdate\prosnscfgcrd\ov08x_3.pb
SurfacePro11\SurfaceUpdate\prosnscfgcrd\platform_subtype
SurfacePro11\SurfaceUpdate\prosnscfgcrd\platform_subtype_id
SurfacePro11\SurfaceUpdate\prosnscfgcrd\platform_version
SurfacePro11\SurfaceUpdate\prosnscfgcrd\qsh_ble.json
SurfacePro11\SurfaceUpdate\prosnscfgcrd\qsh_camera.json
SurfacePro11\SurfaceUpdate\prosnscfgcrd\qsh_camera_imx688_2.json
SurfacePro11\SurfaceUpdate\prosnscfgcrd\qsh_camera_ov08x_2.json
SurfacePro11\SurfaceUpdate\prosnscfgcrd\qsh_camera_ov08x_3.json
SurfacePro11\SurfaceUpdate\prosnscfgcrd\revision
SurfacePro11\SurfaceUpdate\prosnscfgcrd\sns_amd.json
SurfacePro11\SurfaceUpdate\prosnscfgcrd\sns_amd_sw_disabled.json
SurfacePro11\SurfaceUpdate\prosnscfgcrd\sns_amd_sw_enabled.json
SurfacePro11\SurfaceUpdate\prosnscfgcrd\sns_aont.json
SurfacePro11\SurfaceUpdate\prosnscfgcrd\sns_cal.json
SurfacePro11\SurfaceUpdate\prosnscfgcrd\sns_ccd.json
SurfacePro11\SurfaceUpdate\prosnscfgcrd\sns_cm.json
SurfacePro11\SurfaceUpdate\prosnscfgcrd\sns_dae.json
SurfacePro11\SurfaceUpdate\prosnscfgcrd\sns_device_orient.json
SurfacePro11\SurfaceUpdate\prosnscfgcrd\sns_diag_filter.json
SurfacePro11\SurfaceUpdate\prosnscfgcrd\sns_direct_channel.json
SurfacePro11\SurfaceUpdate\prosnscfgcrd\sns_distance_bound.json
SurfacePro11\SurfaceUpdate\prosnscfgcrd\sns_dpc.json
SurfacePro11\SurfaceUpdate\prosnscfgcrd\sns_fmv.json
SurfacePro11\SurfaceUpdate\prosnscfgcrd\sns_geomag_rv.json
SurfacePro11\SurfaceUpdate\prosnscfgcrd\sns_gyro_cal.json
SurfacePro11\SurfaceUpdate\prosnscfgcrd\sns_mag_cal.json
SurfacePro11\SurfaceUpdate\prosnscfgcrd\sns_reg_config
SurfacePro11\SurfaceUpdate\prosnscfgcrd\sns_rmd.json
SurfacePro11\SurfaceUpdate\prosnscfgcrd\sns_rotv.json
SurfacePro11\SurfaceUpdate\prosnscfgcrd\sns_sim.json
SurfacePro11\SurfaceUpdate\prosnscfgcrd\sns_smd.json
SurfacePro11\SurfaceUpdate\prosnscfgcrd\sns_surface_calibration_accel.json
SurfacePro11\SurfaceUpdate\prosnscfgcrd\sns_surface_calibration_configuration.json
SurfacePro11\SurfaceUpdate\prosnscfgcrd\sns_surface_calibration_gyro.json
SurfacePro11\SurfaceUpdate\prosnscfgcrd\sns_surface_color.json
SurfacePro11\SurfaceUpdate\prosnscfgcrd\sns_surface_sar.json
SurfacePro11\SurfaceUpdate\prosnscfgcrd\sns_tilt.json
SurfacePro11\SurfaceUpdate\prosnscfgcrd\sns_tilt_sw_disabled.json
SurfacePro11\SurfaceUpdate\prosnscfgcrd\sns_tilt_sw_enabled.json
SurfacePro11\SurfaceUpdate\prosnscfgcrd\sns_tilt_to_wake.json
SurfacePro11\SurfaceUpdate\prosnscfgcrd\sns_transport_ppe.json
SurfacePro11\SurfaceUpdate\prosnscfgcrd\soc_id
SurfacePro11\SurfaceUpdate\prosnscfgcrd\stm_lid_angle.json
SurfacePro11\SurfaceUpdate\prosnscfgcrd\surfacepro_SnsCfgCRD8380.cat
SurfacePro11\SurfaceUpdate\prosnscfgcrd\surfacepro_SnsCfgCRD8380.inf
SurfacePro11\SurfaceUpdate\prosnscfgcrd\tmd2755.json
SurfacePro11\SurfaceUpdate\psautoreg
SurfacePro11\SurfaceUpdate\psautoreg\qcpsautoreg.dll
SurfacePro11\SurfaceUpdate\psautoreg\surface_psautoreg.cat
SurfacePro11\SurfaceUpdate\psautoreg\surface_psautoreg.inf
SurfacePro11\SurfaceUpdate\qcabd
SurfacePro11\SurfaceUpdate\qcabd\qcabd.cat
SurfacePro11\SurfaceUpdate\qcabd\qcabd.inf
SurfacePro11\SurfaceUpdate\qcabd\qcabd.sys
SurfacePro11\SurfaceUpdate\qcadc
SurfacePro11\SurfaceUpdate\qcadc\ADC1.bin
SurfacePro11\SurfaceUpdate\qcadc\qcadc8380.cat
SurfacePro11\SurfaceUpdate\qcadc\qcadc8380.inf
SurfacePro11\SurfaceUpdate\qcadc\qcadc8380.sys
SurfacePro11\SurfaceUpdate\qcadcm
SurfacePro11\SurfaceUpdate\qcadcm\qcadcm8380.cat
SurfacePro11\SurfaceUpdate\qcadcm\qcadcm8380.inf
SurfacePro11\SurfaceUpdate\qcadcm\qcadcm8380.sys
SurfacePro11\SurfaceUpdate\qcadsprpc
SurfacePro11\SurfaceUpdate\qcadsprpc\libadsprpc.dll
SurfacePro11\SurfaceUpdate\qcadsprpc\libcdsprpc.dll
SurfacePro11\SurfaceUpdate\qcadsprpc\libsdsprpc.dll
SurfacePro11\SurfaceUpdate\qcadsprpc\qcadsprpc8380.cat
SurfacePro11\SurfaceUpdate\qcadsprpc\qcadsprpc8380.inf
SurfacePro11\SurfaceUpdate\qcadsprpc\qcadsprpc8380.sys
SurfacePro11\SurfaceUpdate\qcadsprpcd
SurfacePro11\SurfaceUpdate\qcadsprpcd\qcadsprpcd8380.cat
SurfacePro11\SurfaceUpdate\qcadsprpcd\qcadsprpcd8380.inf
SurfacePro11\SurfaceUpdate\qcadsprpcd\qcadsprpcd8380.sys
SurfacePro11\SurfaceUpdate\qcasd
SurfacePro11\SurfaceUpdate\qcasd\qcasd8380.cat
SurfacePro11\SurfaceUpdate\qcasd\qcasd8380.inf
SurfacePro11\SurfaceUpdate\qcasd\qcasd8380.sys
SurfacePro11\SurfaceUpdate\qcasdapo
SurfacePro11\SurfaceUpdate\qcasdapo\AcxProxyAPO.dll
SurfacePro11\SurfaceUpdate\qcasdapo\qcasd_apo8380.cat
SurfacePro11\SurfaceUpdate\qcasdapo\qcasd_apo8380.inf
SurfacePro11\SurfaceUpdate\qcaucd
SurfacePro11\SurfaceUpdate\qcaucd\qcaucd8380.cat
SurfacePro11\SurfaceUpdate\qcaucd\qcaucd8380.inf
SurfacePro11\SurfaceUpdate\qcaucd\qcaucd8380.sys
SurfacePro11\SurfaceUpdate\qcaudminiportapo
SurfacePro11\SurfaceUpdate\qcaudminiportapo\ProxyAPO.dll
SurfacePro11\SurfaceUpdate\qcaudminiportapo\qcaudminiport_apo8380.cat
SurfacePro11\SurfaceUpdate\qcaudminiportapo\qcaudminiport_apo8380.inf
SurfacePro11\SurfaceUpdate\qcaudminiportbase
SurfacePro11\SurfaceUpdate\qcaudminiportbase\AudioResourceConstraints_8380.xml
SurfacePro11\SurfaceUpdate\qcaudminiportbase\qcaudminiport8380.cat
SurfacePro11\SurfaceUpdate\qcaudminiportbase\qcaudminiport8380.sys
SurfacePro11\SurfaceUpdate\qcaudminiportbase\qcaudminiport_Base8380.inf
SurfacePro11\SurfaceUpdate\qcbluetooth
SurfacePro11\SurfaceUpdate\qcbluetooth\BSRC_BT.bin
SurfacePro11\SurfaceUpdate\qcbluetooth\hmtbtfw20.tlv
SurfacePro11\SurfaceUpdate\qcbluetooth\hmtbtfw20.ver
SurfacePro11\SurfaceUpdate\qcbluetooth\hmtnv20.b105
SurfacePro11\SurfaceUpdate\qcbluetooth\hmtnv20.b107
SurfacePro11\SurfaceUpdate\qcbluetooth\hmtnv20.b108
SurfacePro11\SurfaceUpdate\qcbluetooth\hmtnv20.b10f
SurfacePro11\SurfaceUpdate\qcbluetooth\hmtnv20.b112
SurfacePro11\SurfaceUpdate\qcbluetooth\hmtnv20.b3b
SurfacePro11\SurfaceUpdate\qcbluetooth\hmtnv20.bin
SurfacePro11\SurfaceUpdate\qcbluetooth\hpbtfw21.tlv
SurfacePro11\SurfaceUpdate\qcbluetooth\hpbtfw21.ver
SurfacePro11\SurfaceUpdate\qcbluetooth\hpnv21.b10c
SurfacePro11\SurfaceUpdate\qcbluetooth\hpnv21.b111
SurfacePro11\SurfaceUpdate\qcbluetooth\hpnv21g.b10c
SurfacePro11\SurfaceUpdate\qcbluetooth\hpnv21g.b111
SurfacePro11\SurfaceUpdate\qcbluetooth\qcbluetooth8380.cat
SurfacePro11\SurfaceUpdate\qcbluetooth\qcbluetooth8380.inf
SurfacePro11\SurfaceUpdate\qcbluetooth\qcbluetooth8380.sys
SurfacePro11\SurfaceUpdate\qcbtacxtransportdriver
SurfacePro11\SurfaceUpdate\qcbtacxtransportdriver\qcbtacx_transportdriver8380.cat
SurfacePro11\SurfaceUpdate\qcbtacxtransportdriver\qcbtacx_transportdriver8380.inf
SurfacePro11\SurfaceUpdate\qcbtacxtransportdriver\qcbtacx_transportdriver8380.sys
SurfacePro11\SurfaceUpdate\qcbtaddvscregistry
SurfacePro11\SurfaceUpdate\qcbtaddvscregistry\qcbtaddvscregistry8380.cat
SurfacePro11\SurfaceUpdate\qcbtaddvscregistry\qcbtaddvscregistry8380.inf
SurfacePro11\SurfaceUpdate\qccamflash
SurfacePro11\SurfaceUpdate\qccamflash\qccamflash8380.cat
SurfacePro11\SurfaceUpdate\qccamflash\qccamflash8380.inf
SurfacePro11\SurfaceUpdate\qccamflash\qccamflash8380.sys
SurfacePro11\SurfaceUpdate\qccamflashext
SurfacePro11\SurfaceUpdate\qccamflashext\qccamflash_ext8380.cat
SurfacePro11\SurfaceUpdate\qccamflashext\qccamflash_ext8380.inf
SurfacePro11\SurfaceUpdate\qccamisp
SurfacePro11\SurfaceUpdate\qccamisp\CAMERA_ICP.mbn
SurfacePro11\SurfaceUpdate\qccamisp\CAMERA_ICP_AAAAAA.elf
SurfacePro11\SurfaceUpdate\qccamisp\qccamisp8380.cat
SurfacePro11\SurfaceUpdate\qccamisp\qccamisp8380.inf
SurfacePro11\SurfaceUpdate\qccamisp\qccamisp8380.sys
SurfacePro11\SurfaceUpdate\qccamispext
SurfacePro11\SurfaceUpdate\qccamispext\C2MD.bin
SurfacePro11\SurfaceUpdate\qccamispext\C2PD.bin
SurfacePro11\SurfaceUpdate\qccamispext\CIPA.bin
SurfacePro11\SurfaceUpdate\qccamispext\CIPF.bin
SurfacePro11\SurfaceUpdate\qccamispext\IRP1.bin
SurfacePro11\SurfaceUpdate\qccamispext\IRP2.bin
SurfacePro11\SurfaceUpdate\qccamispext\IRP3.bin
SurfacePro11\SurfaceUpdate\qccamispext\IRS1.bin
SurfacePro11\SurfaceUpdate\qccamispext\IRS2.bin
SurfacePro11\SurfaceUpdate\qccamispext\IRS3.bin
SurfacePro11\SurfaceUpdate\qccamispext\qccamisp_ext8380.cat
SurfacePro11\SurfaceUpdate\qccamispext\qccamisp_ext8380.inf
SurfacePro11\SurfaceUpdate\qccamjpege
SurfacePro11\SurfaceUpdate\qccamjpege\C0MD.bin
SurfacePro11\SurfaceUpdate\qccamjpege\C0PF.bin
SurfacePro11\SurfaceUpdate\qccamjpege\qccamjpege8380.cat
SurfacePro11\SurfaceUpdate\qccamjpege\qccamjpege8380.inf
SurfacePro11\SurfaceUpdate\qccamjpege\qccamjpege8380.sys
SurfacePro11\SurfaceUpdate\qccamjpege\QcWICEncoder8380.dll
SurfacePro11\SurfaceUpdate\qccammipicsi
SurfacePro11\SurfaceUpdate\qccammipicsi\qccammipicsi8380.cat
SurfacePro11\SurfaceUpdate\qccammipicsi\qccammipicsi8380.inf
SurfacePro11\SurfaceUpdate\qccammipicsi\qccammipicsi8380.sys
SurfacePro11\SurfaceUpdate\qccammipicsiext
SurfacePro11\SurfaceUpdate\qccammipicsiext\C1MD.bin
SurfacePro11\SurfaceUpdate\qccammipicsiext\C1PD.bin
SurfacePro11\SurfaceUpdate\qccammipicsiext\C1PF.bin
SurfacePro11\SurfaceUpdate\qccammipicsiext\C1PG.bin
SurfacePro11\SurfaceUpdate\qccammipicsiext\qccammipicsi_ext8380.cat
SurfacePro11\SurfaceUpdate\qccammipicsiext\qccammipicsi_ext8380.inf
SurfacePro11\SurfaceUpdate\qccamplatform
SurfacePro11\SurfaceUpdate\qccamplatform\com.qti.tuned.default.bin
SurfacePro11\SurfaceUpdate\qccamplatform\qccamplatform8380.cat
SurfacePro11\SurfaceUpdate\qccamplatform\qccamplatform8380.inf
SurfacePro11\SurfaceUpdate\qccamplatform\qccamplatform8380.sys
SurfacePro11\SurfaceUpdate\qccamsecureisp
SurfacePro11\SurfaceUpdate\qccamsecureisp\bm3a68v08s11n52.bin
SurfacePro11\SurfaceUpdate\qccamsecureisp\libbitml_nsp_v2_skel.so
SurfacePro11\SurfaceUpdate\qccamsecureisp\qccamsecureisp8380.cat
SurfacePro11\SurfaceUpdate\qccamsecureisp\qccamsecureisp8380.inf
SurfacePro11\SurfaceUpdate\qccamsecureisp\qccamsecureisp8380.sys
SurfacePro11\SurfaceUpdate\qccamsecureisp\QcISPTrustlet8380.dll
SurfacePro11\SurfaceUpdate\qccamsecureispext
SurfacePro11\SurfaceUpdate\qccamsecureispext\C0SP.bin
SurfacePro11\SurfaceUpdate\qccamsecureispext\C1SP.bin
SurfacePro11\SurfaceUpdate\qccamsecureispext\qccamsecureisp_ext8380.cat
SurfacePro11\SurfaceUpdate\qccamsecureispext\qccamsecureisp_ext8380.inf
SurfacePro11\SurfaceUpdate\qccdi
SurfacePro11\SurfaceUpdate\qccdi\qccdi8380.cat
SurfacePro11\SurfaceUpdate\qccdi\qccdi8380.inf
SurfacePro11\SurfaceUpdate\qccdi\qccdi8380.sys
SurfacePro11\SurfaceUpdate\qcconnectionsecurity
SurfacePro11\SurfaceUpdate\qcconnectionsecurity\qcconnectionsecurity8380.cat
SurfacePro11\SurfaceUpdate\qcconnectionsecurity\qcconnectionsecurity8380.dll
SurfacePro11\SurfaceUpdate\qcconnectionsecurity\qcconnectionsecurity8380.inf
SurfacePro11\SurfaceUpdate\qcdcf
SurfacePro11\SurfaceUpdate\qcdcf\qcDCF.cat
SurfacePro11\SurfaceUpdate\qcdcf\qcDCF.dll
SurfacePro11\SurfaceUpdate\qcdcf\qcDCF.inf
SurfacePro11\SurfaceUpdate\qcdpps8380
SurfacePro11\SurfaceUpdate\qcdpps8380\ARM64
SurfacePro11\SurfaceUpdate\qcdpps8380\ARM64\qcdpps.exe
SurfacePro11\SurfaceUpdate\qcdpps8380\qcdpps8380.cat
SurfacePro11\SurfaceUpdate\qcdpps8380\qcdpps8380.inf
SurfacePro11\SurfaceUpdate\qcdx
SurfacePro11\SurfaceUpdate\qcdx\adreno_utils.dll
SurfacePro11\SurfaceUpdate\qcdx\CB.dll
SurfacePro11\SurfaceUpdate\qcdx\libgsluser.dll
SurfacePro11\SurfaceUpdate\qcdx\libqcdx12arm64wslum.so
SurfacePro11\SurfaceUpdate\qcdx\OpenCL.dll
SurfacePro11\SurfaceUpdate\qcdx\OpenCL_adreno.dll
SurfacePro11\SurfaceUpdate\qcdx\qcav1e8380.mbn
SurfacePro11\SurfaceUpdate\qcdx\qcclarm64xcompiler.dll
SurfacePro11\SurfaceUpdate\qcdx\qcdx11arm64xum.dll
SurfacePro11\SurfaceUpdate\qcdx\qcdx11chpeum.dll
SurfacePro11\SurfaceUpdate\qcdx\qcdx11x86um.dll
SurfacePro11\SurfaceUpdate\qcdx\qcdx12arm64xum.dll
SurfacePro11\SurfaceUpdate\qcdx\qcdx12chpeum.dll
SurfacePro11\SurfaceUpdate\qcdx\qcdx12x86um.dll
SurfacePro11\SurfaceUpdate\qcdx\qcdx8380.cat
SurfacePro11\SurfaceUpdate\qcdx\qcdx8380.inf
SurfacePro11\SurfaceUpdate\qcdx\qcdxdmlarm64x.dll
SurfacePro11\SurfaceUpdate\qcdx\qcdxdmlchpe.dll
SurfacePro11\SurfaceUpdate\qcdx\qcdxdmlx86.dll
SurfacePro11\SurfaceUpdate\qcdx\qcdxkm8380.sys
SurfacePro11\SurfaceUpdate\qcdx\qcdxkmbase8380.bin
SurfacePro11\SurfaceUpdate\qcdx\qcdxkmbase8380_100.bin
SurfacePro11\SurfaceUpdate\qcdx\qcdxkmbase8380_110.bin
SurfacePro11\SurfaceUpdate\qcdx\qcdxkmbase8380_150.bin
SurfacePro11\SurfaceUpdate\qcdx\qcdxkmbase8380_68.bin
SurfacePro11\SurfaceUpdate\qcdx\qcdxkmbase8380_pa.bin
SurfacePro11\SurfaceUpdate\qcdx\qcdxkmbase8380_pa_111.bin
SurfacePro11\SurfaceUpdate\qcdx\qcdxkmbase8380_pa_67.bin
SurfacePro11\SurfaceUpdate\qcdx\qcdxkmsuc8380.mbn
SurfacePro11\SurfaceUpdate\qcdx\qcdxkmsucpurwa.mbn
SurfacePro11\SurfaceUpdate\qcdx\qcdxsdarm64x.dll
SurfacePro11\SurfaceUpdate\qcdx\qcdxsdchpe.dll
SurfacePro11\SurfaceUpdate\qcdx\qcdxsdx86.dll
SurfacePro11\SurfaceUpdate\qcdx\qcegparm64x.dll
SurfacePro11\SurfaceUpdate\qcdx\qcegpchpe.dll
SurfacePro11\SurfaceUpdate\qcdx\qcegpx86.dll
SurfacePro11\SurfaceUpdate\qcdx\qcgpuarm64compilercore.so
SurfacePro11\SurfaceUpdate\qcdx\qcgpuarm64xcompilercore.DLL
SurfacePro11\SurfaceUpdate\qcdx\qcgpuchpecompilercore.dll
SurfacePro11\SurfaceUpdate\qcdx\qcgpux86compilercore.DLL
SurfacePro11\SurfaceUpdate\qcdx\qchdcpumd8380.dll
SurfacePro11\SurfaceUpdate\qcdx\qcvidencarm64xmftAV18380.dll
SurfacePro11\SurfaceUpdate\qcdx\qcvidencarm64xmfth2648380.dll
SurfacePro11\SurfaceUpdate\qcdx\qcvidencarm64xmfthevc8380.dll
SurfacePro11\SurfaceUpdate\qcdx\qcvidencarm64xum.DLL
SurfacePro11\SurfaceUpdate\qcdx\qcvidencx86mftAV18380.dll
SurfacePro11\SurfaceUpdate\qcdx\qcvidencx86mfth2648380.dll
SurfacePro11\SurfaceUpdate\qcdx\qcvidencx86mfthevc8380.dll
SurfacePro11\SurfaceUpdate\qcdx\qcvidencx86um.DLL
SurfacePro11\SurfaceUpdate\qcdx\qcvkarm64xcompiler.dll
SurfacePro11\SurfaceUpdate\qcdx\qcvkarm64xum.dll
SurfacePro11\SurfaceUpdate\qcdx\qcvk_icd_arm64x.json
SurfacePro11\SurfaceUpdate\qcdx\qcvss8380.mbn
SurfacePro11\SurfaceUpdate\qcdx\qcvss8380_pa.mbn
SurfacePro11\SurfaceUpdate\qceva
SurfacePro11\SurfaceUpdate\qceva\evass.mbn
SurfacePro11\SurfaceUpdate\qceva\qceva8380.cat
SurfacePro11\SurfaceUpdate\qceva\qceva8380.inf
SurfacePro11\SurfaceUpdate\qceva\qceva8380.sys
SurfacePro11\SurfaceUpdate\qcevaext
SurfacePro11\SurfaceUpdate\qcevaext\EVMD.bin
SurfacePro11\SurfaceUpdate\qcevaext\EVPF.bin
SurfacePro11\SurfaceUpdate\qcevaext\qceva_ext8380.cat
SurfacePro11\SurfaceUpdate\qcevaext\qceva_ext8380.inf
SurfacePro11\SurfaceUpdate\qcfgbcl
SurfacePro11\SurfaceUpdate\qcfgbcl\qcfgbcl8380.cat
SurfacePro11\SurfaceUpdate\qcfgbcl\qcfgbcl8380.inf
SurfacePro11\SurfaceUpdate\qcfgbcl\Qcfgbcl8380.sys
SurfacePro11\SurfaceUpdate\qcfgbclext
SurfacePro11\SurfaceUpdate\qcfgbclext\qcfgbclext8380.cat
SurfacePro11\SurfaceUpdate\qcfgbclext\qcfgbclext8380.inf
SurfacePro11\SurfaceUpdate\qcglink
SurfacePro11\SurfaceUpdate\qcglink\qcglink8380.cat
SurfacePro11\SurfaceUpdate\qcglink\qcglink8380.inf
SurfacePro11\SurfaceUpdate\qcglink\qcglink8380.sys
SurfacePro11\SurfaceUpdate\qcgpi
SurfacePro11\SurfaceUpdate\qcgpi\qcgpi8380.cat
SurfacePro11\SurfaceUpdate\qcgpi\qcgpi8380.inf
SurfacePro11\SurfaceUpdate\qcgpi\qcgpi8380.sys
SurfacePro11\SurfaceUpdate\qcgpio
SurfacePro11\SurfaceUpdate\qcgpio\qcgpio.cat
SurfacePro11\SurfaceUpdate\qcgpio\qcgpio.sys
SurfacePro11\SurfaceUpdate\qcgpio\qcgpio8380.inf
SurfacePro11\SurfaceUpdate\qci2c
SurfacePro11\SurfaceUpdate\qci2c\qci2c8380.cat
SurfacePro11\SurfaceUpdate\qci2c\qci2c8380.inf
SurfacePro11\SurfaceUpdate\qci2c\qci2c8380.sys
SurfacePro11\SurfaceUpdate\qciommu
SurfacePro11\SurfaceUpdate\qciommu\qciommu.cat
SurfacePro11\SurfaceUpdate\qciommu\qciommu.inf
SurfacePro11\SurfaceUpdate\qciommu\qciommu.sys
SurfacePro11\SurfaceUpdate\qciommuext
SurfacePro11\SurfaceUpdate\qciommuext\qciommuext8380.cat
SurfacePro11\SurfaceUpdate\qciommuext\qciommuext8380.inf
SurfacePro11\SurfaceUpdate\qcipcc
SurfacePro11\SurfaceUpdate\qcipcc\qcipcc8380.cat
SurfacePro11\SurfaceUpdate\qcipcc\qcipcc8380.inf
SurfacePro11\SurfaceUpdate\qcipcc\qcipcc8380.sys
SurfacePro11\SurfaceUpdate\qcipcrouter
SurfacePro11\SurfaceUpdate\qcipcrouter\qcipcrouter8380.cat
SurfacePro11\SurfaceUpdate\qcipcrouter\qcipcrouter8380.inf
SurfacePro11\SurfaceUpdate\qcipcrouter\qcipcrouter8380.sys
SurfacePro11\SurfaceUpdate\qcipcrouter\qsocketipcrum.dll
SurfacePro11\SurfaceUpdate\qckmbam
SurfacePro11\SurfaceUpdate\qckmbam\qckmBam8380.cat
SurfacePro11\SurfaceUpdate\qckmbam\qckmbam8380.inf
SurfacePro11\SurfaceUpdate\qckmbam\qckmbam8380.sys
SurfacePro11\SurfaceUpdate\qcnspmcdm
SurfacePro11\SurfaceUpdate\qcnspmcdm\CDSP
SurfacePro11\SurfaceUpdate\qcnspmcdm\CDSP\example_image.so
SurfacePro11\SurfaceUpdate\qcnspmcdm\CDSP\fastrpc_shell_3
SurfacePro11\SurfaceUpdate\qcnspmcdm\CDSP\fastrpc_shell_unsigned_3
SurfacePro11\SurfaceUpdate\qcnspmcdm\CDSP\libbenchmark_skel.so
SurfacePro11\SurfaceUpdate\qcnspmcdm\CDSP\libc++.so.1
SurfacePro11\SurfaceUpdate\qcnspmcdm\CDSP\libc++abi.so.1
SurfacePro11\SurfaceUpdate\qcnspmcdm\CDSP\libcrm_test_skel.so
SurfacePro11\SurfaceUpdate\qcnspmcdm\CDSP\libloadalgo_skel.so
SurfacePro11\SurfaceUpdate\qcnspmcdm\CDSP\libQ6MSFR_manager_skel.so
SurfacePro11\SurfaceUpdate\qcnspmcdm\CDSP\libQ6MSFR_manager_skel_intermediate.so
SurfacePro11\SurfaceUpdate\qcnspmcdm\CDSP\libstabilitydomain_skel.so
SurfacePro11\SurfaceUpdate\qcnspmcdm\CDSP\libsysmondomain_skel.so
SurfacePro11\SurfaceUpdate\qcnspmcdm\CDSP\libsysmonhvxthrottle_skel.so
SurfacePro11\SurfaceUpdate\qcnspmcdm\CDSP\libsysmonquery_skel.so
SurfacePro11\SurfaceUpdate\qcnspmcdm\CDSP\libsysmon_skel.so
SurfacePro11\SurfaceUpdate\qcnspmcdm\CDSP\map_SHARED_LIBS_hamoa.cdsp.prodQ.txt
SurfacePro11\SurfaceUpdate\qcnspmcdm\CDSP\version.so
SurfacePro11\SurfaceUpdate\qcnspmcdm\HTP
SurfacePro11\SurfaceUpdate\qcnspmcdm\HTP\HtpUsrDrv.dll
SurfacePro11\SurfaceUpdate\qcnspmcdm\HTP\libQnnHtpV73SkelDrv.so
SurfacePro11\SurfaceUpdate\qcnspmcdm\HTP\QnnHtpPrepareDrv.dll
SurfacePro11\SurfaceUpdate\qcnspmcdm\HTP\QnnHtpV73StubDrv.dll
SurfacePro11\SurfaceUpdate\qcnspmcdm\libcdsprpc.dll
SurfacePro11\SurfaceUpdate\qcnspmcdm\libnspmcdm.dll
SurfacePro11\SurfaceUpdate\qcnspmcdm\qcnspdx12arm64xum.dll
SurfacePro11\SurfaceUpdate\qcnspmcdm\qcnspmcdm8380.cat
SurfacePro11\SurfaceUpdate\qcnspmcdm\qcnspmcdm8380.inf
SurfacePro11\SurfaceUpdate\qcnspmcdm\qcnspmcdm8380.sys
SurfacePro11\SurfaceUpdate\qcnspmcdm\QnnHtp.dll
SurfacePro11\SurfaceUpdate\qcnspmcdm\QnnSystem.dll
SurfacePro11\SurfaceUpdate\qcpdsr
SurfacePro11\SurfaceUpdate\qcpdsr\qcpdsr.cat
SurfacePro11\SurfaceUpdate\qcpdsr\qcpdsr.inf
SurfacePro11\SurfaceUpdate\qcpdsr\qcpdsr.sys
SurfacePro11\SurfaceUpdate\qcpepwd
SurfacePro11\SurfaceUpdate\qcpepwd\PPMSettings-8380Profiles.wd.ppkg
SurfacePro11\SurfaceUpdate\qcpepwd\qcpep.wd8380.inf
SurfacePro11\SurfaceUpdate\qcpepwd\qcpep8380.cat
SurfacePro11\SurfaceUpdate\qcpepwd\qcpep8380.sys
SurfacePro11\SurfaceUpdate\qcpil
SurfacePro11\SurfaceUpdate\qcpil\qcpil.cat
SurfacePro11\SurfaceUpdate\qcpil\qcpil.inf
SurfacePro11\SurfaceUpdate\qcpil\qcpil.sys
SurfacePro11\SurfaceUpdate\qcpilext
SurfacePro11\SurfaceUpdate\qcpilext\qcpilext8380.cat
SurfacePro11\SurfaceUpdate\qcpilext\qcpilEXT8380.inf
SurfacePro11\SurfaceUpdate\qcpilfilterext
SurfacePro11\SurfaceUpdate\qcpilfilterext\QCPILFilter.sys
SurfacePro11\SurfaceUpdate\qcpilfilterext\qcpilfilterext.cat
SurfacePro11\SurfaceUpdate\qcpilfilterext\qcpilfilterext.inf
SurfacePro11\SurfaceUpdate\qcpmic
SurfacePro11\SurfaceUpdate\qcpmic\qcpmic8380.cat
SurfacePro11\SurfaceUpdate\qcpmic\qcpmic8380.inf
SurfacePro11\SurfaceUpdate\qcpmic\qcpmic8380.sys
SurfacePro11\SurfaceUpdate\qcpmicapps
SurfacePro11\SurfaceUpdate\qcpmicapps\qcpmicapps8380.cat
SurfacePro11\SurfaceUpdate\qcpmicapps\QcPmicApps8380.inf
SurfacePro11\SurfaceUpdate\qcpmicapps\QcPmicApps8380.sys
SurfacePro11\SurfaceUpdate\qcpmicext
SurfacePro11\SurfaceUpdate\qcpmicext\qcpmicext8380.cat
SurfacePro11\SurfaceUpdate\qcpmicext\qcpmicext8380.inf
SurfacePro11\SurfaceUpdate\qcpmicglink
SurfacePro11\SurfaceUpdate\qcpmicglink\qcpmicglink8380.cat
SurfacePro11\SurfaceUpdate\qcpmicglink\QcPmicGlink8380.inf
SurfacePro11\SurfaceUpdate\qcpmicglink\qcpmicglink8380.sys
SurfacePro11\SurfaceUpdate\qcpmicgpio
SurfacePro11\SurfaceUpdate\qcpmicgpio\qcpmicgpio8380.cat
SurfacePro11\SurfaceUpdate\qcpmicgpio\qcpmicgpio8380.inf
SurfacePro11\SurfaceUpdate\qcpmicgpio\qcpmicgpio8380.sys
SurfacePro11\SurfaceUpdate\qcppx
SurfacePro11\SurfaceUpdate\qcppx\qcppx8380.cat
SurfacePro11\SurfaceUpdate\qcppx\qcppx8380.inf
SurfacePro11\SurfaceUpdate\qcppx\qcppx8380.sys
SurfacePro11\SurfaceUpdate\qcrpen
SurfacePro11\SurfaceUpdate\qcrpen\qcrpen.cat
SurfacePro11\SurfaceUpdate\qcrpen\qcrpen.inf
SurfacePro11\SurfaceUpdate\qcrpen\qcrpen.sys
SurfacePro11\SurfaceUpdate\qcscm
SurfacePro11\SurfaceUpdate\qcscm\qcscm.cat
SurfacePro11\SurfaceUpdate\qcscm\qcscm.inf
SurfacePro11\SurfaceUpdate\qcscm\qcscm.sys
SurfacePro11\SurfaceUpdate\qcscm\SCMF.bin
SurfacePro11\SurfaceUpdate\qcsecapp
SurfacePro11\SurfaceUpdate\qcsecapp\qcsecapp.cat
SurfacePro11\SurfaceUpdate\qcsecapp\qcsecapp.inf
SurfacePro11\SurfaceUpdate\qcsecapp\qcsecapp.sys
SurfacePro11\SurfaceUpdate\qcsensors
SurfacePro11\SurfaceUpdate\qcsensors\qcSensors.cat
SurfacePro11\SurfaceUpdate\qcsensors\qcSensors.dll
SurfacePro11\SurfaceUpdate\qcsensors\qcSensors.inf
SurfacePro11\SurfaceUpdate\qcskext
SurfacePro11\SurfaceUpdate\qcskext\QcSkExt8380.cat
SurfacePro11\SurfaceUpdate\qcskext\QcSkExt8380.exe
SurfacePro11\SurfaceUpdate\qcskext\QcSkExt8380.inf
SurfacePro11\SurfaceUpdate\qcslimbus
SurfacePro11\SurfaceUpdate\qcslimbus\qcslimbus8380.cat
SurfacePro11\SurfaceUpdate\qcslimbus\qcslimbus8380.inf
SurfacePro11\SurfaceUpdate\qcslimbus\qcslimbus8380.sys
SurfacePro11\SurfaceUpdate\qcslimbus\SLM1.bin
SurfacePro11\SurfaceUpdate\qcsmmu
SurfacePro11\SurfaceUpdate\qcsmmu\qcsmmu8380.cat
SurfacePro11\SurfaceUpdate\qcsmmu\qcsmmu8380.inf
SurfacePro11\SurfaceUpdate\qcsmmu\qcsmmu8380.sys
SurfacePro11\SurfaceUpdate\qcsmmu\SMMC.bin
SurfacePro11\SurfaceUpdate\qcsocpartition
SurfacePro11\SurfaceUpdate\qcsocpartition\QcSOCPartition.cat
SurfacePro11\SurfaceUpdate\qcsocpartition\QcSOCPartition.inf
SurfacePro11\SurfaceUpdate\qcsocpartition\QcSOCPartition.sys
SurfacePro11\SurfaceUpdate\qcsocservicekmdf
SurfacePro11\SurfaceUpdate\qcsocservicekmdf\QcSocServiceKMDF8380.cat
SurfacePro11\SurfaceUpdate\qcsocservicekmdf\QcSocServiceKMDF8380.inf
SurfacePro11\SurfaceUpdate\qcsocservicekmdf\QcSocServiceKMDF8380.sys
SurfacePro11\SurfaceUpdate\qcsocservicekmdf\QcSoCServiceUtils.dll
SurfacePro11\SurfaceUpdate\qcsp
SurfacePro11\SurfaceUpdate\qcsp\asym1p.sig
SurfacePro11\SurfaceUpdate\qcsp\asym1t.sig
SurfacePro11\SurfaceUpdate\qcsp\crypt1p.sig
SurfacePro11\SurfaceUpdate\qcsp\crypt1t.sig
SurfacePro11\SurfaceUpdate\qcsp\macch1p.sig
SurfacePro11\SurfaceUpdate\qcsp\macch1t.sig
SurfacePro11\SurfaceUpdate\qcsp\qcsp.cat
SurfacePro11\SurfaceUpdate\qcsp\qcsp.sys
SurfacePro11\SurfaceUpdate\qcsp\qcsp8380.inf
SurfacePro11\SurfaceUpdate\qcspi
SurfacePro11\SurfaceUpdate\qcspi\BSRC_QSPI.bin
SurfacePro11\SurfaceUpdate\qcspi\BSRC_SPI.bin
SurfacePro11\SurfaceUpdate\qcspi\qcspi8380.cat
SurfacePro11\SurfaceUpdate\qcspi\qcspi8380.inf
SurfacePro11\SurfaceUpdate\qcspi\qcspi8380.sys
SurfacePro11\SurfaceUpdate\qcspmi
SurfacePro11\SurfaceUpdate\qcspmi\qcspmi8380.cat
SurfacePro11\SurfaceUpdate\qcspmi\qcspmi8380.inf
SurfacePro11\SurfaceUpdate\qcspmi\qcspmi8380.sys
SurfacePro11\SurfaceUpdate\qcssgservicesumd
SurfacePro11\SurfaceUpdate\qcssgservicesumd\qcSSGServicesUMD.cat
SurfacePro11\SurfaceUpdate\qcssgservicesumd\qcSSGServicesUMD.dll
SurfacePro11\SurfaceUpdate\qcssgservicesumd\qcSSGServicesUMD.inf
SurfacePro11\SurfaceUpdate\qcsubsys
SurfacePro11\SurfaceUpdate\qcsubsys\qcsubsys8380.cat
SurfacePro11\SurfaceUpdate\qcsubsys\qcsubsys8380.inf
SurfacePro11\SurfaceUpdate\qcsubsys\qcsubsys8380.sys
SurfacePro11\SurfaceUpdate\qcsubsysextcdsp
SurfacePro11\SurfaceUpdate\qcsubsysextcdsp\CDSP
SurfacePro11\SurfaceUpdate\qcsubsysextcdsp\CDSP\example_image.so
SurfacePro11\SurfaceUpdate\qcsubsysextcdsp\CDSP\fastrpc_shell_3
SurfacePro11\SurfaceUpdate\qcsubsysextcdsp\CDSP\fastrpc_shell_unsigned_3
SurfacePro11\SurfaceUpdate\qcsubsysextcdsp\CDSP\libbenchmark_skel.so
SurfacePro11\SurfaceUpdate\qcsubsysextcdsp\CDSP\libc++.so.1
SurfacePro11\SurfaceUpdate\qcsubsysextcdsp\CDSP\libc++abi.so.1
SurfacePro11\SurfaceUpdate\qcsubsysextcdsp\CDSP\libcrm_test_skel.so
SurfacePro11\SurfaceUpdate\qcsubsysextcdsp\CDSP\libloadalgo_skel.so
SurfacePro11\SurfaceUpdate\qcsubsysextcdsp\CDSP\libQ6MSFR_manager_skel.so
SurfacePro11\SurfaceUpdate\qcsubsysextcdsp\CDSP\libQ6MSFR_manager_skel_intermedi.1
SurfacePro11\SurfaceUpdate\qcsubsysextcdsp\CDSP\libstabilitydomain_skel.so
SurfacePro11\SurfaceUpdate\qcsubsysextcdsp\CDSP\libsysmondomain_skel.so
SurfacePro11\SurfaceUpdate\qcsubsysextcdsp\CDSP\libsysmonhvxthrottle_skel.so
SurfacePro11\SurfaceUpdate\qcsubsysextcdsp\CDSP\libsysmonquery_skel.so
SurfacePro11\SurfaceUpdate\qcsubsysextcdsp\CDSP\libsysmon_skel.so
SurfacePro11\SurfaceUpdate\qcsubsysextcdsp\CDSP\version.so
SurfacePro11\SurfaceUpdate\qcsubsysextcdsp\cdspr.jsn
SurfacePro11\SurfaceUpdate\qcsubsysextcdsp\cdsp_dtbs.elf
SurfacePro11\SurfaceUpdate\qcsubsysextcdsp\qccdsp8380.mbn
SurfacePro11\SurfaceUpdate\qcsubsysextcdsp\qcsubsys_ext_cdsp8380.cat
SurfacePro11\SurfaceUpdate\qcsubsysextcdsp\qcsubsys_ext_cdsp8380.inf
SurfacePro11\SurfaceUpdate\qcsubsysextcdsp\RCDS.bin
SurfacePro11\SurfaceUpdate\qcsubsysextspss
SurfacePro11\SurfaceUpdate\qcsubsysextspss\qcsubsys_ext_spss8380.cat
SurfacePro11\SurfaceUpdate\qcsubsysextspss\qcsubsys_ext_spss8380.inf
SurfacePro11\SurfaceUpdate\qcsubsysextspss\RSPU.bin
SurfacePro11\SurfaceUpdate\qcsubsysthermalmgr
SurfacePro11\SurfaceUpdate\qcsubsysthermalmgr\qcSubsysThermalMgr.cat
SurfacePro11\SurfaceUpdate\qcsubsysthermalmgr\qcSubsysThermalMgr.inf
SurfacePro11\SurfaceUpdate\qcsubsysthermalmgr\qcSubsysThermalMgr.sys
SurfacePro11\SurfaceUpdate\qcsyscache8380
SurfacePro11\SurfaceUpdate\qcsyscache8380\qcsyscache8380.cat
SurfacePro11\SurfaceUpdate\qcsyscache8380\qcsyscache8380.inf
SurfacePro11\SurfaceUpdate\qcsyscache8380\qcsyscache8380.sys
SurfacePro11\SurfaceUpdate\qcsyscache8380\SysCache_Profiler.dll
SurfacePro11\SurfaceUpdate\qctftpkmdf
SurfacePro11\SurfaceUpdate\qctftpkmdf\QcTftpKmdf.cat
SurfacePro11\SurfaceUpdate\qctftpkmdf\QcTftpKmdf.inf
SurfacePro11\SurfaceUpdate\qctftpkmdf\QcTftpKmdf.sys
SurfacePro11\SurfaceUpdate\qctree
SurfacePro11\SurfaceUpdate\qctree\QcTrEE.cat
SurfacePro11\SurfaceUpdate\qctree\QcTrEE.inf
SurfacePro11\SurfaceUpdate\qctree\QcTrEE.sys
SurfacePro11\SurfaceUpdate\qctreeextqcom
SurfacePro11\SurfaceUpdate\qctreeextqcom\hdcp1.mbn
SurfacePro11\SurfaceUpdate\qctreeextqcom\hdcp2p2.mbn
SurfacePro11\SurfaceUpdate\qctreeextqcom\hdcpsrm.mbn
SurfacePro11\SurfaceUpdate\qctreeextqcom\pr_3_wp.mbn
SurfacePro11\SurfaceUpdate\qctreeextqcom\QcTreeExtQcom8380.cat
SurfacePro11\SurfaceUpdate\qctreeextqcom\QcTreeExtQcom8380.inf
SurfacePro11\SurfaceUpdate\qcuart
SurfacePro11\SurfaceUpdate\qcuart\BSRC_UART_2Wire_1.bin
SurfacePro11\SurfaceUpdate\qcuart\BSRC_UART_2Wire_2.bin
SurfacePro11\SurfaceUpdate\qcuart\BSRC_UART_4Wire_1.bin
SurfacePro11\SurfaceUpdate\qcuart\BSRC_UART_4Wire_2.bin
SurfacePro11\SurfaceUpdate\qcuart\qcuart8380.cat
SurfacePro11\SurfaceUpdate\qcuart\qcuart8380.inf
SurfacePro11\SurfaceUpdate\qcuart\qcuart8380.sys
SurfacePro11\SurfaceUpdate\qcursext
SurfacePro11\SurfaceUpdate\qcursext\qcursext.cat
SurfacePro11\SurfaceUpdate\qcursext\qcursext.inf
SurfacePro11\SurfaceUpdate\qcusb4bus
SurfacePro11\SurfaceUpdate\qcusb4bus\QcUsb4Bus8280.cat
SurfacePro11\SurfaceUpdate\qcusb4bus\QcUsb4Bus8380.inf
SurfacePro11\SurfaceUpdate\qcusb4bus\QcUsb4Bus8380.sys
SurfacePro11\SurfaceUpdate\qcusb4filter
SurfacePro11\SurfaceUpdate\qcusb4filter\QcUsb4Filter8380.cat
SurfacePro11\SurfaceUpdate\qcusb4filter\QcUsb4Filter8380.inf
SurfacePro11\SurfaceUpdate\qcusb4filter\QcUsb4Filter8380.sys
SurfacePro11\SurfaceUpdate\qcusbcucsi
SurfacePro11\SurfaceUpdate\qcusbcucsi\qcusbcucsi8380.cat
SurfacePro11\SurfaceUpdate\qcusbcucsi\qcusbcucsi8380.inf
SurfacePro11\SurfaceUpdate\qcusbcucsi\qcusbcucsi8380.sys
SurfacePro11\SurfaceUpdate\qcusbcucsi\UCS0.bin
SurfacePro11\SurfaceUpdate\qcusbfnssfilter
SurfacePro11\SurfaceUpdate\qcusbfnssfilter\QcUsbFnSsFilter8380.cat
SurfacePro11\SurfaceUpdate\qcusbfnssfilter\QcUsbFnSsFilter8380.inf
SurfacePro11\SurfaceUpdate\qcusbfnssfilter\QcUsbFnSsFilter8380.sys
SurfacePro11\SurfaceUpdate\qcwlanhmt
SurfacePro11\SurfaceUpdate\qcwlanhmt\bdwlan.e36
SurfacePro11\SurfaceUpdate\qcwlanhmt\bdwlan.e3b
SurfacePro11\SurfaceUpdate\qcwlanhmt\bdwlan.elf
SurfacePro11\SurfaceUpdate\qcwlanhmt\bdwlan01.e02
SurfacePro11\SurfaceUpdate\qcwlanhmt\bdwlan01.e04
SurfacePro11\SurfaceUpdate\qcwlanhmt\bdwlan01.e05
SurfacePro11\SurfaceUpdate\qcwlanhmt\bdwlan01.e07
SurfacePro11\SurfaceUpdate\qcwlanhmt\bdwlan01.e08
SurfacePro11\SurfaceUpdate\qcwlanhmt\bdwlan01.e0b
SurfacePro11\SurfaceUpdate\qcwlanhmt\bdwlan01.e0f
SurfacePro11\SurfaceUpdate\qcwlanhmt\bdwlan01.e12
SurfacePro11\SurfaceUpdate\qcwlanhmt\bdwlan_wcn785x_2p0_ncm825.elf
SurfacePro11\SurfaceUpdate\qcwlanhmt\bdwlan_wcn785x_2p0_ncm825_AS_S55_SA.elf
SurfacePro11\SurfaceUpdate\qcwlanhmt\bdwlan_wcn785x_2p0_ncm825_DE01.elf
SurfacePro11\SurfaceUpdate\qcwlanhmt\bdwlan_wcn785x_2p0_ncm825_DE02.elf
SurfacePro11\SurfaceUpdate\qcwlanhmt\bdwlan_wcn785x_2p0_ncm825_HO_MoorO.elf
SurfacePro11\SurfaceUpdate\qcwlanhmt\bdwlan_wcn785x_2p0_ncm825_LES790.elf
SurfacePro11\SurfaceUpdate\qcwlanhmt\bdwlan_wcn785x_2p0_ncm825_LE_Altai.elf
SurfacePro11\SurfaceUpdate\qcwlanhmt\bdwlan_wcn785x_2p0_ncm825_LE_C590.elf
SurfacePro11\SurfaceUpdate\qcwlanhmt\bdwlan_wcn785x_2p0_ncm825_QC_revB.elf
SurfacePro11\SurfaceUpdate\qcwlanhmt\bdwlan_wcn785x_2p0_ncm865a.elf
SurfacePro11\SurfaceUpdate\qcwlanhmt\bdwlan_wcn785x_2p0_ncm865a_LE_S590.elf
SurfacePro11\SurfaceUpdate\qcwlanhmt\bdwlan_wcn785x_2p0_ncm865a_QC_revB.elf
SurfacePro11\SurfaceUpdate\qcwlanhmt\Data20.msc
SurfacePro11\SurfaceUpdate\qcwlanhmt\phy_ucode20.elf
SurfacePro11\SurfaceUpdate\qcwlanhmt\qcwlanhmt8380.cat
SurfacePro11\SurfaceUpdate\qcwlanhmt\qcwlanhmt8380.inf
SurfacePro11\SurfaceUpdate\qcwlanhmt\qcwlanhmt8380.sys
SurfacePro11\SurfaceUpdate\qcwlanhmt\qdss_trace_config_v1.cfg
SurfacePro11\SurfaceUpdate\qcwlanhmt\qdss_trace_config_v2.cfg
SurfacePro11\SurfaceUpdate\qcwlanhmt\regdb.bin
SurfacePro11\SurfaceUpdate\qcwlanhmt\wlanfw20.mbn
SurfacePro11\SurfaceUpdate\qcwlanhmtext
SurfacePro11\SurfaceUpdate\qcwlanhmtext\qcwlanhmt_ext8380.cat
SurfacePro11\SurfaceUpdate\qcwlanhmtext\qcwlanhmt_ext8380.inf
SurfacePro11\SurfaceUpdate\qcwwanpowerdown
SurfacePro11\SurfaceUpdate\qcwwanpowerdown\qcwwanpowerdown.cat
SurfacePro11\SurfaceUpdate\qcwwanpowerdown\qcwwanpowerdown.inf
SurfacePro11\SurfaceUpdate\qcwwanpowerdown\qcwwanpowerdown.sys
SurfacePro11\SurfaceUpdate\qcxhcifilter
SurfacePro11\SurfaceUpdate\qcxhcifilter\QcXhciFilter8380.cat
SurfacePro11\SurfaceUpdate\qcxhcifilter\QcXhciFilter8380.inf
SurfacePro11\SurfaceUpdate\qcxhcifilter\QcXhciFilter8380.sys
SurfacePro11\SurfaceUpdate\qmuxmdm
SurfacePro11\SurfaceUpdate\qmuxmdm\qcqmux.sys
SurfacePro11\SurfaceUpdate\qmuxmdm\qcqmuxpcie.sys
SurfacePro11\SurfaceUpdate\qmuxmdm\qcqmuxusb.sys
SurfacePro11\SurfaceUpdate\qmuxmdm\surface_QmuxMdm.cat
SurfacePro11\SurfaceUpdate\qmuxmdm\surface_QmuxMdm.inf
SurfacePro11\SurfaceUpdate\radiotelemetry
SurfacePro11\SurfaceUpdate\radiotelemetry\SurfaceRadioTelemetryDriver.cat
SurfacePro11\SurfaceUpdate\radiotelemetry\SurfaceRadioTelemetryDriver.dll
SurfacePro11\SurfaceUpdate\radiotelemetry\SurfaceRadioTelemetryDriver.inf
SurfacePro11\SurfaceUpdate\retimer0
SurfacePro11\SurfaceUpdate\retimer0\SurfaceRetimer0.cat
SurfacePro11\SurfaceUpdate\retimer0\SurfaceRetimer0.inf
SurfacePro11\SurfaceUpdate\retimer0\SurfaceRetimer0_128.3.6.0.bin
SurfacePro11\SurfaceUpdate\retimer1
SurfacePro11\SurfaceUpdate\retimer1\SurfaceRetimer1.cat
SurfacePro11\SurfaceUpdate\retimer1\SurfaceRetimer1.inf
SurfacePro11\SurfaceUpdate\retimer1\SurfaceRetimer1_128.3.6.0.bin
SurfacePro11\SurfaceUpdate\SAM
SurfacePro11\SurfaceUpdate\SAM\SurfaceSAM.cat
SurfacePro11\SurfaceUpdate\SAM\SurfaceSAM.inf
SurfacePro11\SurfaceUpdate\SAM\SurfaceSAM_24.1.139.bin
SurfacePro11\SurfaceUpdate\sar
SurfacePro11\SurfaceUpdate\sar\SurfaceSarManager.cat
SurfacePro11\SurfaceUpdate\sar\SurfaceSarManager.dll
SurfacePro11\SurfaceUpdate\sar\SurfaceSarManager.inf
SurfacePro11\SurfaceUpdate\smf5glcd
SurfacePro11\SurfaceUpdate\smf5glcd\Surface.SMF.117.0.0.cat
SurfacePro11\SurfaceUpdate\smf5glcd\Surface.SMF.117.0.0.inf
SurfacePro11\SurfaceUpdate\smf5glcd\Surface.SMF.117.0.0_117.0.0.93.bin
SurfacePro11\SurfaceUpdate\smf5goled
SurfacePro11\SurfaceUpdate\smf5goled\Surface.SMF.117.0.1.cat
SurfacePro11\SurfaceUpdate\smf5goled\Surface.SMF.117.0.1.inf
SurfacePro11\SurfaceUpdate\smf5goled\Surface.SMF.117.0.1_117.0.1.93.bin
SurfacePro11\SurfaceUpdate\smfwifilcd
SurfacePro11\SurfaceUpdate\smfwifilcd\Surface.SMF.117.0.2.cat
SurfacePro11\SurfaceUpdate\smfwifilcd\Surface.SMF.117.0.2.inf
SurfacePro11\SurfaceUpdate\smfwifilcd\Surface.SMF.117.0.2_117.0.2.96.bin
SurfacePro11\SurfaceUpdate\smfwifioled
SurfacePro11\SurfaceUpdate\smfwifioled\Surface.SMF.117.0.3.cat
SurfacePro11\SurfaceUpdate\smfwifioled\Surface.SMF.117.0.3.inf
SurfacePro11\SurfaceUpdate\smfwifioled\Surface.SMF.117.0.3_117.0.3.93.bin
SurfacePro11\SurfaceUpdate\spiextden
SurfacePro11\SurfaceUpdate\spiextden\BSRC_QSPI_DEN.bin
SurfacePro11\SurfaceUpdate\spiextden\surfacespiext8380.cat
SurfacePro11\SurfaceUpdate\spiextden\surface_spiext_den8380.inf
SurfacePro11\SurfaceUpdate\storagefwupdateenum
SurfacePro11\SurfaceUpdate\storagefwupdateenum\SurfaceStorageFwUpdateEnum.cat
SurfacePro11\SurfaceUpdate\storagefwupdateenum\SurfaceStorageFwUpdateEnum.inf
SurfacePro11\SurfaceUpdate\storagefwupdatehfs001tej3x108n
SurfacePro11\SurfaceUpdate\storagefwupdatehfs001tej3x108n\HFS001TEJ3X108N-SKhynix_51005C30.ebin
SurfacePro11\SurfaceUpdate\storagefwupdatehfs001tej3x108n\SurfaceStorageFwUpdateHFS001TEJ3X108N.inf
SurfacePro11\SurfaceUpdate\storagefwupdatehfs001tej3x108n\SurfaceStorageFwUpdateHFS001TEJ3X108NPackage.cat
SurfacePro11\SurfaceUpdate\storagefwupdatehfs256gej3x108n
SurfacePro11\SurfaceUpdate\storagefwupdatehfs256gej3x108n\HFS256GEJ3X108N-SKhynix_51005C30.ebin
SurfacePro11\SurfaceUpdate\storagefwupdatehfs256gej3x108n\SurfaceStorageFwUpdateHFS256GEJ3X108N.inf
SurfacePro11\SurfaceUpdate\storagefwupdatehfs256gej3x108n\SurfaceStorageFwUpdateHFS256GEJ3X108NPackage.cat
SurfacePro11\SurfaceUpdate\storagefwupdatehfs512gej3x108n
SurfacePro11\SurfaceUpdate\storagefwupdatehfs512gej3x108n\HFS512GEJ3X108N-SKhynix_51005C30.ebin
SurfacePro11\SurfaceUpdate\storagefwupdatehfs512gej3x108n\SurfaceStorageFwUpdateHFS512GEJ3X108N.inf
SurfacePro11\SurfaceUpdate\storagefwupdatehfs512gej3x108n\SurfaceStorageFwUpdateHFS512GEJ3X108NPackage.cat
SurfacePro11\SurfaceUpdate\storagefwupdatekbg50zns1t
SurfacePro11\SurfaceUpdate\storagefwupdatekbg50zns1t\ANMS0103.sig
SurfacePro11\SurfaceUpdate\storagefwupdatekbg50zns1t\SurfaceStorageFwUpdateKBG50ZNS1T.inf
SurfacePro11\SurfaceUpdate\storagefwupdatekbg50zns1t\SurfaceStorageFwUpdateKBG50ZNS1TPackage.cat
SurfacePro11\SurfaceUpdate\storagefwupdatekbg50zns256g
SurfacePro11\SurfaceUpdate\storagefwupdatekbg50zns256g\ANMS0103.sig
SurfacePro11\SurfaceUpdate\storagefwupdatekbg50zns256g\SurfaceStorageFwUpdateKBG50ZNS256G.inf
SurfacePro11\SurfaceUpdate\storagefwupdatekbg50zns256g\SurfaceStorageFwUpdateKBG50ZNS256GPackage.cat
SurfacePro11\SurfaceUpdate\storagefwupdatekbg50zns512g
SurfacePro11\SurfaceUpdate\storagefwupdatekbg50zns512g\ANMS0103.sig
SurfacePro11\SurfaceUpdate\storagefwupdatekbg50zns512g\SurfaceStorageFwUpdateKBG50ZNS512G.inf
SurfacePro11\SurfaceUpdate\storagefwupdatekbg50zns512g\SurfaceStorageFwUpdateKBG50ZNS512GPackage.cat
SurfacePro11\SurfaceUpdate\storagefwupdatemz9l41t0hblb00bmv
SurfacePro11\SurfaceUpdate\storagefwupdatemz9l41t0hblb00bmv\HXC75M0Q_noFormat.bin
SurfacePro11\SurfaceUpdate\storagefwupdatemz9l41t0hblb00bmv\SurfaceStorageFwUpdateMZ9L41T0HBLB00BMV.inf
SurfacePro11\SurfaceUpdate\storagefwupdatemz9l41t0hblb00bmv\SurfaceStorageFwUpdateMZ9L41T0HBLB00BMVPackage.cat
SurfacePro11\SurfaceUpdate\storagefwupdatemz9l4256hcjq00bmv
SurfacePro11\SurfaceUpdate\storagefwupdatemz9l4256hcjq00bmv\HXC75M0Q_noFormat.bin
SurfacePro11\SurfaceUpdate\storagefwupdatemz9l4256hcjq00bmv\SurfaceStorageFwUpdateMZ9L4256HCJQ00BMV.inf
SurfacePro11\SurfaceUpdate\storagefwupdatemz9l4256hcjq00bmv\SurfaceStorageFwUpdateMZ9L4256HCJQ00BMVPackage.cat
SurfacePro11\SurfaceUpdate\storagefwupdatemz9l4512hblu00bmv
SurfacePro11\SurfaceUpdate\storagefwupdatemz9l4512hblu00bmv\HXC75M0Q_noFormat.bin
SurfacePro11\SurfaceUpdate\storagefwupdatemz9l4512hblu00bmv\SurfaceStorageFwUpdateMZ9L4512HBLU00BMV.inf
SurfacePro11\SurfaceUpdate\storagefwupdatemz9l4512hblu00bmv\SurfaceStorageFwUpdateMZ9L4512HBLU00BMVPackage.cat
SurfacePro11\SurfaceUpdate\storagefwupdatesddptqd1t001124
SurfacePro11\SurfaceUpdate\storagefwupdatesddptqd1t001124\73107024.fluf
SurfacePro11\SurfaceUpdate\storagefwupdatesddptqd1t001124\SurfaceStorageFwUpdateSDDPTQD1T001124.inf
SurfacePro11\SurfaceUpdate\storagefwupdatesddptqd1t001124\SurfaceStorageFwUpdateSDDPTQD1T001124Package.cat
SurfacePro11\SurfaceUpdate\storagefwupdatesddptqd256g1124
SurfacePro11\SurfaceUpdate\storagefwupdatesddptqd256g1124\73107024.fluf
SurfacePro11\SurfaceUpdate\storagefwupdatesddptqd256g1124\SurfaceStorageFwUpdateSDDPTQD256G1124.inf
SurfacePro11\SurfaceUpdate\storagefwupdatesddptqd256g1124\SurfaceStorageFwUpdateSDDPTQD256G1124Package.cat
SurfacePro11\SurfaceUpdate\storagefwupdatesddptqd512g1124
SurfacePro11\SurfaceUpdate\storagefwupdatesddptqd512g1124\73107024.fluf
SurfacePro11\SurfaceUpdate\storagefwupdatesddptqd512g1124\SurfaceStorageFwUpdateSDDPTQD512G1124.inf
SurfacePro11\SurfaceUpdate\storagefwupdatesddptqd512g1124\SurfaceStorageFwUpdateSDDPTQD512G1124Package.cat
SurfacePro11\SurfaceUpdate\systemmanagementframework
SurfacePro11\SurfaceUpdate\systemmanagementframework\SurfaceSystemManagementFrameworkDriver.cat
SurfacePro11\SurfaceUpdate\systemmanagementframework\SurfaceSystemManagementFrameworkDriver.inf
SurfacePro11\SurfaceUpdate\systemmanagementframework\SurfaceSystemManagementFrameworkDriver.sys
SurfacePro11\SurfaceUpdate\systemtelemetryusermode
SurfacePro11\SurfaceUpdate\systemtelemetryusermode\SurfaceSystemTelemetryDriverUserMode.cat
SurfacePro11\SurfaceUpdate\systemtelemetryusermode\SurfaceSystemTelemetryDriverUserMode.dll
SurfacePro11\SurfaceUpdate\systemtelemetryusermode\SurfaceSystemTelemetryDriverUserMode.inf
SurfacePro11\SurfaceUpdate\Tconcellularlcd
SurfacePro11\SurfaceUpdate\Tconcellularlcd\SurfaceTCONCellularLCD.cat
SurfacePro11\SurfaceUpdate\Tconcellularlcd\SurfaceTCONCellularLCD.inf
SurfacePro11\SurfaceUpdate\Tconcellularlcd\SurfaceTCONCellularLCD_161.33.0.18.bin
SurfacePro11\SurfaceUpdate\Tconoled
SurfacePro11\SurfaceUpdate\Tconoled\SurfaceTCONOLED.cat
SurfacePro11\SurfaceUpdate\Tconoled\SurfaceTCONOLED.inf
SurfacePro11\SurfaceUpdate\Tconoled\SurfaceTCONOLED_176.1.0.16.bin
SurfacePro11\SurfaceUpdate\Tconwifionlylcd
SurfacePro11\SurfaceUpdate\Tconwifionlylcd\SurfaceTCONWifiOnlyLCD.cat
SurfacePro11\SurfaceUpdate\Tconwifionlylcd\SurfaceTCONWifiOnlyLCD.inf
SurfacePro11\SurfaceUpdate\Tconwifionlylcd\SurfaceTCONWifiOnlyLCD_161.33.0.19.bin
SurfacePro11\SurfaceUpdate\thermalmdm
SurfacePro11\SurfaceUpdate\thermalmdm\qcthermalmdm.sys
SurfacePro11\SurfaceUpdate\thermalmdm\surface_thermalmdm.cat
SurfacePro11\SurfaceUpdate\thermalmdm\surface_thermalmdm.inf
SurfacePro11\SurfaceUpdate\thermalpolicy
SurfacePro11\SurfaceUpdate\thermalpolicy\SurfaceThermalPolicy.cat
SurfacePro11\SurfaceUpdate\thermalpolicy\SurfaceThermalPolicy.inf
SurfacePro11\SurfaceUpdate\thermalpolicy\SurfaceThermalPolicy.sys
SurfacePro11\SurfaceUpdate\thunderbolt4dockfwupdate
SurfacePro11\SurfaceUpdate\thunderbolt4dockfwupdate\SurfaceThunderbolt4DockFwUpdate.cat
SurfacePro11\SurfaceUpdate\thunderbolt4dockfwupdate\SurfaceThunderbolt4DockFwUpdate.inf
SurfacePro11\SurfaceUpdate\thunderbolt4dockfwupdate\SurfaceThunderbolt4Dock_1_AMC1.offer.bin
SurfacePro11\SurfaceUpdate\thunderbolt4dockfwupdate\SurfaceThunderbolt4Dock_1_AMC1.payload.bin
SurfacePro11\SurfaceUpdate\thunderbolt4dockfwupdate\SurfaceThunderbolt4Dock_1_AMC2.offer.bin
SurfacePro11\SurfaceUpdate\thunderbolt4dockfwupdate\SurfaceThunderbolt4Dock_1_AMC2.payload.bin
SurfacePro11\SurfaceUpdate\thunderbolt4dockfwupdate\SurfaceThunderbolt4Dock_2_UFPPD1.offer.bin
SurfacePro11\SurfaceUpdate\thunderbolt4dockfwupdate\SurfaceThunderbolt4Dock_2_UFPPD1.payload.bin
SurfacePro11\SurfaceUpdate\thunderbolt4dockfwupdate\SurfaceThunderbolt4Dock_2_UFPPD2.offer.bin
SurfacePro11\SurfaceUpdate\thunderbolt4dockfwupdate\SurfaceThunderbolt4Dock_2_UFPPD2.payload.bin
SurfacePro11\SurfaceUpdate\thunderbolt4dockfwupdate\SurfaceThunderbolt4Dock_3_U3HUB1.offer.bin
SurfacePro11\SurfaceUpdate\thunderbolt4dockfwupdate\SurfaceThunderbolt4Dock_3_U3HUB1.payload.bin
SurfacePro11\SurfaceUpdate\thunderbolt4dockfwupdate\SurfaceThunderbolt4Dock_4_AUDIOS1.offer.bin
SurfacePro11\SurfaceUpdate\thunderbolt4dockfwupdate\SurfaceThunderbolt4Dock_4_AUDIOS1.payload.bin
SurfacePro11\SurfaceUpdate\thunderbolt4dockfwupdate\SurfaceThunderbolt4Dock_6_TBT1.offer.bin
SurfacePro11\SurfaceUpdate\thunderbolt4dockfwupdate\SurfaceThunderbolt4Dock_6_TBT1.payload.bin
SurfacePro11\SurfaceUpdate\thunderbolt4dockfwupdate\SurfaceThunderbolt4Dock_7_DFPPD1.offer.bin
SurfacePro11\SurfaceUpdate\thunderbolt4dockfwupdate\SurfaceThunderbolt4Dock_7_DFPPD1.payload.bin
SurfacePro11\SurfaceUpdate\thunderbolt4dockfwupdate\SurfaceThunderbolt4Dock_7_DFPPD2.offer.bin
SurfacePro11\SurfaceUpdate\thunderbolt4dockfwupdate\SurfaceThunderbolt4Dock_7_DFPPD2.payload.bin
SurfacePro11\SurfaceUpdate\tools
SurfacePro11\SurfaceUpdate\tools\DriverSetInstall.exe
SurfacePro11\SurfaceUpdate\tools\manifest.json
SurfacePro11\SurfaceUpdate\touchg6fwupdateextnpackage0c80
SurfacePro11\SurfaceUpdate\touchg6fwupdateextnpackage0c80\SurfaceTouchG6FwUpdateExtnPackage.cat
SurfacePro11\SurfaceUpdate\touchg6fwupdateextnpackage0c80\SurfaceTouchG6FwUpdateExtnPackage0C80.inf
SurfacePro11\SurfaceUpdate\touchg6fwupdateextnpackage0c80\SurfaceTouchG6_FW_MSHW0484.offer.bin
SurfacePro11\SurfaceUpdate\touchg6fwupdateextnpackage0c80\SurfaceTouchG6_FW_MSHW0484.payload.bin
SurfacePro11\SurfaceUpdate\touchg6fwupdateextnpackage0c83
SurfacePro11\SurfaceUpdate\touchg6fwupdateextnpackage0c83\SurfaceTouchG6FwUpdateExtnPackage.cat
SurfacePro11\SurfaceUpdate\touchg6fwupdateextnpackage0c83\SurfaceTouchG6FwUpdateExtnPackage0C83.inf
SurfacePro11\SurfaceUpdate\touchg6fwupdateextnpackage0c83\SurfaceTouchG6_FW_MSHW0485.offer.bin
SurfacePro11\SurfaceUpdate\touchg6fwupdateextnpackage0c83\SurfaceTouchG6_FW_MSHW0485.payload.bin
SurfacePro11\SurfaceUpdate\touchpadg7cfuoverhidextnpackage
SurfacePro11\SurfaceUpdate\touchpadg7cfuoverhidextnpackage\SurfaceTouchpadG7CfuOverHidExtnPackage.cat
SurfacePro11\SurfaceUpdate\touchpadg7cfuoverhidextnpackage\SurfaceTouchpadG7CfuOverHidExtnPackage.inf
SurfacePro11\SurfaceUpdate\touchpadg7cfuoverhidextnpackage\SurfaceTouchpadG7_FW_TargetKIPLsCfu.offer.bin
SurfacePro11\SurfaceUpdate\touchpadg7cfuoverhidextnpackage\SurfaceTouchpadG7_FW_TargetKIPLsCfu.payload.bin
SurfacePro11\SurfaceUpdate\touchpadsettingsextensionpackage
SurfacePro11\SurfaceUpdate\touchpadsettingsextensionpackage\SurfaceTouchpadSettingsExtensionPackage.cat
SurfacePro11\SurfaceUpdate\touchpadsettingsextensionpackage\SurfaceTouchpadSettingsExtensionPackage.inf
SurfacePro11\SurfaceUpdate\touchpenprocessor0c80update
SurfacePro11\SurfaceUpdate\touchpenprocessor0c80update\SurfaceTouchPenProcessor0C80Update.cat
SurfacePro11\SurfaceUpdate\touchpenprocessor0c80update\SurfaceTouchPenProcessor0C80Update.inf
SurfacePro11\SurfaceUpdate\touchpenprocessor0c80update\TouchPenProcessor0C80.dll
SurfacePro11\SurfaceUpdate\touchpenprocessor0c83update
SurfacePro11\SurfaceUpdate\touchpenprocessor0c83update\SurfaceTouchPenProcessor0C83Update.cat
SurfacePro11\SurfaceUpdate\touchpenprocessor0c83update\SurfaceTouchPenProcessor0C83Update.inf
SurfacePro11\SurfaceUpdate\touchpenprocessor0c83update\TouchPenProcessor0C83.dll
SurfacePro11\SurfaceUpdate\typecoverv7fwupdate
SurfacePro11\SurfaceUpdate\typecoverv7fwupdate\SurfaceTypeCoverV7FwUpdate.cat
SurfacePro11\SurfaceUpdate\typecoverv7fwupdate\SurfaceTypeCoverV7FwUpdate.inf
SurfacePro11\SurfaceUpdate\typecoverv7fwupdate\SurfaceTypeCoverV7_FPRA.cfu
SurfacePro11\SurfaceUpdate\typecoverv7fwupdate\SurfaceTypeCoverV7_FPRA.offer.bin
SurfacePro11\SurfaceUpdate\typecoverv7fwupdate\SurfaceTypeCoverV7_FPRB.cfu
SurfacePro11\SurfaceUpdate\typecoverv7fwupdate\SurfaceTypeCoverV7_FPRB.offer.bin
SurfacePro11\SurfaceUpdate\typecoverv7fwupdate\SurfaceTypeCoverV7_KIP2_APP1.cfu
SurfacePro11\SurfaceUpdate\typecoverv7fwupdate\SurfaceTypeCoverV7_KIP2_APP1.offer.bin
SurfacePro11\SurfaceUpdate\typecoverv7fwupdate\SurfaceTypeCoverV7_KIP2_APP2.cfu
SurfacePro11\SurfaceUpdate\typecoverv7fwupdate\SurfaceTypeCoverV7_KIP2_APP2.offer.bin
SurfacePro11\SurfaceUpdate\typecoverv7fwupdate\SurfaceTypeCoverV7_KIP3_APP1.cfu
SurfacePro11\SurfaceUpdate\typecoverv7fwupdate\SurfaceTypeCoverV7_KIP3_APP1.offer.bin
SurfacePro11\SurfaceUpdate\typecoverv7fwupdate\SurfaceTypeCoverV7_KIP3_APP2.cfu
SurfacePro11\SurfaceUpdate\typecoverv7fwupdate\SurfaceTypeCoverV7_KIP3_APP2.offer.bin
SurfacePro11\SurfaceUpdate\typecoverv7fwupdate\SurfaceTypeCoverV7_KIP_APP1.cfu
SurfacePro11\SurfaceUpdate\typecoverv7fwupdate\SurfaceTypeCoverV7_KIP_APP1.offer.bin
SurfacePro11\SurfaceUpdate\typecoverv7fwupdate\SurfaceTypeCoverV7_KIP_APP2.cfu
SurfacePro11\SurfaceUpdate\typecoverv7fwupdate\SurfaceTypeCoverV7_KIP_APP2.offer.bin
SurfacePro11\SurfaceUpdate\typecoverv7fwupdate\SurfaceTypeCoverV7_TP.cfu
SurfacePro11\SurfaceUpdate\typecoverv7fwupdate\SurfaceTypeCoverV7_TP.offer.bin
SurfacePro11\SurfaceUpdate\typecoverv7fwupdate\SurfaceTypeCoverV7_WLC.cfu
SurfacePro11\SurfaceUpdate\typecoverv7fwupdate\SurfaceTypeCoverV7_WLC.offer.bin
SurfacePro11\SurfaceUpdate\typecoverv7fwupdate\SurfaceTypeCoverV7_WLC2.cfu
SurfacePro11\SurfaceUpdate\typecoverv7fwupdate\SurfaceTypeCoverV7_WLC2.offer.bin
SurfacePro11\SurfaceUpdate\ude
SurfacePro11\SurfaceUpdate\ude\qcude.sys
SurfacePro11\SurfaceUpdate\ude\surfaceude.cat
SurfacePro11\SurfaceUpdate\ude\surfaceude.inf
SurfacePro11\SurfaceUpdate\uefi
SurfacePro11\SurfaceUpdate\uefi\Surface_UEFI.cat
SurfacePro11\SurfaceUpdate\uefi\Surface_UEFI.inf
SurfacePro11\SurfaceUpdate\uefi\Surface_UEFI_160.2002.235.bin
SurfacePro11\SurfaceUpdate\uefistpm
SurfacePro11\SurfaceUpdate\uefistpm\Surface_UEFI_STPM.cat
SurfacePro11\SurfaceUpdate\uefistpm\Surface_UEFI_STPM.inf
SurfacePro11\SurfaceUpdate\uefistpm\Surface_UEFI_STPM_160.2002.155.bin
SurfacePro11\SurfaceUpdate\wbfusbdriver
SurfacePro11\SurfaceUpdate\wbfusbdriver\EngineAdapter.dll
SurfacePro11\SurfaceUpdate\wbfusbdriver\SensorAdapter.dll
SurfacePro11\SurfaceUpdate\wbfusbdriver\StorageAdapter.dll
SurfacePro11\SurfaceUpdate\wbfusbdriver\WbfUsbDriver.cat
SurfacePro11\SurfaceUpdate\wbfusbdriver\WbfUsbDriver.dll
SurfacePro11\SurfaceUpdate\wbfusbdriver\WbfUsbDriver.inf

Current Folders:
acpiplatformextension
battery
hidmini
hotplug
integration
panel
penwirelesschargerhotkey
serialhub
service
smfclient
smfdisplayclient
timealarmacpifilter
typecoverv7fprude
ucmucsihidclient
**********************
PowerShell transcript end
End time: 20241018120021
**********************
